Log file open, 04/13/22 12:30:46
LogWindows: Failed to load 'aqProf.dll' (GetLastError=126)
LogWindows: File 'aqProf.dll' does not exist
LogWindows: Failed to load 'VtuneApi.dll' (GetLastError=126)
LogWindows: File 'VtuneApi.dll' does not exist
LogWindows: Failed to load 'VtuneApi32e.dll' (GetLastError=126)
LogWindows: File 'VtuneApi32e.dll' does not exist
LogConsoleResponse: Display: Failed to find resolution value strings in scalability ini. Falling back to default.
LogConsoleResponse: Display: Failed to find resolution value strings in scalability ini. Falling back to default.
LogInit: Display: Running engine for game: BitTheGame
LogPlatformFile: Not using cached read wrapper
LogTaskGraph: Started task graph with 5 named threads and 23 total threads with 3 sets of task threads.
LogStats: Stats thread started at 1.028133
LogICUInternationalization: ICU TimeZone Detection - Raw Offset: -6:00, Platform Override: ''
LogInit: Display: Loading text-based GConfig....
LogPluginManager: Mounting plugin MeshPainting
LogPluginManager: Mounting plugin XGEController
LogPluginManager: Mounting plugin LightPropagationVolume
LogPluginManager: Mounting plugin Paper2D
LogPluginManager: Mounting plugin AISupport
LogPluginManager: Mounting plugin EnvironmentQueryEditor
LogPluginManager: Mounting plugin CameraShakePreviewer
LogPluginManager: Mounting plugin GameplayCameras
LogPluginManager: Mounting plugin LiveLink
LogPluginManager: Mounting plugin OodleData
LogPluginManager: Mounting plugin OodleNetwork
LogPluginManager: Mounting plugin Niagara
LogPluginManager: Mounting plugin DatasmithContent
LogPluginManager: Mounting plugin VariantManagerContent
LogPluginManager: Mounting plugin AssetManagerEditor
LogPluginManager: Mounting plugin DataValidation
LogPluginManager: Mounting plugin CryptoKeys
LogPluginManager: Mounting plugin CurveEditorTools
LogPluginManager: Mounting plugin FacialAnimation
LogPluginManager: Mounting plugin GameplayTagsEditor
LogPluginManager: Mounting plugin GeometryMode
LogPluginManager: Mounting plugin MacGraphicsSwitching
LogPluginManager: Mounting plugin MobileLauncherProfileWizard
LogPluginManager: Mounting plugin MaterialAnalyzer
LogPluginManager: Mounting plugin SpeedTreeImporter
LogPluginManager: Mounting plugin AnimationSharing
LogPluginManager: Mounting plugin PluginBrowser
LogPluginManager: Mounting plugin CLionSourceCodeAccess
LogPluginManager: Mounting plugin CodeLiteSourceCodeAccess
LogPluginManager: Mounting plugin GitSourceControl
LogPluginManager: Mounting plugin NullSourceCodeAccess
LogPluginManager: Mounting plugin PerforceSourceControl
LogPluginManager: Mounting plugin KDevelopSourceCodeAccess
LogPluginManager: Mounting plugin PixWinPlugin
LogPluginManager: Mounting plugin PropertyAccessNode
LogPluginManager: Mounting plugin PlasticSourceControl
LogPluginManager: Mounting plugin RiderSourceCodeAccess
LogPluginManager: Mounting plugin PluginUtils
LogPluginManager: Mounting plugin SubversionSourceControl
LogPluginManager: Mounting plugin UObjectPlugin
LogPluginManager: Mounting plugin TextureFormatOodle
LogPluginManager: Mounting plugin XCodeSourceCodeAccess
LogPluginManager: Mounting plugin VisualStudioSourceCodeAccess
LogPluginManager: Mounting plugin AlembicImporter
LogPluginManager: Mounting plugin VisualStudioCodeSourceCodeAccess
LogPluginManager: Mounting plugin BackChannel
LogPluginManager: Mounting plugin AutomationUtils
LogPluginManager: Mounting plugin ChaosClothEditor
LogPluginManager: Mounting plugin ChaosCloth
LogPluginManager: Mounting plugin ChaosEditor
LogPluginManager: Mounting plugin ChaosSolverPlugin
LogPluginManager: Mounting plugin ChaosNiagara
LogPluginManager: Mounting plugin CharacterAI
LogPluginManager: Mounting plugin GeometryCache
LogPluginManager: Mounting plugin LuminPlatformFeatures
LogPluginManager: Mounting plugin GeometryCollectionPlugin
LogPluginManager: Mounting plugin MagicLeap
LogPluginManager: Mounting plugin MagicLeapLightEstimation
LogPluginManager: Mounting plugin MagicLeapMedia
LogPluginManager: Mounting plugin MagicLeapPassableWorld
LogPluginManager: Mounting plugin MLSDK
LogPluginManager: Mounting plugin GeometryProcessing
LogPluginManager: Mounting plugin OpenImageDenoise
LogPluginManager: Mounting plugin PlanarCut
LogPluginManager: Mounting plugin PlatformCrypto
LogPluginManager: Mounting plugin MotoSynth
LogPluginManager: Mounting plugin ProxyLODPlugin
LogPluginManager: Mounting plugin PythonScriptPlugin
LogPluginManager: Mounting plugin SkeletalReduction
LogPluginManager: Mounting plugin UdpMessaging
LogPluginManager: Mounting plugin TcpMessaging
LogPluginManager: Mounting plugin AndroidMedia
LogPluginManager: Mounting plugin AvfMedia
LogPluginManager: Mounting plugin ImgMedia
LogPluginManager: Mounting plugin MediaCompositing
LogPluginManager: Mounting plugin MediaPlayerEditor
LogPluginManager: Mounting plugin WmfMedia
LogPluginManager: Mounting plugin LauncherChunkInstaller
LogPluginManager: Mounting plugin ActorSequence
LogPluginManager: Mounting plugin WebMMedia
LogPluginManager: Mounting plugin MatineeToLevelSequence
LogPluginManager: Mounting plugin LevelSequenceEditor
LogPluginManager: Mounting plugin TemplateSequence
LogPluginManager: Mounting plugin OnlineSubsystem
LogPluginManager: Mounting plugin OnlineSubsystemNull
LogPluginManager: Mounting plugin OnlineSubsystemUtils
LogPluginManager: Mounting plugin ActorLayerUtilities
LogPluginManager: Mounting plugin AndroidDeviceProfileSelector
LogPluginManager: Mounting plugin AndroidMoviePlayer
LogPluginManager: Mounting plugin AndroidPermission
LogPluginManager: Mounting plugin ApexDestruction
LogPluginManager: Mounting plugin AppleImageUtils
LogPluginManager: Mounting plugin ArchVisCharacter
LogPluginManager: Mounting plugin AudioCapture
LogPluginManager: Mounting plugin AssetTags
LogPluginManager: Mounting plugin AppleMoviePlayer
LogPluginManager: Mounting plugin AudioSynesthesia
LogPluginManager: Mounting plugin CableComponent
LogPluginManager: Mounting plugin ExampleDeviceProfileSelector
LogPluginManager: Mounting plugin EditableMesh
LogPluginManager: Mounting plugin CustomMeshComponent
LogPluginManager: Mounting plugin ChunkDownloader
LogPluginManager: Mounting plugin GoogleCloudMessaging
LogPluginManager: Mounting plugin GooglePAD
LogPluginManager: Mounting plugin ScreenshotTools
LogPluginManager: Mounting plugin Takes
LogPluginManager: Mounting plugin IOSDeviceProfileSelector
LogPluginManager: Mounting plugin LinuxDeviceProfileSelector
LogPluginManager: Mounting plugin LocationServicesBPLibrary
LogPluginManager: Mounting plugin MobilePatchingUtils
LogPluginManager: Mounting plugin OpenXR
LogPluginManager: Mounting plugin OpenXREyeTracker
LogPluginManager: Mounting plugin OpenXRHandTracking
LogPluginManager: Mounting plugin PhysXVehicles
LogPluginManager: Mounting plugin PostSplashScreen
LogPluginManager: Mounting plugin ProceduralMeshComponent
LogPluginManager: Mounting plugin PropertyAccessEditor
LogPluginManager: Mounting plugin RuntimePhysXCooking
LogPluginManager: Mounting plugin SignificanceManager
LogPluginManager: Mounting plugin SoundFields
LogPluginManager: Mounting plugin Synthesis
LogPluginManager: Mounting plugin WebMMoviePlayer
LogPluginManager: Mounting plugin WindowsMoviePlayer
LogPluginManager: Mounting plugin ContentBrowserClassDataSource
LogPluginManager: Mounting plugin ContentBrowserAssetDataSource
LogPluginManager: Mounting plugin ContentBrowserFileDataSource
LogPluginManager: Mounting plugin OnlineSubsystemGooglePlay
LogPluginManager: Mounting plugin OnlineSubsystemIOS
LogPluginManager: Mounting plugin OculusVR
LogPluginManager: Mounting plugin SteamVR
PixWinPlugin: PIX capture plugin failed to initialize! Check that the process is launched from PIX.
LogInit: Using libcurl 7.55.1-DEV
LogInit:  - built for x86_64-pc-win32
LogInit:  - supports SSL with OpenSSL/1.1.1
LogInit:  - supports HTTP deflate (compression) using libz 1.2.8
LogInit:  - other features:
LogInit:      CURL_VERSION_SSL
LogInit:      CURL_VERSION_LIBZ
LogInit:      CURL_VERSION_IPV6
LogInit:      CURL_VERSION_ASYNCHDNS
LogInit:      CURL_VERSION_LARGEFILE
LogInit:      CURL_VERSION_IDN
LogInit:  CurlRequestOptions (configurable via config and command line):
LogInit:  - bVerifyPeer = true  - Libcurl will verify peer certificate
LogInit:  - bUseHttpProxy = false  - Libcurl will NOT use HTTP proxy
LogInit:  - bDontReuseConnections = false  - Libcurl will reuse connections
LogInit:  - MaxHostConnections = 16  - Libcurl will limit the number of connections to a host
LogInit:  - LocalHostAddr = Default
LogInit:  - BufferSize = 65536
LogOnline: OSS: Creating online subsystem instance for: NULL
LogInit: WinSock: version 1.1 (2.2), MaxSocks=32767, MaxUdp=65467
LogOnline: OSS: TryLoadSubsystemAndSetDefault: Loaded subsystem for module [NULL]
LogOculusPluginWrapper: OculusPlugin initialized successfully
LogHMD: Failed initializing OVRPlugin 1.59.0
LogInit: Build: ++UE4+Release-4.27-CL-18319896
LogInit: Engine Version: 4.27.2-18319896+++UE4+Release-4.27
LogInit: Compatible Engine Version: 4.27.0-17155196+++UE4+Release-4.27
LogInit: Net CL: 17155196
LogInit: OS: Windows 10 (Release 2009) (), CPU: 11th Gen Intel(R) Core(TM) i7-1185G7 @ 3.00GHz, GPU: Intel(R) Iris(R) Xe Graphics
LogInit: Compiled (64-bit): Nov 30 2021 07:12:08
LogInit: Compiled with Visual C++: 19.24.28315.00
LogInit: Build Configuration: Development
LogInit: Branch Name: ++UE4+Release-4.27
LogInit: Command Line: 
LogInit: Base Directory: C:/Program Files/Epic Games/UE_4.27/Engine/Binaries/Win64/
LogInit: Allocator: TBB
LogInit: Installed Engine Build: 1
LogDevObjectVersion: Number of dev versions registered: 29
LogDevObjectVersion:   Dev-Blueprints (B0D832E4-1F89-4F0D-ACCF-7EB736FD4AA2): 10
LogDevObjectVersion:   Dev-Build (E1C64328-A22C-4D53-A36C-8E866417BD8C): 0
LogDevObjectVersion:   Dev-Core (375EC13C-06E4-48FB-B500-84F0262A717E): 4
LogDevObjectVersion:   Dev-Editor (E4B068ED-F494-42E9-A231-DA0B2E46BB41): 40
LogDevObjectVersion:   Dev-Framework (CFFC743F-43B0-4480-9391-14DF171D2073): 37
LogDevObjectVersion:   Dev-Mobile (B02B49B5-BB20-44E9-A304-32B752E40360): 3
LogDevObjectVersion:   Dev-Networking (A4E4105C-59A1-49B5-A7C5-40C4547EDFEE): 0
LogDevObjectVersion:   Dev-Online (39C831C9-5AE6-47DC-9A44-9C173E1C8E7C): 0
LogDevObjectVersion:   Dev-Physics (78F01B33-EBEA-4F98-B9B4-84EACCB95AA2): 14
LogDevObjectVersion:   Dev-Platform (6631380F-2D4D-43E0-8009-CF276956A95A): 0
LogDevObjectVersion:   Dev-Rendering (12F88B9F-8875-4AFC-A67C-D90C383ABD29): 45
LogDevObjectVersion:   Dev-Sequencer (7B5AE74C-D270-4C10-A958-57980B212A5A): 13
LogDevObjectVersion:   Dev-VR (D7296918-1DD6-4BDD-9DE2-64A83CC13884): 3
LogDevObjectVersion:   Dev-LoadTimes (C2A15278-BFE7-4AFE-6C17-90FF531DF755): 1
LogDevObjectVersion:   Private-Geometry (6EACA3D4-40EC-4CC1-B786-8BED09428FC5): 3
LogDevObjectVersion:   Dev-AnimPhys (29E575DD-E0A3-4627-9D10-D276232CDCEA): 17
LogDevObjectVersion:   Dev-Anim (AF43A65D-7FD3-4947-9873-3E8ED9C1BB05): 15
LogDevObjectVersion:   Dev-ReflectionCapture (6B266CEC-1EC7-4B8F-A30B-E4D90942FC07): 1
LogDevObjectVersion:   Dev-Automation (0DF73D61-A23F-47EA-B727-89E90C41499A): 1
LogDevObjectVersion:   FortniteMain (601D1886-AC64-4F84-AA16-D3DE0DEAC7D6): 47
LogDevObjectVersion:   FortniteRelease (E7086368-6B23-4C58-8439-1B7016265E91): 1
LogDevObjectVersion:   Dev-Enterprise (9DFFBCD6-494F-0158-E221-12823C92A888): 10
LogDevObjectVersion:   Dev-Niagara (F2AED0AC-9AFE-416F-8664-AA7FFA26D6FC): 1
LogDevObjectVersion:   Dev-Destruction (174F1F0B-B4C6-45A5-B13F-2EE8D0FB917D): 10
LogDevObjectVersion:   Dev-Physics-Ext (35F94A83-E258-406C-A318-09F59610247C): 41
LogDevObjectVersion:   Dev-PhysicsMaterial-Chaos (B68FC16E-8B1B-42E2-B453-215C058844FE): 1
LogDevObjectVersion:   Dev-CineCamera (B2E18506-4273-CFC2-A54E-F4BB758BBA07): 1
LogDevObjectVersion:   Dev-VirtualProduction (64F58936-FD1B-42BA-BA96-7289D5D0FA4E): 1
LogDevObjectVersion:   Dev-MediaFramework (6F0ED827-A609-4895-9C91-998D90180EA4): 2
LogInit: Presizing for max 25165824 objects, including 0 objects not considered by GC, pre-allocating 0 bytes for permanent pool.
LogConfig: Applying CVar settings from Section [/Script/Engine.StreamingSettings] File [C:/Users/smoor/Documents/CS/CS498GD/FinalProject/bit-by-bit/BitTheGame/Saved/Config/Windows/Engine.ini]
LogConfig: Setting CVar [[s.MinBulkDataSizeForAsyncLoading:131072]]
LogConfig: Setting CVar [[s.AsyncLoadingThreadEnabled:0]]
LogConfig: Setting CVar [[s.EventDrivenLoaderEnabled:1]]
LogConfig: Setting CVar [[s.WarnIfTimeLimitExceeded:0]]
LogConfig: Setting CVar [[s.TimeLimitExceededMultiplier:1.5]]
LogConfig: Setting CVar [[s.TimeLimitExceededMinTime:0.005]]
LogConfig: Setting CVar [[s.UseBackgroundLevelStreaming:1]]
LogConfig: Setting CVar [[s.PriorityAsyncLoadingExtraTime:15.0]]
LogConfig: Setting CVar [[s.LevelStreamingActorsUpdateTimeLimit:5.0]]
LogConfig: Setting CVar [[s.PriorityLevelStreamingActorsUpdateExtraTime:5.0]]
LogConfig: Setting CVar [[s.LevelStreamingComponentsRegistrationGranularity:10]]
LogConfig: Setting CVar [[s.UnregisterComponentsTimeLimit:1.0]]
LogConfig: Setting CVar [[s.LevelStreamingComponentsUnregistrationGranularity:5]]
LogConfig: Setting CVar [[s.FlushStreamingOnExit:1]]
LogInit: Object subsystem initialized
LogConfig: Setting CVar [[con.DebugEarlyDefault:1]]
LogConfig: Setting CVar [[r.setres:1280x720]]
[2022.04.13-17.30.47:733][  0]LogConfig: Setting CVar [[r.VSync:0]]
[2022.04.13-17.30.47:733][  0]LogConfig: Setting CVar [[r.RHICmdBypass:0]]
[2022.04.13-17.30.47:733][  0]LogConfig: Applying CVar settings from Section [/Script/Engine.RendererSettings] File [C:/Users/smoor/Documents/CS/CS498GD/FinalProject/bit-by-bit/BitTheGame/Saved/Config/Windows/Engine.ini]
[2022.04.13-17.30.47:733][  0]LogConfig: Setting CVar [[r.GPUCrashDebugging:0]]
[2022.04.13-17.30.47:733][  0]LogConfig: Applying CVar settings from Section [/Script/Engine.RendererOverrideSettings] File [C:/Users/smoor/Documents/CS/CS498GD/FinalProject/bit-by-bit/BitTheGame/Saved/Config/Windows/Engine.ini]
[2022.04.13-17.30.47:733][  0]LogConfig: Applying CVar settings from Section [/Script/Engine.StreamingSettings] File [C:/Users/smoor/Documents/CS/CS498GD/FinalProject/bit-by-bit/BitTheGame/Saved/Config/Windows/Engine.ini]
[2022.04.13-17.30.47:733][  0]LogConfig: Setting CVar [[s.MinBulkDataSizeForAsyncLoading:131072]]
[2022.04.13-17.30.47:733][  0]LogConfig: Setting CVar [[s.AsyncLoadingThreadEnabled:0]]
[2022.04.13-17.30.47:733][  0]LogConfig: Setting CVar [[s.EventDrivenLoaderEnabled:1]]
[2022.04.13-17.30.47:733][  0]LogConfig: Setting CVar [[s.WarnIfTimeLimitExceeded:0]]
[2022.04.13-17.30.47:733][  0]LogConfig: Setting CVar [[s.TimeLimitExceededMultiplier:1.5]]
[2022.04.13-17.30.47:733][  0]LogConfig: Setting CVar [[s.TimeLimitExceededMinTime:0.005]]
[2022.04.13-17.30.47:733][  0]LogConfig: Setting CVar [[s.UseBackgroundLevelStreaming:1]]
[2022.04.13-17.30.47:733][  0]LogConfig: Setting CVar [[s.PriorityAsyncLoadingExtraTime:15.0]]
[2022.04.13-17.30.47:733][  0]LogConfig: Setting CVar [[s.LevelStreamingActorsUpdateTimeLimit:5.0]]
[2022.04.13-17.30.47:733][  0]LogConfig: Setting CVar [[s.PriorityLevelStreamingActorsUpdateExtraTime:5.0]]
[2022.04.13-17.30.47:733][  0]LogConfig: Setting CVar [[s.LevelStreamingComponentsRegistrationGranularity:10]]
[2022.04.13-17.30.47:733][  0]LogConfig: Setting CVar [[s.UnregisterComponentsTimeLimit:1.0]]
[2022.04.13-17.30.47:733][  0]LogConfig: Setting CVar [[s.LevelStreamingComponentsUnregistrationGranularity:5]]
[2022.04.13-17.30.47:733][  0]LogConfig: Setting CVar [[s.FlushStreamingOnExit:1]]
[2022.04.13-17.30.47:733][  0]LogConfig: Applying CVar settings from Section [/Script/Engine.GarbageCollectionSettings] File [C:/Users/smoor/Documents/CS/CS498GD/FinalProject/bit-by-bit/BitTheGame/Saved/Config/Windows/Engine.ini]
[2022.04.13-17.30.47:733][  0]LogConfig: Setting CVar [[gc.MaxObjectsNotConsideredByGC:1]]
[2022.04.13-17.30.47:733][  0]LogConfig: Setting CVar [[gc.SizeOfPermanentObjectPool:0]]
[2022.04.13-17.30.47:733][  0]LogConfig: Setting CVar [[gc.FlushStreamingOnGC:0]]
[2022.04.13-17.30.47:733][  0]LogConfig: Setting CVar [[gc.NumRetriesBeforeForcingGC:10]]
[2022.04.13-17.30.47:733][  0]LogConfig: Setting CVar [[gc.AllowParallelGC:1]]
[2022.04.13-17.30.47:733][  0]LogConfig: Setting CVar [[gc.TimeBetweenPurgingPendingKillObjects:61.1]]
[2022.04.13-17.30.47:733][  0]LogConfig: Setting CVar [[gc.MaxObjectsInEditor:25165824]]
[2022.04.13-17.30.47:733][  0]LogConfig: Setting CVar [[gc.IncrementalBeginDestroyEnabled:1]]
[2022.04.13-17.30.47:733][  0]LogConfig: Setting CVar [[gc.CreateGCClusters:1]]
[2022.04.13-17.30.47:733][  0]LogConfig: Setting CVar [[gc.MinGCClusterSize:5]]
[2022.04.13-17.30.47:733][  0]LogConfig: Setting CVar [[gc.ActorClusteringEnabled:0]]
[2022.04.13-17.30.47:734][  0]LogConfig: Setting CVar [[gc.BlueprintClusteringEnabled:0]]
[2022.04.13-17.30.47:734][  0]LogConfig: Setting CVar [[gc.UseDisregardForGCOnDedicatedServers:0]]
[2022.04.13-17.30.47:734][  0]LogConfig: Setting CVar [[gc.MultithreadedDestructionEnabled:1]]
[2022.04.13-17.30.47:734][  0]LogConfig: Applying CVar settings from Section [/Script/Engine.NetworkSettings] File [C:/Users/smoor/Documents/CS/CS498GD/FinalProject/bit-by-bit/BitTheGame/Saved/Config/Windows/Engine.ini]
[2022.04.13-17.30.47:734][  0]LogConfig: Applying CVar settings from Section [/Script/UnrealEd.CookerSettings] File [C:/Users/smoor/Documents/CS/CS498GD/FinalProject/bit-by-bit/BitTheGame/Saved/Config/Windows/Engine.ini]
[2022.04.13-17.30.47:756][  0]LogConfig: Applying CVar settings from Section [ViewDistanceQuality@3] File [C:/Users/smoor/Documents/CS/CS498GD/FinalProject/bit-by-bit/BitTheGame/Saved/Config/Windows/Scalability.ini]
[2022.04.13-17.30.47:756][  0]LogConfig: Setting CVar [[r.SkeletalMeshLODBias:0]]
[2022.04.13-17.30.47:756][  0]LogConfig: Setting CVar [[r.ViewDistanceScale:1.0]]
[2022.04.13-17.30.47:756][  0]LogConfig: Applying CVar settings from Section [AntiAliasingQuality@3] File [C:/Users/smoor/Documents/CS/CS498GD/FinalProject/bit-by-bit/BitTheGame/Saved/Config/Windows/Scalability.ini]
[2022.04.13-17.30.47:756][  0]LogConfig: Setting CVar [[r.PostProcessAAQuality:4]]
[2022.04.13-17.30.47:756][  0]LogConfig: Applying CVar settings from Section [ShadowQuality@3] File [C:/Users/smoor/Documents/CS/CS498GD/FinalProject/bit-by-bit/BitTheGame/Saved/Config/Windows/Scalability.ini]
[2022.04.13-17.30.47:756][  0]LogConfig: Setting CVar [[r.LightFunctionQuality:1]]
[2022.04.13-17.30.47:756][  0]LogConfig: Setting CVar [[r.ShadowQuality:5]]
[2022.04.13-17.30.47:756][  0]LogConfig: Setting CVar [[r.Shadow.CSM.MaxCascades:10]]
[2022.04.13-17.30.47:756][  0]LogConfig: Setting CVar [[r.Shadow.MaxResolution:2048]]
[2022.04.13-17.30.47:756][  0]LogConfig: Setting CVar [[r.Shadow.MaxCSMResolution:2048]]
[2022.04.13-17.30.47:756][  0]LogConfig: Setting CVar [[r.Shadow.RadiusThreshold:0.01]]
[2022.04.13-17.30.47:756][  0]LogConfig: Setting CVar [[r.Shadow.DistanceScale:1.0]]
[2022.04.13-17.30.47:756][  0]LogConfig: Setting CVar [[r.Shadow.CSM.TransitionScale:1.0]]
[2022.04.13-17.30.47:756][  0]LogConfig: Setting CVar [[r.Shadow.PreShadowResolutionFactor:1.0]]
[2022.04.13-17.30.47:756][  0]LogConfig: Setting CVar [[r.DistanceFieldShadowing:1]]
[2022.04.13-17.30.47:756][  0]LogConfig: Setting CVar [[r.DistanceFieldAO:1]]
[2022.04.13-17.30.47:756][  0]LogConfig: Setting CVar [[r.AOQuality:2]]
[2022.04.13-17.30.47:756][  0]LogConfig: Setting CVar [[r.VolumetricFog:1]]
[2022.04.13-17.30.47:756][  0]LogConfig: Setting CVar [[r.VolumetricFog.GridPixelSize:8]]
[2022.04.13-17.30.47:756][  0]LogConfig: Setting CVar [[r.VolumetricFog.GridSizeZ:128]]
[2022.04.13-17.30.47:756][  0]LogConfig: Setting CVar [[r.VolumetricFog.HistoryMissSupersampleCount:4]]
[2022.04.13-17.30.47:756][  0]LogConfig: Setting CVar [[r.LightMaxDrawDistanceScale:1]]
[2022.04.13-17.30.47:756][  0]LogConfig: Setting CVar [[r.CapsuleShadows:1]]
[2022.04.13-17.30.47:756][  0]LogConfig: Applying CVar settings from Section [PostProcessQuality@3] File [C:/Users/smoor/Documents/CS/CS498GD/FinalProject/bit-by-bit/BitTheGame/Saved/Config/Windows/Scalability.ini]
[2022.04.13-17.30.47:756][  0]LogConfig: Setting CVar [[r.MotionBlurQuality:4]]
[2022.04.13-17.30.47:756][  0]LogConfig: Setting CVar [[r.AmbientOcclusionMipLevelFactor:0.4]]
[2022.04.13-17.30.47:756][  0]LogConfig: Setting CVar [[r.AmbientOcclusionMaxQuality:100]]
[2022.04.13-17.30.47:756][  0]LogConfig: Setting CVar [[r.AmbientOcclusionLevels:-1]]
[2022.04.13-17.30.47:756][  0]LogConfig: Setting CVar [[r.AmbientOcclusionRadiusScale:1.0]]
[2022.04.13-17.30.47:756][  0]LogConfig: Setting CVar [[r.DepthOfFieldQuality:2]]
[2022.04.13-17.30.47:756][  0]LogConfig: Setting CVar [[r.RenderTargetPoolMin:400]]
[2022.04.13-17.30.47:756][  0]LogConfig: Setting CVar [[r.LensFlareQuality:2]]
[2022.04.13-17.30.47:756][  0]LogConfig: Setting CVar [[r.SceneColorFringeQuality:1]]
[2022.04.13-17.30.47:756][  0]LogConfig: Setting CVar [[r.EyeAdaptationQuality:2]]
[2022.04.13-17.30.47:756][  0]LogConfig: Setting CVar [[r.BloomQuality:5]]
[2022.04.13-17.30.47:756][  0]LogConfig: Setting CVar [[r.FastBlurThreshold:100]]
[2022.04.13-17.30.47:756][  0]LogConfig: Setting CVar [[r.Upscale.Quality:3]]
[2022.04.13-17.30.47:756][  0]LogConfig: Setting CVar [[r.Tonemapper.GrainQuantization:1]]
[2022.04.13-17.30.47:756][  0]LogConfig: Setting CVar [[r.LightShaftQuality:1]]
[2022.04.13-17.30.47:756][  0]LogConfig: Setting CVar [[r.Filter.SizeScale:1]]
[2022.04.13-17.30.47:756][  0]LogConfig: Setting CVar [[r.Tonemapper.Quality:5]]
[2022.04.13-17.30.47:756][  0]LogConfig: Setting CVar [[r.DOF.Gather.AccumulatorQuality:1        ; higher gathering accumulator quality]]
[2022.04.13-17.30.47:756][  0]LogConfig: Setting CVar [[r.DOF.Gather.PostfilterMethod:1          ; Median3x3 postfilering method]]
[2022.04.13-17.30.47:756][  0]LogConfig: Setting CVar [[r.DOF.Gather.EnableBokehSettings:0       ; no bokeh simulation when gathering]]
[2022.04.13-17.30.47:756][  0]LogConfig: Setting CVar [[r.DOF.Gather.RingCount:4                 ; medium number of samples when gathering]]
[2022.04.13-17.30.47:756][  0]LogConfig: Setting CVar [[r.DOF.Scatter.ForegroundCompositing:1    ; additive foreground scattering]]
[2022.04.13-17.30.47:756][  0]LogConfig: Setting CVar [[r.DOF.Scatter.BackgroundCompositing:2    ; additive background scattering]]
[2022.04.13-17.30.47:756][  0]LogConfig: Setting CVar [[r.DOF.Scatter.EnableBokehSettings:1      ; bokeh simulation when scattering]]
[2022.04.13-17.30.47:756][  0]LogConfig: Setting CVar [[r.DOF.Scatter.MaxSpriteRatio:0.1         ; only a maximum of 10% of scattered bokeh]]
[2022.04.13-17.30.47:756][  0]LogConfig: Setting CVar [[r.DOF.Recombine.Quality:1                ; cheap slight out of focus]]
[2022.04.13-17.30.47:756][  0]LogConfig: Setting CVar [[r.DOF.Recombine.EnableBokehSettings:0    ; no bokeh simulation on slight out of focus]]
[2022.04.13-17.30.47:756][  0]LogConfig: Setting CVar [[r.DOF.TemporalAAQuality:1                ; more stable temporal accumulation]]
[2022.04.13-17.30.47:756][  0]LogConfig: Setting CVar [[r.DOF.Kernel.MaxForegroundRadius:0.025]]
[2022.04.13-17.30.47:756][  0]LogConfig: Setting CVar [[r.DOF.Kernel.MaxBackgroundRadius:0.025]]
[2022.04.13-17.30.47:756][  0]LogConfig: Applying CVar settings from Section [TextureQuality@3] File [C:/Users/smoor/Documents/CS/CS498GD/FinalProject/bit-by-bit/BitTheGame/Saved/Config/Windows/Scalability.ini]
[2022.04.13-17.30.47:756][  0]LogConfig: Setting CVar [[r.Streaming.MipBias:0]]
[2022.04.13-17.30.47:756][  0]LogConfig: Setting CVar [[r.Streaming.AmortizeCPUToGPUCopy:0]]
[2022.04.13-17.30.47:756][  0]LogConfig: Setting CVar [[r.Streaming.MaxNumTexturesToStreamPerFrame:0]]
[2022.04.13-17.30.47:756][  0]LogConfig: Setting CVar [[r.Streaming.Boost:1]]
[2022.04.13-17.30.47:756][  0]LogConfig: Setting CVar [[r.MaxAnisotropy:8]]
[2022.04.13-17.30.47:756][  0]LogConfig: Setting CVar [[r.VT.MaxAnisotropy:8]]
[2022.04.13-17.30.47:756][  0]LogConfig: Setting CVar [[r.Streaming.LimitPoolSizeToVRAM:0]]
[2022.04.13-17.30.47:756][  0]LogConfig: Setting CVar [[r.Streaming.PoolSize:1000]]
[2022.04.13-17.30.47:756][  0]LogConfig: Setting CVar [[r.Streaming.MaxEffectiveScreenSize:0]]
[2022.04.13-17.30.47:756][  0]LogConfig: Applying CVar settings from Section [EffectsQuality@3] File [C:/Users/smoor/Documents/CS/CS498GD/FinalProject/bit-by-bit/BitTheGame/Saved/Config/Windows/Scalability.ini]
[2022.04.13-17.30.47:756][  0]LogConfig: Setting CVar [[r.TranslucencyLightingVolumeDim:64]]
[2022.04.13-17.30.47:756][  0]LogConfig: Setting CVar [[r.RefractionQuality:2]]
[2022.04.13-17.30.47:756][  0]LogConfig: Setting CVar [[r.SSR.Quality:3]]
[2022.04.13-17.30.47:756][  0]LogConfig: Setting CVar [[r.SSR.HalfResSceneColor:0]]
[2022.04.13-17.30.47:756][  0]LogConfig: Setting CVar [[r.SceneColorFormat:4]]
[2022.04.13-17.30.47:756][  0]LogConfig: Setting CVar [[r.DetailMode:2]]
[2022.04.13-17.30.47:756][  0]LogConfig: Setting CVar [[r.TranslucencyVolumeBlur:1]]
[2022.04.13-17.30.47:756][  0]LogConfig: Setting CVar [[r.MaterialQualityLevel:1 ; High quality]]
[2022.04.13-17.30.47:756][  0]LogConfig: Setting CVar [[r.AnisotropicMaterials:1]]
[2022.04.13-17.30.47:756][  0]LogConfig: Setting CVar [[r.SSS.Scale:1]]
[2022.04.13-17.30.47:756][  0]LogConfig: Setting CVar [[r.SSS.SampleSet:2]]
[2022.04.13-17.30.47:756][  0]LogConfig: Setting CVar [[r.SSS.Quality:1]]
[2022.04.13-17.30.47:756][  0]LogConfig: Setting CVar [[r.SSS.HalfRes:0]]
[2022.04.13-17.30.47:756][  0]LogConfig: Setting CVar [[r.SSGI.Quality:3]]
[2022.04.13-17.30.47:756][  0]LogConfig: Setting CVar [[r.EmitterSpawnRateScale:1.0]]
[2022.04.13-17.30.47:756][  0]LogConfig: Setting CVar [[r.ParticleLightQuality:2]]
[2022.04.13-17.30.47:756][  0]LogConfig: Setting CVar [[r.SkyAtmosphere.AerialPerspectiveLUT.FastApplyOnOpaque:1 ; Always have FastSkyLUT 1 in this case to avoid wrong sky]]
[2022.04.13-17.30.47:756][  0]LogConfig: Setting CVar [[r.SkyAtmosphere.AerialPerspectiveLUT.SampleCountMaxPerSlice:4]]
[2022.04.13-17.30.47:756][  0]LogConfig: Setting CVar [[r.SkyAtmosphere.AerialPerspectiveLUT.DepthResolution:16.0]]
[2022.04.13-17.30.47:756][  0]LogConfig: Setting CVar [[r.SkyAtmosphere.FastSkyLUT:1]]
[2022.04.13-17.30.47:756][  0]LogConfig: Setting CVar [[r.SkyAtmosphere.FastSkyLUT.SampleCountMin:4.0]]
[2022.04.13-17.30.47:756][  0]LogConfig: Setting CVar [[r.SkyAtmosphere.FastSkyLUT.SampleCountMax:128.0]]
[2022.04.13-17.30.47:756][  0]LogConfig: Setting CVar [[r.SkyAtmosphere.SampleCountMin:4.0]]
[2022.04.13-17.30.47:756][  0]LogConfig: Setting CVar [[r.SkyAtmosphere.SampleCountMax:128.0]]
[2022.04.13-17.30.47:756][  0]LogConfig: Setting CVar [[r.SkyAtmosphere.TransmittanceLUT.UseSmallFormat:0]]
[2022.04.13-17.30.47:756][  0]LogConfig: Setting CVar [[r.SkyAtmosphere.TransmittanceLUT.SampleCount:10.0]]
[2022.04.13-17.30.47:756][  0]LogConfig: Setting CVar [[r.SkyAtmosphere.MultiScatteringLUT.SampleCount:15.0]]
[2022.04.13-17.30.47:756][  0]LogConfig: Setting CVar [[r.SkyLight.RealTimeReflectionCapture:1]]
[2022.04.13-17.30.47:756][  0]LogConfig: Applying CVar settings from Section [FoliageQuality@3] File [C:/Users/smoor/Documents/CS/CS498GD/FinalProject/bit-by-bit/BitTheGame/Saved/Config/Windows/Scalability.ini]
[2022.04.13-17.30.47:756][  0]LogConfig: Setting CVar [[foliage.DensityScale:1.0]]
[2022.04.13-17.30.47:756][  0]LogConfig: Setting CVar [[grass.DensityScale:1.0]]
[2022.04.13-17.30.47:756][  0]LogConfig: Applying CVar settings from Section [ShadingQuality@3] File [C:/Users/smoor/Documents/CS/CS498GD/FinalProject/bit-by-bit/BitTheGame/Saved/Config/Windows/Scalability.ini]
[2022.04.13-17.30.47:756][  0]LogConfig: Setting CVar [[r.HairStrands.SkyLighting.IntegrationType:2]]
[2022.04.13-17.30.47:756][  0]LogConfig: Setting CVar [[r.HairStrands.SkyAO.SampleCount:4]]
[2022.04.13-17.30.47:756][  0]LogConfig: Setting CVar [[r.HairStrands.Visibility.MSAA.SamplePerPixel:4]]
[2022.04.13-17.30.47:757][  0]LogInit: Selected Device Profile: [Windows]
[2022.04.13-17.30.47:758][  0]LogInit: Applying CVar settings loaded from the selected device profile: [Windows]
[2022.04.13-17.30.47:759][  0]LogHAL: Display: Platform has ~ 16 GB [16872415232 / 17179869184 / 16], which maps to Larger [LargestMinGB=32, LargerMinGB=12, DefaultMinGB=8, SmallerMinGB=6, SmallestMinGB=0)
[2022.04.13-17.30.47:759][  0]LogInit: Going up to parent DeviceProfile []
[2022.04.13-17.30.47:759][  0]LogConfig: Applying CVar settings from Section [ViewDistanceQuality@3] File [C:/Users/smoor/Documents/CS/CS498GD/FinalProject/bit-by-bit/BitTheGame/Saved/Config/Windows/Scalability.ini]
[2022.04.13-17.30.47:759][  0]LogConfig: Setting CVar [[r.SkeletalMeshLODBias:0]]
[2022.04.13-17.30.47:759][  0]LogConfig: Setting CVar [[r.ViewDistanceScale:1.0]]
[2022.04.13-17.30.47:759][  0]LogConfig: Applying CVar settings from Section [AntiAliasingQuality@3] File [C:/Users/smoor/Documents/CS/CS498GD/FinalProject/bit-by-bit/BitTheGame/Saved/Config/Windows/Scalability.ini]
[2022.04.13-17.30.47:759][  0]LogConfig: Setting CVar [[r.PostProcessAAQuality:4]]
[2022.04.13-17.30.47:759][  0]LogConfig: Applying CVar settings from Section [ShadowQuality@3] File [C:/Users/smoor/Documents/CS/CS498GD/FinalProject/bit-by-bit/BitTheGame/Saved/Config/Windows/Scalability.ini]
[2022.04.13-17.30.47:759][  0]LogConfig: Setting CVar [[r.LightFunctionQuality:1]]
[2022.04.13-17.30.47:759][  0]LogConfig: Setting CVar [[r.ShadowQuality:5]]
[2022.04.13-17.30.47:759][  0]LogConfig: Setting CVar [[r.Shadow.CSM.MaxCascades:10]]
[2022.04.13-17.30.47:759][  0]LogConfig: Setting CVar [[r.Shadow.MaxResolution:2048]]
[2022.04.13-17.30.47:759][  0]LogConfig: Setting CVar [[r.Shadow.MaxCSMResolution:2048]]
[2022.04.13-17.30.47:759][  0]LogConfig: Setting CVar [[r.Shadow.RadiusThreshold:0.01]]
[2022.04.13-17.30.47:759][  0]LogConfig: Setting CVar [[r.Shadow.DistanceScale:1.0]]
[2022.04.13-17.30.47:759][  0]LogConfig: Setting CVar [[r.Shadow.CSM.TransitionScale:1.0]]
[2022.04.13-17.30.47:759][  0]LogConfig: Setting CVar [[r.Shadow.PreShadowResolutionFactor:1.0]]
[2022.04.13-17.30.47:759][  0]LogConfig: Setting CVar [[r.DistanceFieldShadowing:1]]
[2022.04.13-17.30.47:759][  0]LogConfig: Setting CVar [[r.DistanceFieldAO:1]]
[2022.04.13-17.30.47:759][  0]LogConfig: Setting CVar [[r.AOQuality:2]]
[2022.04.13-17.30.47:759][  0]LogConfig: Setting CVar [[r.VolumetricFog:1]]
[2022.04.13-17.30.47:759][  0]LogConfig: Setting CVar [[r.VolumetricFog.GridPixelSize:8]]
[2022.04.13-17.30.47:759][  0]LogConfig: Setting CVar [[r.VolumetricFog.GridSizeZ:128]]
[2022.04.13-17.30.47:759][  0]LogConfig: Setting CVar [[r.VolumetricFog.HistoryMissSupersampleCount:4]]
[2022.04.13-17.30.47:759][  0]LogConfig: Setting CVar [[r.LightMaxDrawDistanceScale:1]]
[2022.04.13-17.30.47:759][  0]LogConfig: Setting CVar [[r.CapsuleShadows:1]]
[2022.04.13-17.30.47:759][  0]LogConfig: Applying CVar settings from Section [PostProcessQuality@3] File [C:/Users/smoor/Documents/CS/CS498GD/FinalProject/bit-by-bit/BitTheGame/Saved/Config/Windows/Scalability.ini]
[2022.04.13-17.30.47:759][  0]LogConfig: Setting CVar [[r.MotionBlurQuality:4]]
[2022.04.13-17.30.47:759][  0]LogConfig: Setting CVar [[r.AmbientOcclusionMipLevelFactor:0.4]]
[2022.04.13-17.30.47:759][  0]LogConfig: Setting CVar [[r.AmbientOcclusionMaxQuality:100]]
[2022.04.13-17.30.47:759][  0]LogConfig: Setting CVar [[r.AmbientOcclusionLevels:-1]]
[2022.04.13-17.30.47:759][  0]LogConfig: Setting CVar [[r.AmbientOcclusionRadiusScale:1.0]]
[2022.04.13-17.30.47:759][  0]LogConfig: Setting CVar [[r.DepthOfFieldQuality:2]]
[2022.04.13-17.30.47:759][  0]LogConfig: Setting CVar [[r.RenderTargetPoolMin:400]]
[2022.04.13-17.30.47:759][  0]LogConfig: Setting CVar [[r.LensFlareQuality:2]]
[2022.04.13-17.30.47:759][  0]LogConfig: Setting CVar [[r.SceneColorFringeQuality:1]]
[2022.04.13-17.30.47:759][  0]LogConfig: Setting CVar [[r.EyeAdaptationQuality:2]]
[2022.04.13-17.30.47:759][  0]LogConfig: Setting CVar [[r.BloomQuality:5]]
[2022.04.13-17.30.47:759][  0]LogConfig: Setting CVar [[r.FastBlurThreshold:100]]
[2022.04.13-17.30.47:759][  0]LogConfig: Setting CVar [[r.Upscale.Quality:3]]
[2022.04.13-17.30.47:759][  0]LogConfig: Setting CVar [[r.Tonemapper.GrainQuantization:1]]
[2022.04.13-17.30.47:759][  0]LogConfig: Setting CVar [[r.LightShaftQuality:1]]
[2022.04.13-17.30.47:759][  0]LogConfig: Setting CVar [[r.Filter.SizeScale:1]]
[2022.04.13-17.30.47:759][  0]LogConfig: Setting CVar [[r.Tonemapper.Quality:5]]
[2022.04.13-17.30.47:759][  0]LogConfig: Setting CVar [[r.DOF.Gather.AccumulatorQuality:1        ; higher gathering accumulator quality]]
[2022.04.13-17.30.47:759][  0]LogConfig: Setting CVar [[r.DOF.Gather.PostfilterMethod:1          ; Median3x3 postfilering method]]
[2022.04.13-17.30.47:759][  0]LogConfig: Setting CVar [[r.DOF.Gather.EnableBokehSettings:0       ; no bokeh simulation when gathering]]
[2022.04.13-17.30.47:759][  0]LogConfig: Setting CVar [[r.DOF.Gather.RingCount:4                 ; medium number of samples when gathering]]
[2022.04.13-17.30.47:759][  0]LogConfig: Setting CVar [[r.DOF.Scatter.ForegroundCompositing:1    ; additive foreground scattering]]
[2022.04.13-17.30.47:759][  0]LogConfig: Setting CVar [[r.DOF.Scatter.BackgroundCompositing:2    ; additive background scattering]]
[2022.04.13-17.30.47:759][  0]LogConfig: Setting CVar [[r.DOF.Scatter.EnableBokehSettings:1      ; bokeh simulation when scattering]]
[2022.04.13-17.30.47:759][  0]LogConfig: Setting CVar [[r.DOF.Scatter.MaxSpriteRatio:0.1         ; only a maximum of 10% of scattered bokeh]]
[2022.04.13-17.30.47:759][  0]LogConfig: Setting CVar [[r.DOF.Recombine.Quality:1                ; cheap slight out of focus]]
[2022.04.13-17.30.47:759][  0]LogConfig: Setting CVar [[r.DOF.Recombine.EnableBokehSettings:0    ; no bokeh simulation on slight out of focus]]
[2022.04.13-17.30.47:759][  0]LogConfig: Setting CVar [[r.DOF.TemporalAAQuality:1                ; more stable temporal accumulation]]
[2022.04.13-17.30.47:759][  0]LogConfig: Setting CVar [[r.DOF.Kernel.MaxForegroundRadius:0.025]]
[2022.04.13-17.30.47:759][  0]LogConfig: Setting CVar [[r.DOF.Kernel.MaxBackgroundRadius:0.025]]
[2022.04.13-17.30.47:759][  0]LogConfig: Applying CVar settings from Section [TextureQuality@3] File [C:/Users/smoor/Documents/CS/CS498GD/FinalProject/bit-by-bit/BitTheGame/Saved/Config/Windows/Scalability.ini]
[2022.04.13-17.30.47:759][  0]LogConfig: Setting CVar [[r.Streaming.MipBias:0]]
[2022.04.13-17.30.47:759][  0]LogConfig: Setting CVar [[r.Streaming.AmortizeCPUToGPUCopy:0]]
[2022.04.13-17.30.47:759][  0]LogConfig: Setting CVar [[r.Streaming.MaxNumTexturesToStreamPerFrame:0]]
[2022.04.13-17.30.47:759][  0]LogConfig: Setting CVar [[r.Streaming.Boost:1]]
[2022.04.13-17.30.47:759][  0]LogConfig: Setting CVar [[r.MaxAnisotropy:8]]
[2022.04.13-17.30.47:759][  0]LogConfig: Setting CVar [[r.VT.MaxAnisotropy:8]]
[2022.04.13-17.30.47:759][  0]LogConfig: Setting CVar [[r.Streaming.LimitPoolSizeToVRAM:0]]
[2022.04.13-17.30.47:759][  0]LogConfig: Setting CVar [[r.Streaming.PoolSize:1000]]
[2022.04.13-17.30.47:759][  0]LogConfig: Setting CVar [[r.Streaming.MaxEffectiveScreenSize:0]]
[2022.04.13-17.30.47:759][  0]LogConfig: Applying CVar settings from Section [EffectsQuality@3] File [C:/Users/smoor/Documents/CS/CS498GD/FinalProject/bit-by-bit/BitTheGame/Saved/Config/Windows/Scalability.ini]
[2022.04.13-17.30.47:759][  0]LogConfig: Setting CVar [[r.TranslucencyLightingVolumeDim:64]]
[2022.04.13-17.30.47:759][  0]LogConfig: Setting CVar [[r.RefractionQuality:2]]
[2022.04.13-17.30.47:759][  0]LogConfig: Setting CVar [[r.SSR.Quality:3]]
[2022.04.13-17.30.47:759][  0]LogConfig: Setting CVar [[r.SSR.HalfResSceneColor:0]]
[2022.04.13-17.30.47:759][  0]LogConfig: Setting CVar [[r.SceneColorFormat:4]]
[2022.04.13-17.30.47:759][  0]LogConfig: Setting CVar [[r.DetailMode:2]]
[2022.04.13-17.30.47:759][  0]LogConfig: Setting CVar [[r.TranslucencyVolumeBlur:1]]
[2022.04.13-17.30.47:759][  0]LogConfig: Setting CVar [[r.MaterialQualityLevel:1 ; High quality]]
[2022.04.13-17.30.47:759][  0]LogConfig: Setting CVar [[r.AnisotropicMaterials:1]]
[2022.04.13-17.30.47:759][  0]LogConfig: Setting CVar [[r.SSS.Scale:1]]
[2022.04.13-17.30.47:759][  0]LogConfig: Setting CVar [[r.SSS.SampleSet:2]]
[2022.04.13-17.30.47:759][  0]LogConfig: Setting CVar [[r.SSS.Quality:1]]
[2022.04.13-17.30.47:759][  0]LogConfig: Setting CVar [[r.SSS.HalfRes:0]]
[2022.04.13-17.30.47:759][  0]LogConfig: Setting CVar [[r.SSGI.Quality:3]]
[2022.04.13-17.30.47:759][  0]LogConfig: Setting CVar [[r.EmitterSpawnRateScale:1.0]]
[2022.04.13-17.30.47:759][  0]LogConfig: Setting CVar [[r.ParticleLightQuality:2]]
[2022.04.13-17.30.47:759][  0]LogConfig: Setting CVar [[r.SkyAtmosphere.AerialPerspectiveLUT.FastApplyOnOpaque:1 ; Always have FastSkyLUT 1 in this case to avoid wrong sky]]
[2022.04.13-17.30.47:759][  0]LogConfig: Setting CVar [[r.SkyAtmosphere.AerialPerspectiveLUT.SampleCountMaxPerSlice:4]]
[2022.04.13-17.30.47:759][  0]LogConfig: Setting CVar [[r.SkyAtmosphere.AerialPerspectiveLUT.DepthResolution:16.0]]
[2022.04.13-17.30.47:759][  0]LogConfig: Setting CVar [[r.SkyAtmosphere.FastSkyLUT:1]]
[2022.04.13-17.30.47:759][  0]LogConfig: Setting CVar [[r.SkyAtmosphere.FastSkyLUT.SampleCountMin:4.0]]
[2022.04.13-17.30.47:759][  0]LogConfig: Setting CVar [[r.SkyAtmosphere.FastSkyLUT.SampleCountMax:128.0]]
[2022.04.13-17.30.47:759][  0]LogConfig: Setting CVar [[r.SkyAtmosphere.SampleCountMin:4.0]]
[2022.04.13-17.30.47:759][  0]LogConfig: Setting CVar [[r.SkyAtmosphere.SampleCountMax:128.0]]
[2022.04.13-17.30.47:759][  0]LogConfig: Setting CVar [[r.SkyAtmosphere.TransmittanceLUT.UseSmallFormat:0]]
[2022.04.13-17.30.47:759][  0]LogConfig: Setting CVar [[r.SkyAtmosphere.TransmittanceLUT.SampleCount:10.0]]
[2022.04.13-17.30.47:759][  0]LogConfig: Setting CVar [[r.SkyAtmosphere.MultiScatteringLUT.SampleCount:15.0]]
[2022.04.13-17.30.47:759][  0]LogConfig: Setting CVar [[r.SkyLight.RealTimeReflectionCapture:1]]
[2022.04.13-17.30.47:759][  0]LogConfig: Applying CVar settings from Section [FoliageQuality@3] File [C:/Users/smoor/Documents/CS/CS498GD/FinalProject/bit-by-bit/BitTheGame/Saved/Config/Windows/Scalability.ini]
[2022.04.13-17.30.47:759][  0]LogConfig: Setting CVar [[foliage.DensityScale:1.0]]
[2022.04.13-17.30.47:759][  0]LogConfig: Setting CVar [[grass.DensityScale:1.0]]
[2022.04.13-17.30.47:759][  0]LogConfig: Applying CVar settings from Section [ShadingQuality@3] File [C:/Users/smoor/Documents/CS/CS498GD/FinalProject/bit-by-bit/BitTheGame/Saved/Config/Windows/Scalability.ini]
[2022.04.13-17.30.47:759][  0]LogConfig: Setting CVar [[r.HairStrands.SkyLighting.IntegrationType:2]]
[2022.04.13-17.30.47:759][  0]LogConfig: Setting CVar [[r.HairStrands.SkyAO.SampleCount:4]]
[2022.04.13-17.30.47:759][  0]LogConfig: Setting CVar [[r.HairStrands.Visibility.MSAA.SamplePerPixel:4]]
[2022.04.13-17.30.47:759][  0]LogConfig: Applying CVar settings from Section [Startup] File [../../../Engine/Config/ConsoleVariables.ini]
[2022.04.13-17.30.47:761][  0]LogConfig: Setting CVar [[net.UseAdaptiveNetUpdateFrequency:0]]
[2022.04.13-17.30.47:761][  0]LogConfig: Setting CVar [[p.chaos.AllowCreatePhysxBodies:1]]
[2022.04.13-17.30.47:761][  0]LogConfig: Setting CVar [[fx.SkipVectorVMBackendOptimizations:1]]
[2022.04.13-17.30.47:761][  0]LogConfig: Applying CVar settings from Section [ConsoleVariables] File [C:/Users/smoor/Documents/CS/CS498GD/FinalProject/bit-by-bit/BitTheGame/Saved/Config/Windows/Engine.ini]
[2022.04.13-17.30.47:761][  0]LogConfig: Applying CVar settings from Section [ConsoleVariables] File [C:/Users/smoor/Documents/CS/CS498GD/FinalProject/bit-by-bit/BitTheGame/Saved/Config/Windows/Editor.ini]
[2022.04.13-17.30.47:762][  0]LogInit: Computer: DESKTOP-9OL07U8
[2022.04.13-17.30.47:762][  0]LogInit: User: smoor
[2022.04.13-17.30.47:762][  0]LogInit: CPU Page size=4096, Cores=4
[2022.04.13-17.30.47:762][  0]LogInit: High frequency timer resolution =10.000000 MHz
[2022.04.13-17.30.47:762][  0]LogMemory: Memory total: Physical=15.7GB (16GB approx)
[2022.04.13-17.30.47:762][  0]LogMemory: Platform Memory Stats for Windows
[2022.04.13-17.30.47:762][  0]LogMemory: Process Physical Memory: 141.50 MB used, 141.50 MB peak
[2022.04.13-17.30.47:762][  0]LogMemory: Process Virtual Memory: 126.89 MB used, 126.89 MB peak
[2022.04.13-17.30.47:762][  0]LogMemory: Physical Memory: 10218.24 MB used,  5872.55 MB free, 16090.79 MB total
[2022.04.13-17.30.47:762][  0]LogMemory: Virtual Memory: 134187936.00 MB used,  29795.68 MB free, 134217728.00 MB total
[2022.04.13-17.30.47:771][  0]LogWindows: WindowsPlatformFeatures enabled
[2022.04.13-17.30.47:888][  0]LogInit: Physics initialised using underlying interface: PhysX
[2022.04.13-17.30.47:890][  0]LogInit: Using OS detected language (en-US).
[2022.04.13-17.30.47:890][  0]LogInit: Using OS detected locale (en-US).
[2022.04.13-17.30.47:908][  0]LogTextLocalizationManager: No specific localization for 'en-US' exists, so the 'en' localization will be used.
[2022.04.13-17.30.48:208][  0]LogInit: Setting process to per monitor DPI aware
[2022.04.13-17.30.48:231][  0]LogWindowsTextInputMethodSystem: Display: IME system deactivated.
[2022.04.13-17.30.48:269][  0]LogSlate: New Slate User Created.  User Index 0, Is Virtual User: 0
[2022.04.13-17.30.48:269][  0]LogSlate: Slate User Registered.  User Index 0, Is Virtual User: 0
[2022.04.13-17.30.48:583][  0]LogD3D11RHI: Loaded GFSDK_Aftermath_Lib.x64.dll
[2022.04.13-17.30.48:591][  0]LogHMD: Failed to initialize OpenVR with code 110
[2022.04.13-17.30.48:591][  0]LogD3D11RHI: D3D11 min allowed feature level: 11_0
[2022.04.13-17.30.48:591][  0]LogD3D11RHI: D3D11 max allowed feature level: 11_0
[2022.04.13-17.30.48:591][  0]LogD3D11RHI: D3D11 adapters:
[2022.04.13-17.30.48:703][  0]LogD3D11RHI:    0. 'Intel(R) Iris(R) Xe Graphics' (Feature Level 11_0)
[2022.04.13-17.30.48:703][  0]LogD3D11RHI:       128/0/8045 MB DedicatedVideo/DedicatedSystem/SharedSystem, Outputs:2, VendorId:0x8086
[2022.04.13-17.30.48:706][  0]LogD3D11RHI:    1. 'Microsoft Basic Render Driver' (Feature Level 11_0)
[2022.04.13-17.30.48:706][  0]LogD3D11RHI:       0/0/8045 MB DedicatedVideo/DedicatedSystem/SharedSystem, Outputs:0, VendorId:0x1414
[2022.04.13-17.30.48:801][  0]LogD3D11RHI:    2. 'Intel(R) Iris(R) Xe Graphics' (Feature Level 11_0)
[2022.04.13-17.30.48:801][  0]LogD3D11RHI:       128/0/8045 MB DedicatedVideo/DedicatedSystem/SharedSystem, Outputs:0, VendorId:0x8086
[2022.04.13-17.30.48:801][  0]LogD3D11RHI: Chosen D3D11 Adapter:
[2022.04.13-17.30.48:801][  0]LogD3D11RHI:     Description : Intel(R) Iris(R) Xe Graphics
[2022.04.13-17.30.48:801][  0]LogD3D11RHI:     VendorId    : 8086
[2022.04.13-17.30.48:801][  0]LogD3D11RHI:     DeviceId    : 9a49
[2022.04.13-17.30.48:801][  0]LogD3D11RHI:     SubSysId    : 9911028
[2022.04.13-17.30.48:801][  0]LogD3D11RHI:     Revision    : 0001
[2022.04.13-17.30.48:801][  0]LogD3D11RHI:     DedicatedVideoMemory : 134217728 bytes
[2022.04.13-17.30.48:801][  0]LogD3D11RHI:     DedicatedSystemMemory : 0 bytes
[2022.04.13-17.30.48:801][  0]LogD3D11RHI:     SharedSystemMemory : 8436207616 bytes
[2022.04.13-17.30.48:801][  0]LogD3D11RHI:     AdapterLuid : 0 104387
[2022.04.13-17.30.48:810][  0]LogD3D11RHI: Creating new Direct3DDevice
[2022.04.13-17.30.48:810][  0]LogD3D11RHI:     GPU DeviceId: 0x9a49 (for the marketing name, search the web for "GPU Device Id")
[2022.04.13-17.30.48:810][  0]LogWindows: EnumDisplayDevices:
[2022.04.13-17.30.48:810][  0]LogWindows:    0. 'Intel(R) Iris(R) Xe Graphics' (P:0 D:1)
[2022.04.13-17.30.48:811][  0]LogWindows:    1. 'Intel(R) Iris(R) Xe Graphics' (P:1 D:1)
[2022.04.13-17.30.48:811][  0]LogWindows:    2. 'Intel(R) Iris(R) Xe Graphics' (P:0 D:0)
[2022.04.13-17.30.48:811][  0]LogWindows:    3. 'Intel(R) Iris(R) Xe Graphics' (P:0 D:0)
[2022.04.13-17.30.48:811][  0]LogWindows:    4. 'Citrix Indirect Display Adapter' (P:0 D:0)
[2022.04.13-17.30.48:811][  0]LogWindows:    5. 'Citrix Indirect Display Adapter' (P:0 D:0)
[2022.04.13-17.30.48:811][  0]LogWindows:    6. 'Citrix Indirect Display Adapter' (P:0 D:0)
[2022.04.13-17.30.48:811][  0]LogWindows:    7. 'Citrix Indirect Display Adapter' (P:0 D:0)
[2022.04.13-17.30.48:811][  0]LogWindows:    8. 'Citrix Indirect Display Adapter' (P:0 D:0)
[2022.04.13-17.30.48:811][  0]LogWindows:    9. 'Citrix Indirect Display Adapter' (P:0 D:0)
[2022.04.13-17.30.48:812][  0]LogWindows:    10. 'Citrix Indirect Display Adapter' (P:0 D:0)
[2022.04.13-17.30.48:812][  0]LogWindows:    11. 'Citrix Indirect Display Adapter' (P:0 D:0)
[2022.04.13-17.30.48:812][  0]LogWindows: DebugString: GetVideoDriverDetailsInvalid PrimaryIsNotTheChoosenAdapter GetVideoDriverDetailsInvalid PrimaryIsNotTheChoosenAdapter GetVideoDriverDetailsInvalid PrimaryIsNotTheChoosenAdapter GetVideoDriverDetailsInvalid PrimaryIsNotTheChoosenAdapter GetVideoDriverDetailsInvalid PrimaryIsNotTheChoosenAdapter GetVideoDriverDetailsInvalid PrimaryIsNotTheChoosenAdapter GetVideoDriverDetailsInvalid PrimaryIsNotTheChoosenAdapter GetVideoDriverDetailsInvalid PrimaryIsNotTheChoosenAdapter FoundDriverCount:4 
[2022.04.13-17.30.48:812][  0]LogD3D11RHI:     Adapter Name: Intel(R) Iris(R) Xe Graphics
[2022.04.13-17.30.48:812][  0]LogD3D11RHI:   Driver Version: 30.0.101.1273 (internal:30.0.101.1273, unified:30.0.101.1273)
[2022.04.13-17.30.48:812][  0]LogD3D11RHI:      Driver Date: 1-14-2022
[2022.04.13-17.30.48:813][  0]LogRHI: Texture pool is 1523 MB (70% of 2176 MB)
[2022.04.13-17.30.48:857][  0]LogD3D11RHI: Creating D3DDevice using adapter:
[2022.04.13-17.30.48:857][  0]LogD3D11RHI:     Description : Intel(R) Iris(R) Xe Graphics
[2022.04.13-17.30.48:857][  0]LogD3D11RHI:     VendorId    : 8086
[2022.04.13-17.30.48:857][  0]LogD3D11RHI:     DeviceId    : 9a49
[2022.04.13-17.30.48:857][  0]LogD3D11RHI:     SubSysId    : 9911028
[2022.04.13-17.30.48:857][  0]LogD3D11RHI:     Revision    : 0001
[2022.04.13-17.30.48:857][  0]LogD3D11RHI:     DedicatedVideoMemory : 134217728 bytes
[2022.04.13-17.30.48:857][  0]LogD3D11RHI:     DedicatedSystemMemory : 0 bytes
[2022.04.13-17.30.48:857][  0]LogD3D11RHI:     SharedSystemMemory : 8436207616 bytes
[2022.04.13-17.30.48:857][  0]LogD3D11RHI:     AdapterLuid : 0 104387
[2022.04.13-17.30.48:949][  0]LogD3D11RHI: RHI does not have support for 64 bit atomics
[2022.04.13-17.30.48:969][  0]LogD3D11RHI: Intel Extensions support version Full=16777216, Major=1, Minor=0, Revision=0
[2022.04.13-17.30.48:969][  0]LogD3D11RHI: Intel Extensions support version Full=16777217, Major=1, Minor=0, Revision=1
[2022.04.13-17.30.48:969][  0]LogD3D11RHI: Intel Extensions Framework enabled
[2022.04.13-17.30.48:975][  0]LogD3D11RHI: [IntelMetricsDiscovery] Started
[2022.04.13-17.30.48:975][  0]LogD3D11RHI: Async texture creation enabled
[2022.04.13-17.30.48:975][  0]LogD3D11RHI: Array index from any shader is supported
[2022.04.13-17.30.49:017][  0]LogD3D11RHI: GPU Timing Frequency: 19.200000 (Debug: 2 0)
[2022.04.13-17.30.49:405][  0]LogTargetPlatformManager: Display: Loaded TargetPlatform 'AllDesktop'
[2022.04.13-17.30.49:427][  0]LogTargetPlatformManager: Display: Loaded TargetPlatform 'Android'
[2022.04.13-17.30.49:427][  0]LogTargetPlatformManager: Display: Loaded TargetPlatform 'Android_ASTC'
[2022.04.13-17.30.49:427][  0]LogTargetPlatformManager: Display: Loaded TargetPlatform 'Android_DXT'
[2022.04.13-17.30.49:427][  0]LogTargetPlatformManager: Display: Loaded TargetPlatform 'Android_ETC2'
[2022.04.13-17.30.49:427][  0]LogTargetPlatformManager: Display: Loaded TargetPlatform 'AndroidClient'
[2022.04.13-17.30.49:427][  0]LogTargetPlatformManager: Display: Loaded TargetPlatform 'Android_ASTCClient'
[2022.04.13-17.30.49:427][  0]LogTargetPlatformManager: Display: Loaded TargetPlatform 'Android_DXTClient'
[2022.04.13-17.30.49:427][  0]LogTargetPlatformManager: Display: Loaded TargetPlatform 'Android_ETC2Client'
[2022.04.13-17.30.49:427][  0]LogTargetPlatformManager: Display: Loaded TargetPlatform 'Android_Multi'
[2022.04.13-17.30.49:427][  0]LogTargetPlatformManager: Display: Loaded TargetPlatform 'Android_MultiClient'
[2022.04.13-17.30.49:454][  0]LogTargetPlatformManager: Display: Loaded TargetPlatform 'IOSClient'
[2022.04.13-17.30.49:454][  0]LogTargetPlatformManager: Display: Loaded TargetPlatform 'IOS'
[2022.04.13-17.30.49:466][  0]LogTargetPlatformManager: Display: Loaded TargetPlatform 'Linux'
[2022.04.13-17.30.49:472][  0]LogTargetPlatformManager: Display: Loaded TargetPlatform 'LinuxNoEditor'
[2022.04.13-17.30.49:480][  0]LogTargetPlatformManager: Display: Loaded TargetPlatform 'LinuxClient'
[2022.04.13-17.30.49:488][  0]LogTargetPlatformManager: Display: Loaded TargetPlatform 'LinuxServer'
[2022.04.13-17.30.49:500][  0]LogTargetPlatformManager: Display: Loaded TargetPlatform 'LinuxAArch64NoEditor'
[2022.04.13-17.30.49:507][  0]LogTargetPlatformManager: Display: Loaded TargetPlatform 'LinuxAArch64Client'
[2022.04.13-17.30.49:514][  0]LogTargetPlatformManager: Display: Loaded TargetPlatform 'LinuxAArch64Server'
[2022.04.13-17.30.49:537][  0]LogTargetPlatformManager: Display: Loaded TargetPlatform 'Lumin'
[2022.04.13-17.30.49:537][  0]LogTargetPlatformManager: Display: Loaded TargetPlatform 'LuminClient'
[2022.04.13-17.30.49:548][  0]LogTargetPlatformManager: Display: Loaded TargetPlatform 'MacNoEditor'
[2022.04.13-17.30.49:555][  0]LogTargetPlatformManager: Display: Loaded TargetPlatform 'Mac'
[2022.04.13-17.30.49:562][  0]LogTargetPlatformManager: Display: Loaded TargetPlatform 'MacClient'
[2022.04.13-17.30.49:568][  0]LogTargetPlatformManager: Display: Loaded TargetPlatform 'MacServer'
[2022.04.13-17.30.49:579][  0]LogTargetPlatformManager: Display: Loaded TargetPlatform 'TVOSClient'
[2022.04.13-17.30.49:579][  0]LogTargetPlatformManager: Display: Loaded TargetPlatform 'TVOS'
[2022.04.13-17.30.49:591][  0]LogTargetPlatformManager: Display: Loaded TargetPlatform 'WindowsNoEditor'
[2022.04.13-17.30.49:598][  0]LogTargetPlatformManager: Display: Loaded TargetPlatform 'Windows'
[2022.04.13-17.30.49:606][  0]LogTargetPlatformManager: Display: Loaded TargetPlatform 'WindowsClient'
[2022.04.13-17.30.49:613][  0]LogTargetPlatformManager: Display: Loaded TargetPlatform 'WindowsServer'
[2022.04.13-17.30.49:613][  0]LogTargetPlatformManager: Display: Building Assets For Windows
[2022.04.13-17.30.49:632][  0]LogAudioDebug: Display: Lib vorbis DLL was dynamically loaded.
[2022.04.13-17.30.49:702][  0]LogTextureFormatOodle: Display: Oodle Texture 2.9.0 init RDO Off
[2022.04.13-17.30.49:838][  0]LogRendererCore: Ray tracing is disabled. Reason: r.RayTracing=0.
[2022.04.13-17.30.49:840][  0]LogShaderCompilers: Guid format shader working directory is -40 characters bigger than the processId version (../../../../../../Users/smoor/Documents/CS/CS498GD/FinalProject/bit-by-bit/BitTheGame/Intermediate/Shaders/WorkingDirectory/14632/).
[2022.04.13-17.30.49:840][  0]LogShaderCompilers: Cleaned the shader compiler working directory 'C:/Users/smoor/AppData/Local/Temp/UnrealShaderWorkingDir/590F3DDB419855AC2CBDB480057830F8/'.
[2022.04.13-17.30.49:841][  0]LogXGEController: Cannot use XGE Controller as Incredibuild is not installed on this machine.
[2022.04.13-17.30.49:841][  0]LogShaderCompilers: Cannot use XGE Shader Compiler as Incredibuild is not installed on this machine.
[2022.04.13-17.30.49:841][  0]LogShaderCompilers: Display: Using Local Shader Compiler.
[2022.04.13-17.30.50:634][  0]LogDerivedDataCache: Display: Max Cache Size: 512 MB
[2022.04.13-17.30.50:773][  0]LogDerivedDataCache: Loaded boot cache 0.14s 108MB C:/Users/smoor/AppData/Local/UnrealEngine/4.27/DerivedDataCache/Boot.ddc.
[2022.04.13-17.30.50:773][  0]LogDerivedDataCache: Display: Loaded Boot cache: C:/Users/smoor/AppData/Local/UnrealEngine/4.27/DerivedDataCache/Boot.ddc
[2022.04.13-17.30.50:773][  0]LogDerivedDataCache: FDerivedDataBackendGraph:  Pak pak cache file ../../../../../../Users/smoor/Documents/CS/CS498GD/FinalProject/bit-by-bit/BitTheGame/DerivedDataCache/DDC.ddp not found, will not use a pak cache.
[2022.04.13-17.30.50:774][  0]LogDerivedDataCache: Unable to find inner node Pak for hierarchical cache Hierarchy.
[2022.04.13-17.30.50:774][  0]LogDerivedDataCache: FDerivedDataBackendGraph:  CompressedPak pak cache file ../../../../../../Users/smoor/Documents/CS/CS498GD/FinalProject/bit-by-bit/BitTheGame/DerivedDataCache/Compressed.ddp not found, will not use a pak cache.
[2022.04.13-17.30.50:774][  0]LogDerivedDataCache: Unable to find inner node CompressedPak for hierarchical cache Hierarchy.
[2022.04.13-17.30.50:790][  0]LogDerivedDataCache: Display: Pak cache opened for reading ../../../Engine/DerivedDataCache/Compressed.ddp.
[2022.04.13-17.30.50:790][  0]LogDerivedDataCache: FDerivedDataBackendGraph:  EnterprisePak pak cache file ../../../Enterprise/DerivedDataCache/Compressed.ddp not found, will not use a pak cache.
[2022.04.13-17.30.50:790][  0]LogDerivedDataCache: Unable to find inner node EnterprisePak for hierarchical cache Hierarchy.
[2022.04.13-17.30.50:806][  0]LogDerivedDataCache: Speed tests for C:/Users/smoor/AppData/Local/UnrealEngine/Common/DerivedDataCache took 0.02 seconds
[2022.04.13-17.30.50:806][  0]LogDerivedDataCache: Display: Performance to C:/Users/smoor/AppData/Local/UnrealEngine/Common/DerivedDataCache: Latency=0.28ms. RandomReadSpeed=145.16MBs, RandomWriteSpeed=151.05MBs. Assigned SpeedClass 'Local'
[2022.04.13-17.30.50:806][  0]LogDerivedDataCache: Using Local data cache path C:/Users/smoor/AppData/Local/UnrealEngine/Common/DerivedDataCache: Writable
[2022.04.13-17.30.50:806][  0]LogDerivedDataCache: Shared data cache path not found in *engine.ini, will not use an Shared cache.
[2022.04.13-17.30.50:806][  0]LogDerivedDataCache: Unable to find inner node Shared for hierarchical cache Hierarchy.
[2022.04.13-17.30.50:855][  0]LogSlate: Using FreeType 2.10.0
[2022.04.13-17.30.50:858][  0]LogSlate: SlateFontServices - WITH_FREETYPE: 1, WITH_HARFBUZZ: 1
[2022.04.13-17.30.50:901][  0]LogAssetRegistry: FAssetRegistry took 0.0065 seconds to start up
[2022.04.13-17.30.51:253][  0]LogInit: Selected Device Profile: [Windows]
[2022.04.13-17.30.51:253][  0]LogInit: Active device profile: [0000017D84CFCF00][0000017D83FD6140 49] Windows
[2022.04.13-17.30.51:253][  0]LogInit: Profiles: [0000017D84CFCF00][0000017D83FD6140 49] Windows, [0000017D84CCA400][0000017D83FDE2C0 49] WindowsNoEditor, [0000017D84CFDF00][0000017D83FE2440 49] WindowsServer, [0000017D84CC9600][0000017D83FE65C0 49] WindowsClient, [0000017D84CFD000][0000017D83FEA740 49] IOS, [0000017D84CCBA00][0000017D83FEE8C0 49] iPadAir, [0000017D84CFF300][0000017D83FF2A40 49] iPadAir2, [0000017D84C11300][0000017D83FF6C80 49] IPadPro, [0000017D84C11400][0000017D83FDACC0 49] iPadAir3, [0000017D84CC8B00][0000017D83FFAE00 49] iPadAir4, [0000017D84C12100][0000017D83FFEF40 49] iPadMini2, [0000017D84CCB400][0000017D840070C0 49] iPadMini3, [0000017D84C12C00][0000017D8400B240 49] iPadMini4, [0000017D84CCA700][0000017D8400F3C0 49] iPadMini5, [0000017D84C1CD00][0000017D84017680 49] iPhone6, [0000017D84C1CE00][0000017D840136C0 49] iPodTouch6, [0000017D84CFE900][0000017D85031980 49] iPhone7, [0000017D84CFEA00][0000017D8401B9C0 49] iPodTouch7, [0000017D84C11800][0000017D85035B40 49] iPhone5S, [0000017D84CFD300][0000017D85038140 49] iPhone6Plus, [0000017D84CFF900][0000017D8503C2C0 49] iPhone6S, [0000017D84C1D200][0000017D85040440 49] iPhone6SPlus, [0000017D84CFCB00][0000017D850445C0 49] iPhone7Plus, [0000017D84C1D500][0000017D85048740 49] iPhoneSE, [0000017D84CFCA00][0000017D8504C8C0 49] iPhone8, [0000017D84C1D100][0000017D85050A40 49] iPhone8Plus, [0000017D84C12B00][0000017D85054BC0 49] iPhoneX, [0000017D84C1CC00][0000017D85058D40 49] iPhoneXS, [0000017D84C13A00][0000017D84002E80 49] iPhoneXSMax, [0000017D84C1F700][0000017D8505CFC0 49] iPhoneXR, [0000017D84C10D00][0000017D85061100 49] iPhone11, [0000017D84C1E500][0000017D85069280 49] iPhone11Pro, [0000017D84C12900][0000017D8506D400 49] iPhone11ProMax, [0000017D84C1C200][0000017D85071580 49] iPhoneSE2, [0000017D84C10B00][0000017D85075700 49] iPhone12Mini, [0000017D84C1E900][0000017D85079880 49] iPhone12, [0000017D84C12E00][0000017D8507DA00 49] iPhone12Pro, [0000017D84C1CA00][0000017D85081B80 49] iPhone12ProMax, [0000017D84C13200][0000017D85088180 49] iPadPro105, [0000017D84C1F500][0000017D8508C300 49] iPadPro129, [0000017D84C12000][0000017D85090480 49] iPadPro97, [0000017D84C1DF00][0000017D85094600 49] iPadPro2_129, [0000017D84C12400][0000017D85098780 49] iPad5, [0000017D84C1D300][0000017D8509C900 49] iPad6, [0000017D84C10C00][0000017D850A0A80 49] iPad7, [0000017D84C1D600][0000017D850A4C00 49] iPad8, [0000017D84C13C00][0000017D850A8D80 49] iPadPro11, [0000017D84C1D700][0000017D850ACF00 49] iPadPro2_11, [0000017D84C10600][0000017D85065040 49] iPadPro3_129, [0000017D84C1FF00][0000017D850B1180 49] iPadPro4_129, [0000017D84C13100][0000017D850B52C0 49] AppleTV, [0000017D84C1C800][0000017D850BD440 49] AppleTV4K, [0000017D84C10500][0000017D850C15C0 49] TVOS, [0000017D84C1C500][0000017D850C5740 49] Mac, [0000017D84C10700][0000017D850C98C0 49] MacClient, [0000017D84C1D400][0000017D850CDA40 49] MacNoEditor, [0000017D84C11500][0000017D850D1BC0 49] MacServer, [0000017D84C1ED00][0000017D850D41C0 49] Linux, [0000017D84C10400][0000017D850D8340 49] LinuxAArch64, [0000017D84C1DD00][0000017D8510C4C0 49] LinuxNoEditor, [0000017D84C11C00][0000017D85140640 49] LinuxAArch64NoEditor, [0000017D84C1E800][0000017D851447C0 49] LinuxClient, [0000017D84C12D00][0000017D85148940 49] LinuxAArch64Client, [0000017D84C1C100][0000017D8514CAC0 49] LinuxServer, [0000017D84C11E00][0000017D85150C40 49] LinuxAArch64Server, [0000017D84C1CB00][0000017D85154DC0 49] Android, [0000017D84C11A00][0000017D85178F40 49] Android_Low, [0000017D84C1EE00][0000017D8517D0C0 49] Android_Mid, [0000017D84C11000][0000017D850B9200 49] Android_High, [0000017D84C1EF00][0000017D85199340 49] Android_Default, [0000017D84C11700][0000017D8519D480 49] Android_Adreno4xx, [0000017D84C1D800][0000017D851A15C0 49] Android_Adreno5xx_Low, [0000017D84C10A00][0000017D851A9740 49] Android_Adreno5xx, [0000017D84C1F300][0000017D851AD8C0 49] Android_Adreno6xx, [0000017D84C10E00][0000017D851B9A40 49] Android_Adreno6xx_Vulkan, [0000017D84C1F000][0000017D851BDBC0 49] Android_Mali_T6xx, [0000017D84CFC100][0000017D851C01C0 49] Android_Mali_T7xx, [0000017D84CC8800][0000017D851C4340 49] Android_Mali_T8xx, [0000017D84CFD200][0000017D851C84C0 49] Android_Mali_G71, [0000017D84CC8E00][0000017D851CC640 49] Android_Mali_G72, [0000017D84CFD100][0000017D851D07C0 49] Android_Mali_G72_Vulkan, [0000017D84CCA500][0000017D851D4940 49] Android_Mali_G76, [0000017D84CFD500][0000017D851D8AC0 49] Android_Mali_G76_Vulkan, [0000017D84CCA000][0000017D851DCC40 49] Android_Mali_G77, [0000017D84CFFF00][0000017D851E0DC0 49] Android_Mali_G77_Vulkan, [0000017D84CC9D00][0000017D851E4F40 49] Android_Mali_G78, [0000017D84CFC300][0000017D851E90C0 49] Android_Mali_G78_Vulkan, [0000017D84CC8400][0000017D851ED240 49] Android_Mali_G710, [0000017D84CFE800][0000017D851A5380 49] Android_Mali_G710_Vulkan, [0000017D84CCB100][0000017D851F14C0 49] Android_Vulkan_SM5, [0000017D84CFF100][0000017D851F5600 49] Android_PowerVR_G6xxx, [0000017D84CC8A00][0000017D851F9740 49] Android_PowerVR_GT7xxx, [0000017D84CFCD00][0000017D852018C0 49] Android_PowerVR_GE8xxx, [0000017D84CCBC00][0000017D85205A40 49] Android_PowerVR_GM9xxx, [0000017D84CFFA00][0000017D85209BC0 49] Android_PowerVR_GM9xxx_Vulkan, [0000017D84CC9200][0000017D8520C1C0 49] Android_TegraK1, [0000017D84CFF000][0000017D85210340 49] Android_Unknown_Vulkan, [0000017D84CCB000][0000017DF5C0C4C0 49] Lumin, [0000017D84CFE100][0000017DF5C22640 49] Lumin_Desktop, [0000017D84CCAE00][0000017D82BD27C0 49] HoloLens, 
[2022.04.13-17.30.51:490][  0]LogMeshReduction: Using QuadricMeshReduction for automatic static mesh reduction
[2022.04.13-17.30.51:490][  0]LogMeshReduction: Using SimplygonMeshReduction for automatic skeletal mesh reduction
[2022.04.13-17.30.51:490][  0]LogMeshReduction: Using ProxyLODMeshReduction for automatic mesh merging
[2022.04.13-17.30.51:490][  0]LogMeshReduction: No distributed automatic mesh merging module available
[2022.04.13-17.30.51:491][  0]LogMeshMerging: No distributed automatic mesh merging module available
[2022.04.13-17.30.51:542][  0]LogNetVersion: BitTheGame 1.0.0, NetCL: 17155196, EngineNetVer: 17, GameNetVer: 0 (Checksum: 4004886265)
[2022.04.13-17.30.52:195][  0]LogTexture: Default maximum texture size for cubemaps generated from long-lat sources has been changed from 512 to unlimited. In order to preserve old behaiour for '/Engine/MapTemplates/Sky/DaylightAmbientCubemap.DaylightAmbientCubemap', its maximum texture size has been explicitly set to 512.
[2022.04.13-17.30.52:308][  0]LogHMD: PokeAHoleMaterial loaded successfully
[2022.04.13-17.30.52:314][  0]LogUObjectArray: 17178 objects as part of root set at end of initial load.
[2022.04.13-17.30.52:314][  0]LogUObjectAllocator: 4302048 out of 0 bytes used by permanent object pool.
[2022.04.13-17.30.52:314][  0]LogUObjectArray: CloseDisregardForGC: 0/0 objects in disregard for GC pool
[2022.04.13-17.30.52:727][  0]LogNiagaraDebuggerClient: Niagara Debugger Client Initialized | Session: DBD9520447B5F67F47EF53BEA218E882 | Instance: F8EDF92B465B0BB876DE1481EE0FA9B0 (DESKTOP-9OL07U8-14632).
[2022.04.13-17.30.53:266][  0]LogPython: Using Python 3.7.7
[2022.04.13-17.30.53:789][  0]LogUdpMessaging: Initializing bridge on interface 0.0.0.0:0 to multicast group 230.0.0.1:6666.
[2022.04.13-17.30.53:801][  0]LogTcpMessaging: Initializing TcpMessaging bridge
[2022.04.13-17.30.55:351][  0]SourceControl: Source control is disabled
[2022.04.13-17.30.55:351][  0]SourceControl: Source control is disabled
[2022.04.13-17.30.55:432][  0]SourceControl: Source control is disabled
[2022.04.13-17.30.55:476][  0]SourceControl: Source control is disabled
[2022.04.13-17.30.55:575][  0]SourceControl: Source control is disabled
[2022.04.13-17.30.55:679][  0]LogUProjectInfo: Found projects:
[2022.04.13-17.30.55:686][  0]LogVSAccessor: Display: Unable to create Visual Studio setup instance: 80040154
[2022.04.13-17.30.55:686][  0]LogVSAccessor: Display: Unable to create Visual Studio setup instance: 80040154
[2022.04.13-17.30.55:686][  0]LogVSAccessor: Display: Unable to create Visual Studio setup instance: 80040154
[2022.04.13-17.30.57:505][  0]LogOpenImageDenoise: OIDN starting up
[2022.04.13-17.30.58:062][  0]LogAndroidPermission: UAndroidPermissionCallbackProxy::GetInstance
[2022.04.13-17.30.58:324][  0]LogAudioCaptureCore: Display: No Audio Capture implementations found. Audio input will be silent.
[2022.04.13-17.30.58:324][  0]LogAudioCaptureCore: Display: No Audio Capture implementations found. Audio input will be silent.
[2022.04.13-17.30.59:217][  0]LogCollectionManager: Loaded 0 collections in 0.000708 seconds
[2022.04.13-17.30.59:387][  0]LogFileCache: Scanning file cache for directory 'C:/Users/smoor/Documents/CS/CS498GD/FinalProject/bit-by-bit/BitTheGame/Saved/Collections/' took 0.00s
[2022.04.13-17.30.59:388][  0]LogFileCache: Scanning file cache for directory 'C:/Users/smoor/Documents/CS/CS498GD/FinalProject/bit-by-bit/BitTheGame/Content/Developers/smoor/Collections/' took 0.00s
[2022.04.13-17.30.59:388][  0]LogFileCache: Scanning file cache for directory 'C:/Users/smoor/Documents/CS/CS498GD/FinalProject/bit-by-bit/BitTheGame/Content/Collections/' took 0.00s
[2022.04.13-17.30.59:388][  0]LogOcInput: OculusInput pre-init called
[2022.04.13-17.30.59:919][  0]LogEngine: Initializing Engine...
[2022.04.13-17.31.01:075][  0]LogHMD: Failed to enumerate extensions. Please check that you have a valid OpenXR runtime installed.
[2022.04.13-17.31.01:075][  0]LogHMD: Failed to initialize OpenVR with code 110
[2022.04.13-17.31.01:076][  0]LogMagicLeap: Warning: VR disabled because ZI is not enabled.  To enable, in the editor, Edit -> Project Settings -> Plugins -> Magic Leap Plugin -> Enable Zero Iteration
[2022.04.13-17.31.01:080][  0]LogStats: UGameplayTagsManager::InitializeManager -  0.001 s
[2022.04.13-17.31.01:233][  0]LogInit: Initializing FReadOnlyCVARCache
[2022.04.13-17.31.01:318][  0]LogAIModule: Creating AISystem for world Untitled
[2022.04.13-17.31.01:327][  0]LogAudio: Display: Initializing Audio Device Manager...
[2022.04.13-17.31.01:368][  0]LogAudio: Display: Loading Default Audio Settings Objects...
[2022.04.13-17.31.01:369][  0]LogAudio: Display: No default SoundConcurrencyObject specified (or failed to load).
[2022.04.13-17.31.01:371][  0]LogAudio: Display: Audio Device Manager Initialized
[2022.04.13-17.31.01:371][  0]LogAudio: Display: Creating Audio Device:                 Id: 1, Scope: Shared, Realtime: True
[2022.04.13-17.31.01:373][  0]LogAudioMixer: Display: Audio Mixer Platform Settings:
[2022.04.13-17.31.01:373][  0]LogAudioMixer: Display: 	Sample Rate:						  48000
[2022.04.13-17.31.01:373][  0]LogAudioMixer: Display: 	Callback Buffer Frame Size Requested: 1024
[2022.04.13-17.31.01:373][  0]LogAudioMixer: Display: 	Callback Buffer Frame Size To Use:	  1024
[2022.04.13-17.31.01:373][  0]LogAudioMixer: Display: 	Number of buffers to queue:			  2
[2022.04.13-17.31.01:373][  0]LogAudioMixer: Display: 	Max Channels (voices):				  32
[2022.04.13-17.31.01:373][  0]LogAudioMixer: Display: 	Number of Async Source Workers:		  0
[2022.04.13-17.31.01:373][  0]LogAudio: Display: AudioDevice MaxSources: 32
[2022.04.13-17.31.01:374][  0]LogAudio: Display: Audio Spatialization Plugin: None (built-in).
[2022.04.13-17.31.01:375][  0]LogAudio: Display: Audio Reverb Plugin: None (built-in).
[2022.04.13-17.31.01:375][  0]LogAudio: Display: Audio Occlusion Plugin: None (built-in).
[2022.04.13-17.31.01:375][  0]LogAudioMixer: Display: Initializing audio mixer.
[2022.04.13-17.31.01:484][  0]LogAudioMixer: Display: 0: FrontLeft
[2022.04.13-17.31.01:484][  0]LogAudioMixer: Display: 1: FrontRight
[2022.04.13-17.31.01:599][  0]LogAudioMixer: Display: Using Audio Device Headphones (Urbanista London)
[2022.04.13-17.31.01:601][  0]LogAudioMixer: Display: Initializing Sound Submixes...
[2022.04.13-17.31.01:604][  0]LogAudioMixer: Display: Creating Master Submix 'MasterSubmixDefault'
[2022.04.13-17.31.01:604][  0]LogAudioMixer: Display: Creating Master Submix 'MasterReverbSubmixDefault'
[2022.04.13-17.31.01:605][  0]LogAudioMixer: Display: Creating Master Submix 'MasterEQSubmixDefault'
[2022.04.13-17.31.01:606][  0]LogAudioMixer: FMixerPlatformXAudio2::StartAudioStream() called
[2022.04.13-17.31.01:606][  0]LogAudioMixer: Display: Output buffers initialized: Frames=1024, Channels=2, Samples=2048
[2022.04.13-17.31.01:608][  0]LogAudioMixer: Display: Starting AudioMixerPlatformInterface::RunInternal()
[2022.04.13-17.31.01:608][  0]LogAudioMixer: Display: FMixerPlatformXAudio2::SubmitBuffer() called for the first time
[2022.04.13-17.31.01:608][  0]LogInit: FAudioDevice initialized.
[2022.04.13-17.31.01:609][  0]LogAudio: Display: Audio Device (ID: 1) registered with world 'Untitled'.
[2022.04.13-17.31.01:609][  0]LogNetVersion: Set ProjectVersion to 1.0.0.0. Version Checksum will be recalculated on next use.
[2022.04.13-17.31.01:671][  0]LogDerivedDataCache: Saved boot cache 0.06s 94MB C:/Users/smoor/AppData/Local/UnrealEngine/4.27/DerivedDataCache/Boot.ddc.
[2022.04.13-17.31.01:672][  0]LogInit: Texture streaming: Enabled
[2022.04.13-17.31.01:788][  0]LogAnalytics: Display: [UEEditor.Rocket.Release] APIServer = https://datarouter.ol.epicgames.com/. AppVersion = 4.27.2-18319896+++UE4+Release-4.27
[2022.04.13-17.31.01:826][  0]LogEngineSessionManager: EngineSessionManager initialized
[2022.04.13-17.31.01:826][  0]LogEditorSessionSummary: Verbose: Initializing EditorSessionSummaryWriter for editor session tracking
[2022.04.13-17.31.01:831][  0]LogEditorSessionSummary: EditorSessionSummaryWriter initialized
[2022.04.13-17.31.01:960][  0]LogInit: Transaction tracking system initialized
[2022.04.13-17.31.02:290][  0]BlueprintLog: New page: Editor Load
[2022.04.13-17.31.03:205][  0]LocalizationService: Localization service is disabled
[2022.04.13-17.31.03:627][  0]TimingProfiler: Initialize
[2022.04.13-17.31.03:627][  0]TimingProfiler: OnSessionChanged
[2022.04.13-17.31.03:627][  0]LoadingProfiler: Initialize
[2022.04.13-17.31.03:627][  0]LoadingProfiler: OnSessionChanged
[2022.04.13-17.31.03:627][  0]NetworkingProfiler: Initialize
[2022.04.13-17.31.03:627][  0]NetworkingProfiler: OnSessionChanged
[2022.04.13-17.31.03:627][  0]MemoryProfiler: Initialize
[2022.04.13-17.31.03:627][  0]MemoryProfiler: OnSessionChanged
[2022.04.13-17.31.04:114][  0]LogVSAccessor: Display: Unable to create Visual Studio setup instance: 80040154
[2022.04.13-17.31.04:115][  0]LogVSAccessor: Display: Unable to create Visual Studio setup instance: 80040154
[2022.04.13-17.31.04:115][  0]LogVSAccessor: Display: Unable to create Visual Studio setup instance: 80040154
[2022.04.13-17.31.04:293][  0]LogCook: Display: CookSettings for Memory: MemoryMaxUsedVirtual 0MiB, MemoryMaxUsedPhysical 16384MiB, MemoryMinFreeVirtual 0MiB, MemoryMinFreePhysical 1024MiB
[2022.04.13-17.31.04:293][  0]LogCook: Display: Mobile HDR setting 1
[2022.04.13-17.31.04:471][  0]LogFileCache: Scanning file cache for directory 'C:/Users/smoor/Documents/CS/CS498GD/FinalProject/bit-by-bit/BitTheGame/Content/' took 0.01s
[2022.04.13-17.31.06:399][  0]LogInit: Display: Engine is initialized. Leaving FEngineLoop::Init()
[2022.04.13-17.31.06:408][  0]SourceControl: Source control is disabled
[2022.04.13-17.31.06:408][  0]LogUnrealEdMisc: Loading editor; pre map load, took 21.781
[2022.04.13-17.31.06:411][  0]Cmd: MAP LOAD FILE="../../../../../../Users/smoor/Documents/CS/CS498GD/FinalProject/bit-by-bit/BitTheGame/Content/TopDownBP/Maps/TopDownExampleMap.umap" TEMPLATE=0 SHOWPROGRESS=1 FEATURELEVEL=3
[2022.04.13-17.31.06:411][  0]LogEditorServer: Warning: Can't find file '../../../../../../Users/smoor/Documents/CS/CS498GD/FinalProject/bit-by-bit/BitTheGame/Content/TopDownBP/Maps/TopDownExampleMap.umap'
[2022.04.13-17.31.06:412][  0]Cmd: MAP CHECKDEP NOCLEARLOG
[2022.04.13-17.31.06:412][  0]MapCheck: Map check complete: 0 Error(s), 0 Warning(s), took 0.432ms to complete.
[2022.04.13-17.31.06:412][  0]LogFileHelpers: Loading map 'TopDownExampleMap' took 0.002
[2022.04.13-17.31.06:429][  0]LogUnrealEdMisc: Total Editor Startup Time, took 21.802
[2022.04.13-17.31.06:601][  0]LogSlate: Updating window title bar state: overlay mode, drag disabled, window buttons hidden, title bar hidden
[2022.04.13-17.31.06:608][  0]LogSlate: Updating window title bar state: overlay mode, drag disabled, window buttons hidden, title bar hidden
[2022.04.13-17.31.06:614][  0]LogSlate: Updating window title bar state: overlay mode, drag disabled, window buttons hidden, title bar hidden
[2022.04.13-17.31.06:620][  0]LogSlate: Updating window title bar state: overlay mode, drag disabled, window buttons hidden, title bar hidden
[2022.04.13-17.31.06:660][  0]LogNativeClassHierarchy: Verbose: Native class hierarchy populated in 0.0083 seconds. Added 3831 classes and 933 folders.
[2022.04.13-17.31.06:669][  0]LogNativeClassHierarchy: Verbose: Native class hierarchy updated for 'WidgetCarousel' in 0.0004 seconds. Added 0 classes and 0 folders.
[2022.04.13-17.31.06:676][  0]LogPakFile: PakFile PrimaryIndexSize=187
[2022.04.13-17.31.06:676][  0]LogPakFile: PakFile PathHashIndexSize=101
[2022.04.13-17.31.06:676][  0]LogPakFile: PakFile FullDirectoryIndexSize=148
[2022.04.13-17.31.06:676][  0]LogShaderLibrary: Display: ShaderCodeLibraryPakFileMountedCallback: PakFile 'C:/Program Files/Epic Games/UE_4.27/FeaturePacks/FP_FirstPerson.upack' (chunk index -1, root 'root:/') mounted
[2022.04.13-17.31.06:676][  0]LogShaderLibrary: Display: ShaderCodeLibraryPakFileMountedCallback: pending pak file info (ChunkID:-1 Root:root:/ File:C:/Program Files/Epic Games/UE_4.27/FeaturePacks/FP_FirstPerson.upack)
[2022.04.13-17.31.06:676][  0]LogPakFile: OnPakFileMounted2Time == 0.000073
[2022.04.13-17.31.06:679][  0]LogPakFile: PakFile PrimaryIndexSize=189
[2022.04.13-17.31.06:679][  0]LogPakFile: PakFile PathHashIndexSize=101
[2022.04.13-17.31.06:679][  0]LogPakFile: PakFile FullDirectoryIndexSize=152
[2022.04.13-17.31.06:679][  0]LogShaderLibrary: Display: ShaderCodeLibraryPakFileMountedCallback: PakFile 'C:/Program Files/Epic Games/UE_4.27/FeaturePacks/FP_FirstPersonBP.upack' (chunk index -1, root 'root:/') mounted
[2022.04.13-17.31.06:679][  0]LogShaderLibrary: Display: ShaderCodeLibraryPakFileMountedCallback: pending pak file info (ChunkID:-1 Root:root:/ File:C:/Program Files/Epic Games/UE_4.27/FeaturePacks/FP_FirstPersonBP.upack)
[2022.04.13-17.31.06:679][  0]LogPakFile: OnPakFileMounted2Time == 0.000053
[2022.04.13-17.31.06:681][  0]LogPakFile: PakFile PrimaryIndexSize=191
[2022.04.13-17.31.06:681][  0]LogPakFile: PakFile PathHashIndexSize=101
[2022.04.13-17.31.06:681][  0]LogPakFile: PakFile FullDirectoryIndexSize=160
[2022.04.13-17.31.06:681][  0]LogShaderLibrary: Display: ShaderCodeLibraryPakFileMountedCallback: PakFile 'C:/Program Files/Epic Games/UE_4.27/FeaturePacks/MobileStarterContent.upack' (chunk index -1, root 'root:/') mounted
[2022.04.13-17.31.06:681][  0]LogShaderLibrary: Display: ShaderCodeLibraryPakFileMountedCallback: pending pak file info (ChunkID:-1 Root:root:/ File:C:/Program Files/Epic Games/UE_4.27/FeaturePacks/MobileStarterContent.upack)
[2022.04.13-17.31.06:681][  0]LogPakFile: OnPakFileMounted2Time == 0.000038
[2022.04.13-17.31.06:682][  0]LogPakFile: PakFile PrimaryIndexSize=185
[2022.04.13-17.31.06:682][  0]LogPakFile: PakFile PathHashIndexSize=101
[2022.04.13-17.31.06:682][  0]LogPakFile: PakFile FullDirectoryIndexSize=148
[2022.04.13-17.31.06:682][  0]LogShaderLibrary: Display: ShaderCodeLibraryPakFileMountedCallback: PakFile 'C:/Program Files/Epic Games/UE_4.27/FeaturePacks/StarterContent.upack' (chunk index -1, root 'root:/') mounted
[2022.04.13-17.31.06:682][  0]LogShaderLibrary: Display: ShaderCodeLibraryPakFileMountedCallback: pending pak file info (ChunkID:-1 Root:root:/ File:C:/Program Files/Epic Games/UE_4.27/FeaturePacks/StarterContent.upack)
[2022.04.13-17.31.06:682][  0]LogPakFile: OnPakFileMounted2Time == 0.000043
[2022.04.13-17.31.06:684][  0]LogPakFile: PakFile PrimaryIndexSize=190
[2022.04.13-17.31.06:684][  0]LogPakFile: PakFile PathHashIndexSize=101
[2022.04.13-17.31.06:684][  0]LogPakFile: PakFile FullDirectoryIndexSize=154
[2022.04.13-17.31.06:684][  0]LogShaderLibrary: Display: ShaderCodeLibraryPakFileMountedCallback: PakFile 'C:/Program Files/Epic Games/UE_4.27/FeaturePacks/TP_2DSideScroller.upack' (chunk index -1, root 'root:/') mounted
[2022.04.13-17.31.06:684][  0]LogShaderLibrary: Display: ShaderCodeLibraryPakFileMountedCallback: pending pak file info (ChunkID:-1 Root:root:/ File:C:/Program Files/Epic Games/UE_4.27/FeaturePacks/TP_2DSideScroller.upack)
[2022.04.13-17.31.06:684][  0]LogPakFile: OnPakFileMounted2Time == 0.000036
[2022.04.13-17.31.06:686][  0]LogPakFile: PakFile PrimaryIndexSize=192
[2022.04.13-17.31.06:686][  0]LogPakFile: PakFile PathHashIndexSize=101
[2022.04.13-17.31.06:686][  0]LogPakFile: PakFile FullDirectoryIndexSize=158
[2022.04.13-17.31.06:686][  0]LogShaderLibrary: Display: ShaderCodeLibraryPakFileMountedCallback: PakFile 'C:/Program Files/Epic Games/UE_4.27/FeaturePacks/TP_2DSideScrollerBP.upack' (chunk index -1, root 'root:/') mounted
[2022.04.13-17.31.06:686][  0]LogShaderLibrary: Display: ShaderCodeLibraryPakFileMountedCallback: pending pak file info (ChunkID:-1 Root:root:/ File:C:/Program Files/Epic Games/UE_4.27/FeaturePacks/TP_2DSideScrollerBP.upack)
[2022.04.13-17.31.06:686][  0]LogPakFile: OnPakFileMounted2Time == 0.000032
[2022.04.13-17.31.06:688][  0]LogPakFile: PakFile PrimaryIndexSize=182
[2022.04.13-17.31.06:688][  0]LogPakFile: PakFile PathHashIndexSize=101
[2022.04.13-17.31.06:688][  0]LogPakFile: PakFile FullDirectoryIndexSize=138
[2022.04.13-17.31.06:688][  0]LogShaderLibrary: Display: ShaderCodeLibraryPakFileMountedCallback: PakFile 'C:/Program Files/Epic Games/UE_4.27/FeaturePacks/TP_Flying.upack' (chunk index -1, root 'root:/') mounted
[2022.04.13-17.31.06:688][  0]LogShaderLibrary: Display: ShaderCodeLibraryPakFileMountedCallback: pending pak file info (ChunkID:-1 Root:root:/ File:C:/Program Files/Epic Games/UE_4.27/FeaturePacks/TP_Flying.upack)
[2022.04.13-17.31.06:688][  0]LogPakFile: OnPakFileMounted2Time == 0.000031
[2022.04.13-17.31.06:690][  0]LogPakFile: PakFile PrimaryIndexSize=184
[2022.04.13-17.31.06:690][  0]LogPakFile: PakFile PathHashIndexSize=101
[2022.04.13-17.31.06:690][  0]LogPakFile: PakFile FullDirectoryIndexSize=142
[2022.04.13-17.31.06:690][  0]LogShaderLibrary: Display: ShaderCodeLibraryPakFileMountedCallback: PakFile 'C:/Program Files/Epic Games/UE_4.27/FeaturePacks/TP_FlyingBP.upack' (chunk index -1, root 'root:/') mounted
[2022.04.13-17.31.06:690][  0]LogShaderLibrary: Display: ShaderCodeLibraryPakFileMountedCallback: pending pak file info (ChunkID:-1 Root:root:/ File:C:/Program Files/Epic Games/UE_4.27/FeaturePacks/TP_FlyingBP.upack)
[2022.04.13-17.31.06:690][  0]LogPakFile: OnPakFileMounted2Time == 0.000041
[2022.04.13-17.31.06:691][  0]LogPakFile: PakFile PrimaryIndexSize=188
[2022.04.13-17.31.06:691][  0]LogPakFile: PakFile PathHashIndexSize=101
[2022.04.13-17.31.06:691][  0]LogPakFile: PakFile FullDirectoryIndexSize=150
[2022.04.13-17.31.06:691][  0]LogShaderLibrary: Display: ShaderCodeLibraryPakFileMountedCallback: PakFile 'C:/Program Files/Epic Games/UE_4.27/FeaturePacks/TP_HandheldARBP.upack' (chunk index -1, root 'root:/') mounted
[2022.04.13-17.31.06:691][  0]LogShaderLibrary: Display: ShaderCodeLibraryPakFileMountedCallback: pending pak file info (ChunkID:-1 Root:root:/ File:C:/Program Files/Epic Games/UE_4.27/FeaturePacks/TP_HandheldARBP.upack)
[2022.04.13-17.31.06:691][  0]LogPakFile: OnPakFileMounted2Time == 0.000028
[2022.04.13-17.31.06:693][  0]LogPakFile: PakFile PrimaryIndexSize=182
[2022.04.13-17.31.06:693][  0]LogPakFile: PakFile PathHashIndexSize=101
[2022.04.13-17.31.06:693][  0]LogPakFile: PakFile FullDirectoryIndexSize=138
[2022.04.13-17.31.06:693][  0]LogShaderLibrary: Display: ShaderCodeLibraryPakFileMountedCallback: PakFile 'C:/Program Files/Epic Games/UE_4.27/FeaturePacks/TP_Puzzle.upack' (chunk index -1, root 'root:/') mounted
[2022.04.13-17.31.06:693][  0]LogShaderLibrary: Display: ShaderCodeLibraryPakFileMountedCallback: pending pak file info (ChunkID:-1 Root:root:/ File:C:/Program Files/Epic Games/UE_4.27/FeaturePacks/TP_Puzzle.upack)
[2022.04.13-17.31.06:693][  0]LogPakFile: OnPakFileMounted2Time == 0.000029
[2022.04.13-17.31.06:695][  0]LogPakFile: PakFile PrimaryIndexSize=184
[2022.04.13-17.31.06:695][  0]LogPakFile: PakFile PathHashIndexSize=101
[2022.04.13-17.31.06:695][  0]LogPakFile: PakFile FullDirectoryIndexSize=142
[2022.04.13-17.31.06:695][  0]LogShaderLibrary: Display: ShaderCodeLibraryPakFileMountedCallback: PakFile 'C:/Program Files/Epic Games/UE_4.27/FeaturePacks/TP_PuzzleBP.upack' (chunk index -1, root 'root:/') mounted
[2022.04.13-17.31.06:695][  0]LogShaderLibrary: Display: ShaderCodeLibraryPakFileMountedCallback: pending pak file info (ChunkID:-1 Root:root:/ File:C:/Program Files/Epic Games/UE_4.27/FeaturePacks/TP_PuzzleBP.upack)
[2022.04.13-17.31.06:695][  0]LogPakFile: OnPakFileMounted2Time == 0.000026
[2022.04.13-17.31.06:697][  0]LogPakFile: PakFile PrimaryIndexSize=183
[2022.04.13-17.31.06:697][  0]LogPakFile: PakFile PathHashIndexSize=101
[2022.04.13-17.31.06:697][  0]LogPakFile: PakFile FullDirectoryIndexSize=140
[2022.04.13-17.31.06:697][  0]LogShaderLibrary: Display: ShaderCodeLibraryPakFileMountedCallback: PakFile 'C:/Program Files/Epic Games/UE_4.27/FeaturePacks/TP_Rolling.upack' (chunk index -1, root 'root:/') mounted
[2022.04.13-17.31.06:697][  0]LogShaderLibrary: Display: ShaderCodeLibraryPakFileMountedCallback: pending pak file info (ChunkID:-1 Root:root:/ File:C:/Program Files/Epic Games/UE_4.27/FeaturePacks/TP_Rolling.upack)
[2022.04.13-17.31.06:697][  0]LogPakFile: OnPakFileMounted2Time == 0.000028
[2022.04.13-17.31.06:699][  0]LogPakFile: PakFile PrimaryIndexSize=185
[2022.04.13-17.31.06:699][  0]LogPakFile: PakFile PathHashIndexSize=101
[2022.04.13-17.31.06:699][  0]LogPakFile: PakFile FullDirectoryIndexSize=144
[2022.04.13-17.31.06:699][  0]LogShaderLibrary: Display: ShaderCodeLibraryPakFileMountedCallback: PakFile 'C:/Program Files/Epic Games/UE_4.27/FeaturePacks/TP_RollingBP.upack' (chunk index -1, root 'root:/') mounted
[2022.04.13-17.31.06:699][  0]LogShaderLibrary: Display: ShaderCodeLibraryPakFileMountedCallback: pending pak file info (ChunkID:-1 Root:root:/ File:C:/Program Files/Epic Games/UE_4.27/FeaturePacks/TP_RollingBP.upack)
[2022.04.13-17.31.06:699][  0]LogPakFile: OnPakFileMounted2Time == 0.000027
[2022.04.13-17.31.06:701][  0]LogPakFile: PakFile PrimaryIndexSize=188
[2022.04.13-17.31.06:701][  0]LogPakFile: PakFile PathHashIndexSize=101
[2022.04.13-17.31.06:701][  0]LogPakFile: PakFile FullDirectoryIndexSize=150
[2022.04.13-17.31.06:701][  0]LogShaderLibrary: Display: ShaderCodeLibraryPakFileMountedCallback: PakFile 'C:/Program Files/Epic Games/UE_4.27/FeaturePacks/TP_SideScroller.upack' (chunk index -1, root 'root:/') mounted
[2022.04.13-17.31.06:701][  0]LogShaderLibrary: Display: ShaderCodeLibraryPakFileMountedCallback: pending pak file info (ChunkID:-1 Root:root:/ File:C:/Program Files/Epic Games/UE_4.27/FeaturePacks/TP_SideScroller.upack)
[2022.04.13-17.31.06:701][  0]LogPakFile: OnPakFileMounted2Time == 0.000036
[2022.04.13-17.31.06:702][  0]LogPakFile: PakFile PrimaryIndexSize=190
[2022.04.13-17.31.06:702][  0]LogPakFile: PakFile PathHashIndexSize=101
[2022.04.13-17.31.06:702][  0]LogPakFile: PakFile FullDirectoryIndexSize=154
[2022.04.13-17.31.06:702][  0]LogShaderLibrary: Display: ShaderCodeLibraryPakFileMountedCallback: PakFile 'C:/Program Files/Epic Games/UE_4.27/FeaturePacks/TP_SideScrollerBP.upack' (chunk index -1, root 'root:/') mounted
[2022.04.13-17.31.06:702][  0]LogShaderLibrary: Display: ShaderCodeLibraryPakFileMountedCallback: pending pak file info (ChunkID:-1 Root:root:/ File:C:/Program Files/Epic Games/UE_4.27/FeaturePacks/TP_SideScrollerBP.upack)
[2022.04.13-17.31.06:702][  0]LogPakFile: OnPakFileMounted2Time == 0.000029
[2022.04.13-17.31.06:704][  0]LogPakFile: PakFile PrimaryIndexSize=187
[2022.04.13-17.31.06:704][  0]LogPakFile: PakFile PathHashIndexSize=101
[2022.04.13-17.31.06:704][  0]LogPakFile: PakFile FullDirectoryIndexSize=148
[2022.04.13-17.31.06:704][  0]LogShaderLibrary: Display: ShaderCodeLibraryPakFileMountedCallback: PakFile 'C:/Program Files/Epic Games/UE_4.27/FeaturePacks/TP_ThirdPerson.upack' (chunk index -1, root 'root:/') mounted
[2022.04.13-17.31.06:704][  0]LogShaderLibrary: Display: ShaderCodeLibraryPakFileMountedCallback: pending pak file info (ChunkID:-1 Root:root:/ File:C:/Program Files/Epic Games/UE_4.27/FeaturePacks/TP_ThirdPerson.upack)
[2022.04.13-17.31.06:704][  0]LogPakFile: OnPakFileMounted2Time == 0.000029
[2022.04.13-17.31.06:705][  0]LogPakFile: PakFile PrimaryIndexSize=189
[2022.04.13-17.31.06:705][  0]LogPakFile: PakFile PathHashIndexSize=101
[2022.04.13-17.31.06:705][  0]LogPakFile: PakFile FullDirectoryIndexSize=152
[2022.04.13-17.31.06:705][  0]LogShaderLibrary: Display: ShaderCodeLibraryPakFileMountedCallback: PakFile 'C:/Program Files/Epic Games/UE_4.27/FeaturePacks/TP_ThirdPersonBP.upack' (chunk index -1, root 'root:/') mounted
[2022.04.13-17.31.06:705][  0]LogShaderLibrary: Display: ShaderCodeLibraryPakFileMountedCallback: pending pak file info (ChunkID:-1 Root:root:/ File:C:/Program Files/Epic Games/UE_4.27/FeaturePacks/TP_ThirdPersonBP.upack)
[2022.04.13-17.31.06:706][  0]LogPakFile: OnPakFileMounted2Time == 0.000029
[2022.04.13-17.31.06:707][  0]LogPakFile: PakFile PrimaryIndexSize=183
[2022.04.13-17.31.06:707][  0]LogPakFile: PakFile PathHashIndexSize=101
[2022.04.13-17.31.06:707][  0]LogPakFile: PakFile FullDirectoryIndexSize=140
[2022.04.13-17.31.06:707][  0]LogShaderLibrary: Display: ShaderCodeLibraryPakFileMountedCallback: PakFile 'C:/Program Files/Epic Games/UE_4.27/FeaturePacks/TP_TopDown.upack' (chunk index -1, root 'root:/') mounted
[2022.04.13-17.31.06:707][  0]LogShaderLibrary: Display: ShaderCodeLibraryPakFileMountedCallback: pending pak file info (ChunkID:-1 Root:root:/ File:C:/Program Files/Epic Games/UE_4.27/FeaturePacks/TP_TopDown.upack)
[2022.04.13-17.31.06:707][  0]LogPakFile: OnPakFileMounted2Time == 0.000034
[2022.04.13-17.31.06:709][  0]LogPakFile: PakFile PrimaryIndexSize=185
[2022.04.13-17.31.06:709][  0]LogPakFile: PakFile PathHashIndexSize=101
[2022.04.13-17.31.06:709][  0]LogPakFile: PakFile FullDirectoryIndexSize=144
[2022.04.13-17.31.06:709][  0]LogShaderLibrary: Display: ShaderCodeLibraryPakFileMountedCallback: PakFile 'C:/Program Files/Epic Games/UE_4.27/FeaturePacks/TP_TopDownBP.upack' (chunk index -1, root 'root:/') mounted
[2022.04.13-17.31.06:709][  0]LogShaderLibrary: Display: ShaderCodeLibraryPakFileMountedCallback: pending pak file info (ChunkID:-1 Root:root:/ File:C:/Program Files/Epic Games/UE_4.27/FeaturePacks/TP_TopDownBP.upack)
[2022.04.13-17.31.06:709][  0]LogPakFile: OnPakFileMounted2Time == 0.000025
[2022.04.13-17.31.06:710][  0]LogPakFile: PakFile PrimaryIndexSize=185
[2022.04.13-17.31.06:710][  0]LogPakFile: PakFile PathHashIndexSize=101
[2022.04.13-17.31.06:710][  0]LogPakFile: PakFile FullDirectoryIndexSize=144
[2022.04.13-17.31.06:710][  0]LogShaderLibrary: Display: ShaderCodeLibraryPakFileMountedCallback: PakFile 'C:/Program Files/Epic Games/UE_4.27/FeaturePacks/TP_TwinStick.upack' (chunk index -1, root 'root:/') mounted
[2022.04.13-17.31.06:710][  0]LogShaderLibrary: Display: ShaderCodeLibraryPakFileMountedCallback: pending pak file info (ChunkID:-1 Root:root:/ File:C:/Program Files/Epic Games/UE_4.27/FeaturePacks/TP_TwinStick.upack)
[2022.04.13-17.31.06:710][  0]LogPakFile: OnPakFileMounted2Time == 0.000035
[2022.04.13-17.31.06:711][  0]LogPakFile: PakFile PrimaryIndexSize=187
[2022.04.13-17.31.06:711][  0]LogPakFile: PakFile PathHashIndexSize=101
[2022.04.13-17.31.06:711][  0]LogPakFile: PakFile FullDirectoryIndexSize=148
[2022.04.13-17.31.06:711][  0]LogShaderLibrary: Display: ShaderCodeLibraryPakFileMountedCallback: PakFile 'C:/Program Files/Epic Games/UE_4.27/FeaturePacks/TP_TwinStickBP.upack' (chunk index -1, root 'root:/') mounted
[2022.04.13-17.31.06:711][  0]LogShaderLibrary: Display: ShaderCodeLibraryPakFileMountedCallback: pending pak file info (ChunkID:-1 Root:root:/ File:C:/Program Files/Epic Games/UE_4.27/FeaturePacks/TP_TwinStickBP.upack)
[2022.04.13-17.31.06:711][  0]LogPakFile: OnPakFileMounted2Time == 0.000025
[2022.04.13-17.31.06:713][  0]LogPakFile: PakFile PrimaryIndexSize=183
[2022.04.13-17.31.06:713][  0]LogPakFile: PakFile PathHashIndexSize=101
[2022.04.13-17.31.06:713][  0]LogPakFile: PakFile FullDirectoryIndexSize=140
[2022.04.13-17.31.06:713][  0]LogShaderLibrary: Display: ShaderCodeLibraryPakFileMountedCallback: PakFile 'C:/Program Files/Epic Games/UE_4.27/FeaturePacks/TP_Vehicle.upack' (chunk index -1, root 'root:/') mounted
[2022.04.13-17.31.06:713][  0]LogShaderLibrary: Display: ShaderCodeLibraryPakFileMountedCallback: pending pak file info (ChunkID:-1 Root:root:/ File:C:/Program Files/Epic Games/UE_4.27/FeaturePacks/TP_Vehicle.upack)
[2022.04.13-17.31.06:713][  0]LogPakFile: OnPakFileMounted2Time == 0.000029
[2022.04.13-17.31.06:715][  0]LogPakFile: PakFile PrimaryIndexSize=186
[2022.04.13-17.31.06:715][  0]LogPakFile: PakFile PathHashIndexSize=101
[2022.04.13-17.31.06:715][  0]LogPakFile: PakFile FullDirectoryIndexSize=146
[2022.04.13-17.31.06:715][  0]LogShaderLibrary: Display: ShaderCodeLibraryPakFileMountedCallback: PakFile 'C:/Program Files/Epic Games/UE_4.27/FeaturePacks/TP_VehicleAdv.upack' (chunk index -1, root 'root:/') mounted
[2022.04.13-17.31.06:715][  0]LogShaderLibrary: Display: ShaderCodeLibraryPakFileMountedCallback: pending pak file info (ChunkID:-1 Root:root:/ File:C:/Program Files/Epic Games/UE_4.27/FeaturePacks/TP_VehicleAdv.upack)
[2022.04.13-17.31.06:715][  0]LogPakFile: OnPakFileMounted2Time == 0.000025
[2022.04.13-17.31.06:716][  0]LogPakFile: PakFile PrimaryIndexSize=188
[2022.04.13-17.31.06:716][  0]LogPakFile: PakFile PathHashIndexSize=101
[2022.04.13-17.31.06:716][  0]LogPakFile: PakFile FullDirectoryIndexSize=150
[2022.04.13-17.31.06:716][  0]LogShaderLibrary: Display: ShaderCodeLibraryPakFileMountedCallback: PakFile 'C:/Program Files/Epic Games/UE_4.27/FeaturePacks/TP_VehicleAdvBP.upack' (chunk index -1, root 'root:/') mounted
[2022.04.13-17.31.06:716][  0]LogShaderLibrary: Display: ShaderCodeLibraryPakFileMountedCallback: pending pak file info (ChunkID:-1 Root:root:/ File:C:/Program Files/Epic Games/UE_4.27/FeaturePacks/TP_VehicleAdvBP.upack)
[2022.04.13-17.31.06:716][  0]LogPakFile: OnPakFileMounted2Time == 0.000042
[2022.04.13-17.31.06:718][  0]LogPakFile: PakFile PrimaryIndexSize=185
[2022.04.13-17.31.06:718][  0]LogPakFile: PakFile PathHashIndexSize=101
[2022.04.13-17.31.06:718][  0]LogPakFile: PakFile FullDirectoryIndexSize=144
[2022.04.13-17.31.06:718][  0]LogShaderLibrary: Display: ShaderCodeLibraryPakFileMountedCallback: PakFile 'C:/Program Files/Epic Games/UE_4.27/FeaturePacks/TP_VehicleBP.upack' (chunk index -1, root 'root:/') mounted
[2022.04.13-17.31.06:718][  0]LogShaderLibrary: Display: ShaderCodeLibraryPakFileMountedCallback: pending pak file info (ChunkID:-1 Root:root:/ File:C:/Program Files/Epic Games/UE_4.27/FeaturePacks/TP_VehicleBP.upack)
[2022.04.13-17.31.06:718][  0]LogPakFile: OnPakFileMounted2Time == 0.000037
[2022.04.13-17.31.06:720][  0]LogPakFile: PakFile PrimaryIndexSize=192
[2022.04.13-17.31.06:720][  0]LogPakFile: PakFile PathHashIndexSize=101
[2022.04.13-17.31.06:720][  0]LogPakFile: PakFile FullDirectoryIndexSize=158
[2022.04.13-17.31.06:720][  0]LogShaderLibrary: Display: ShaderCodeLibraryPakFileMountedCallback: PakFile 'C:/Program Files/Epic Games/UE_4.27/FeaturePacks/TP_VirtualRealityBP.upack' (chunk index -1, root 'root:/') mounted
[2022.04.13-17.31.06:720][  0]LogShaderLibrary: Display: ShaderCodeLibraryPakFileMountedCallback: pending pak file info (ChunkID:-1 Root:root:/ File:C:/Program Files/Epic Games/UE_4.27/FeaturePacks/TP_VirtualRealityBP.upack)
[2022.04.13-17.31.06:720][  0]LogPakFile: OnPakFileMounted2Time == 0.000042
[2022.04.13-17.31.06:840][  0]LogNativeClassHierarchy: Verbose: Native class hierarchy updated for 'AddContentDialog' in 0.0003 seconds. Added 0 classes and 0 folders.
[2022.04.13-17.31.06:841][  0]LogNativeClassHierarchy: Verbose: Native class hierarchy updated for 'SceneOutliner' in 0.0004 seconds. Added 2 classes and 0 folders.
[2022.04.13-17.31.06:939][  0]LogSlate: Took 0.001641 seconds to synchronously load lazily loaded font '../../../Engine/Content/Slate/Fonts/Roboto-Regular.ttf' (155K)
[2022.04.13-17.31.06:942][  0]LogSlate: Took 0.000857 seconds to synchronously load lazily loaded font '../../../Engine/Content/Editor/Slate/Fonts/FontAwesome.ttf' (139K)
[2022.04.13-17.31.06:945][  0]LogSlate: Took 0.000892 seconds to synchronously load lazily loaded font '../../../Engine/Content/Slate/Fonts/Roboto-Bold.ttf' (160K)
[2022.04.13-17.31.07:053][  0]LogRenderer: Reallocating scene render targets to support 2172x804 Format 10 NumSamples 1 (Frame:1).
[2022.04.13-17.31.07:247][  0]LogNativeClassHierarchy: Verbose: Native class hierarchy updated for 'HierarchicalLODOutliner' in 0.0003 seconds. Added 0 classes and 0 folders.
[2022.04.13-17.31.07:247][  0]LogInput: Warning: Action ResetVR uses invalid key OculusGo_Left_Back_Click.
[2022.04.13-17.31.07:247][  0]LogInput: Warning: Action SetDestination uses invalid key OculusGo_Left_Trigger_Click.
[2022.04.13-17.31.07:247][  0]LogInput: Warning: Use -RemoveInvalidKeys to remove instances of these keys from the action mapping.
[2022.04.13-17.31.07:247][  0]LogLoad: (Engine Initialization) Total time: 22.62 seconds
[2022.04.13-17.31.07:247][  0]LogLoad: (Engine Initialization) Total Blueprint compile time: 0.00 seconds
[2022.04.13-17.31.07:310][  0]LogAssetRegistry: Asset discovery search completed in 16.4107 seconds
[2022.04.13-17.31.07:318][  0]LogCollectionManager: Fixed up redirectors for 0 collections in 0.000011 seconds (updated 0 objects)
[2022.04.13-17.31.07:324][  0]LogContentStreaming: Texture pool size now 1000 MB
