Log file open, 04/27/22 10:53:48
LogWindows: Failed to load 'aqProf.dll' (GetLastError=126)
LogWindows: File 'aqProf.dll' does not exist
LogWindows: Failed to load 'VtuneApi.dll' (GetLastError=126)
LogWindows: File 'VtuneApi.dll' does not exist
LogWindows: Failed to load 'VtuneApi32e.dll' (GetLastError=126)
LogWindows: File 'VtuneApi32e.dll' does not exist
LogConsoleResponse: Display: Failed to find resolution value strings in scalability ini. Falling back to default.
LogConsoleResponse: Display: Failed to find resolution value strings in scalability ini. Falling back to default.
LogInit: Display: Running engine for game: BitTheGame
LogPlatformFile: Not using cached read wrapper
LogTaskGraph: Started task graph with 5 named threads and 23 total threads with 3 sets of task threads.
LogStats: Stats thread started at 0.218755
LogICUInternationalization: ICU TimeZone Detection - Raw Offset: -6:00, Platform Override: ''
LogInit: Display: Loading text-based GConfig....
LogPluginManager: Mounting plugin MeshPainting
LogPluginManager: Mounting plugin XGEController
LogPluginManager: Mounting plugin Paper2D
LogPluginManager: Mounting plugin AISupport
LogPluginManager: Mounting plugin EnvironmentQueryEditor
LogPluginManager: Mounting plugin LiveLink
LogPluginManager: Mounting plugin LightPropagationVolume
LogPluginManager: Mounting plugin CameraShakePreviewer
LogPluginManager: Mounting plugin GameplayCameras
LogPluginManager: Mounting plugin OodleData
LogPluginManager: Mounting plugin OodleNetwork
LogPluginManager: Mounting plugin AnimationSharing
LogPluginManager: Mounting plugin CLionSourceCodeAccess
LogPluginManager: Mounting plugin CodeLiteSourceCodeAccess
LogPluginManager: Mounting plugin GitSourceControl
LogPluginManager: Mounting plugin KDevelopSourceCodeAccess
LogPluginManager: Mounting plugin NullSourceCodeAccess
LogPluginManager: Mounting plugin PerforceSourceControl
LogPluginManager: Mounting plugin PixWinPlugin
LogPluginManager: Mounting plugin PlasticSourceControl
LogPluginManager: Mounting plugin PropertyAccessNode
LogPluginManager: Mounting plugin PluginUtils
LogPluginManager: Mounting plugin RiderSourceCodeAccess
LogPluginManager: Mounting plugin SubversionSourceControl
LogPluginManager: Mounting plugin TextureFormatOodle
LogPluginManager: Mounting plugin UObjectPlugin
LogPluginManager: Mounting plugin VisualStudioCodeSourceCodeAccess
LogPluginManager: Mounting plugin VisualStudioSourceCodeAccess
LogPluginManager: Mounting plugin XCodeSourceCodeAccess
LogPluginManager: Mounting plugin AssetManagerEditor
LogPluginManager: Mounting plugin CryptoKeys
LogPluginManager: Mounting plugin CurveEditorTools
LogPluginManager: Mounting plugin DataValidation
LogPluginManager: Mounting plugin FacialAnimation
LogPluginManager: Mounting plugin GameplayTagsEditor
LogPluginManager: Mounting plugin GeometryMode
LogPluginManager: Mounting plugin MacGraphicsSwitching
LogPluginManager: Mounting plugin MaterialAnalyzer
LogPluginManager: Mounting plugin MobileLauncherProfileWizard
LogPluginManager: Mounting plugin PluginBrowser
LogPluginManager: Mounting plugin SpeedTreeImporter
LogPluginManager: Mounting plugin DatasmithContent
LogPluginManager: Mounting plugin VariantManagerContent
LogPluginManager: Mounting plugin Niagara
LogPluginManager: Mounting plugin AndroidMedia
LogPluginManager: Mounting plugin AvfMedia
LogPluginManager: Mounting plugin ImgMedia
LogPluginManager: Mounting plugin MediaCompositing
LogPluginManager: Mounting plugin MediaPlayerEditor
LogPluginManager: Mounting plugin WebMMedia
LogPluginManager: Mounting plugin LuminPlatformFeatures
LogPluginManager: Mounting plugin WmfMedia
LogPluginManager: Mounting plugin MagicLeap
LogPluginManager: Mounting plugin MagicLeapLightEstimation
LogPluginManager: Mounting plugin MagicLeapMedia
LogPluginManager: Mounting plugin MagicLeapPassableWorld
LogPluginManager: Mounting plugin MLSDK
LogPluginManager: Mounting plugin TcpMessaging
LogPluginManager: Mounting plugin UdpMessaging
LogPluginManager: Mounting plugin ActorSequence
LogPluginManager: Mounting plugin MatineeToLevelSequence
LogPluginManager: Mounting plugin LevelSequenceEditor
LogPluginManager: Mounting plugin TemplateSequence
LogPluginManager: Mounting plugin OnlineSubsystem
LogPluginManager: Mounting plugin OnlineSubsystemNull
LogPluginManager: Mounting plugin OnlineSubsystemUtils
LogPluginManager: Mounting plugin LauncherChunkInstaller
LogPluginManager: Mounting plugin ActorLayerUtilities
LogPluginManager: Mounting plugin AndroidDeviceProfileSelector
LogPluginManager: Mounting plugin AndroidMoviePlayer
LogPluginManager: Mounting plugin AndroidPermission
LogPluginManager: Mounting plugin AppleImageUtils
LogPluginManager: Mounting plugin ApexDestruction
LogPluginManager: Mounting plugin AppleMoviePlayer
LogPluginManager: Mounting plugin AssetTags
LogPluginManager: Mounting plugin ArchVisCharacter
LogPluginManager: Mounting plugin AudioCapture
LogPluginManager: Mounting plugin AudioSynesthesia
LogPluginManager: Mounting plugin CableComponent
LogPluginManager: Mounting plugin CustomMeshComponent
LogPluginManager: Mounting plugin ChunkDownloader
LogPluginManager: Mounting plugin EditableMesh
LogPluginManager: Mounting plugin ExampleDeviceProfileSelector
LogPluginManager: Mounting plugin GoogleCloudMessaging
LogPluginManager: Mounting plugin GooglePAD
LogPluginManager: Mounting plugin LinuxDeviceProfileSelector
LogPluginManager: Mounting plugin IOSDeviceProfileSelector
LogPluginManager: Mounting plugin LocationServicesBPLibrary
LogPluginManager: Mounting plugin MobilePatchingUtils
LogPluginManager: Mounting plugin OpenXR
LogPluginManager: Mounting plugin OpenXRHandTracking
LogPluginManager: Mounting plugin OpenXREyeTracker
LogPluginManager: Mounting plugin PhysXVehicles
LogPluginManager: Mounting plugin PostSplashScreen
LogPluginManager: Mounting plugin ProceduralMeshComponent
LogPluginManager: Mounting plugin PropertyAccessEditor
LogPluginManager: Mounting plugin RuntimePhysXCooking
LogPluginManager: Mounting plugin SignificanceManager
LogPluginManager: Mounting plugin SoundFields
LogPluginManager: Mounting plugin Synthesis
LogPluginManager: Mounting plugin WebMMoviePlayer
LogPluginManager: Mounting plugin WindowsMoviePlayer
LogPluginManager: Mounting plugin Takes
LogPluginManager: Mounting plugin ScreenshotTools
LogPluginManager: Mounting plugin AlembicImporter
LogPluginManager: Mounting plugin AutomationUtils
LogPluginManager: Mounting plugin BackChannel
LogPluginManager: Mounting plugin ChaosClothEditor
LogPluginManager: Mounting plugin ChaosCloth
LogPluginManager: Mounting plugin ChaosEditor
LogPluginManager: Mounting plugin ChaosNiagara
LogPluginManager: Mounting plugin ChaosSolverPlugin
LogPluginManager: Mounting plugin CharacterAI
LogPluginManager: Mounting plugin GeometryCache
LogPluginManager: Mounting plugin GeometryCollectionPlugin
LogPluginManager: Mounting plugin GeometryProcessing
LogPluginManager: Mounting plugin OpenImageDenoise
LogPluginManager: Mounting plugin MotoSynth
LogPluginManager: Mounting plugin PlanarCut
LogPluginManager: Mounting plugin PlatformCrypto
LogPluginManager: Mounting plugin ProxyLODPlugin
LogPluginManager: Mounting plugin PythonScriptPlugin
LogPluginManager: Mounting plugin SkeletalReduction
LogPluginManager: Mounting plugin ContentBrowserAssetDataSource
LogPluginManager: Mounting plugin ContentBrowserClassDataSource
LogPluginManager: Mounting plugin ContentBrowserFileDataSource
LogPluginManager: Mounting plugin OnlineSubsystemGooglePlay
LogPluginManager: Mounting plugin OnlineSubsystemIOS
LogPluginManager: Mounting plugin OculusVR
LogPluginManager: Mounting plugin SteamVR
PixWinPlugin: PIX capture plugin failed to initialize! Check that the process is launched from PIX.
LogInit: Using libcurl 7.55.1-DEV
LogInit:  - built for x86_64-pc-win32
LogInit:  - supports SSL with OpenSSL/1.1.1
LogInit:  - supports HTTP deflate (compression) using libz 1.2.8
LogInit:  - other features:
LogInit:      CURL_VERSION_SSL
LogInit:      CURL_VERSION_LIBZ
LogInit:      CURL_VERSION_IPV6
LogInit:      CURL_VERSION_ASYNCHDNS
LogInit:      CURL_VERSION_LARGEFILE
LogInit:      CURL_VERSION_IDN
LogInit:  CurlRequestOptions (configurable via config and command line):
LogInit:  - bVerifyPeer = true  - Libcurl will verify peer certificate
LogInit:  - bUseHttpProxy = false  - Libcurl will NOT use HTTP proxy
LogInit:  - bDontReuseConnections = false  - Libcurl will reuse connections
LogInit:  - MaxHostConnections = 16  - Libcurl will limit the number of connections to a host
LogInit:  - LocalHostAddr = Default
LogInit:  - BufferSize = 65536
LogOnline: OSS: Creating online subsystem instance for: NULL
LogInit: WinSock: version 1.1 (2.2), MaxSocks=32767, MaxUdp=65467
LogOnline: OSS: TryLoadSubsystemAndSetDefault: Loaded subsystem for module [NULL]
LogOculusPluginWrapper: OculusPlugin initialized successfully
LogHMD: Failed initializing OVRPlugin 1.59.0
LogInit: Build: ++UE4+Release-4.27-CL-18319896
LogInit: Engine Version: 4.27.2-18319896+++UE4+Release-4.27
LogInit: Compatible Engine Version: 4.27.0-17155196+++UE4+Release-4.27
LogInit: Net CL: 17155196
LogInit: OS: Windows 10 (Release 2009) (), CPU: 11th Gen Intel(R) Core(TM) i7-1185G7 @ 3.00GHz, GPU: Intel(R) Iris(R) Xe Graphics
LogInit: Compiled (64-bit): Nov 30 2021 07:12:08
LogInit: Compiled with Visual C++: 19.24.28315.00
LogInit: Build Configuration: Development
LogInit: Branch Name: ++UE4+Release-4.27
LogInit: Command Line: 
LogInit: Base Directory: C:/Program Files/Epic Games/UE_4.27/Engine/Binaries/Win64/
LogInit: Allocator: TBB
LogInit: Installed Engine Build: 1
LogDevObjectVersion: Number of dev versions registered: 29
LogDevObjectVersion:   Dev-Blueprints (B0D832E4-1F89-4F0D-ACCF-7EB736FD4AA2): 10
LogDevObjectVersion:   Dev-Build (E1C64328-A22C-4D53-A36C-8E866417BD8C): 0
LogDevObjectVersion:   Dev-Core (375EC13C-06E4-48FB-B500-84F0262A717E): 4
LogDevObjectVersion:   Dev-Editor (E4B068ED-F494-42E9-A231-DA0B2E46BB41): 40
LogDevObjectVersion:   Dev-Framework (CFFC743F-43B0-4480-9391-14DF171D2073): 37
LogDevObjectVersion:   Dev-Mobile (B02B49B5-BB20-44E9-A304-32B752E40360): 3
LogDevObjectVersion:   Dev-Networking (A4E4105C-59A1-49B5-A7C5-40C4547EDFEE): 0
LogDevObjectVersion:   Dev-Online (39C831C9-5AE6-47DC-9A44-9C173E1C8E7C): 0
LogDevObjectVersion:   Dev-Physics (78F01B33-EBEA-4F98-B9B4-84EACCB95AA2): 14
LogDevObjectVersion:   Dev-Platform (6631380F-2D4D-43E0-8009-CF276956A95A): 0
LogDevObjectVersion:   Dev-Rendering (12F88B9F-8875-4AFC-A67C-D90C383ABD29): 45
LogDevObjectVersion:   Dev-Sequencer (7B5AE74C-D270-4C10-A958-57980B212A5A): 13
LogDevObjectVersion:   Dev-VR (D7296918-1DD6-4BDD-9DE2-64A83CC13884): 3
LogDevObjectVersion:   Dev-LoadTimes (C2A15278-BFE7-4AFE-6C17-90FF531DF755): 1
LogDevObjectVersion:   Private-Geometry (6EACA3D4-40EC-4CC1-B786-8BED09428FC5): 3
LogDevObjectVersion:   Dev-AnimPhys (29E575DD-E0A3-4627-9D10-D276232CDCEA): 17
LogDevObjectVersion:   Dev-Anim (AF43A65D-7FD3-4947-9873-3E8ED9C1BB05): 15
LogDevObjectVersion:   Dev-ReflectionCapture (6B266CEC-1EC7-4B8F-A30B-E4D90942FC07): 1
LogDevObjectVersion:   Dev-Automation (0DF73D61-A23F-47EA-B727-89E90C41499A): 1
LogDevObjectVersion:   FortniteMain (601D1886-AC64-4F84-AA16-D3DE0DEAC7D6): 47
LogDevObjectVersion:   FortniteRelease (E7086368-6B23-4C58-8439-1B7016265E91): 1
LogDevObjectVersion:   Dev-Enterprise (9DFFBCD6-494F-0158-E221-12823C92A888): 10
LogDevObjectVersion:   Dev-Niagara (F2AED0AC-9AFE-416F-8664-AA7FFA26D6FC): 1
LogDevObjectVersion:   Dev-Destruction (174F1F0B-B4C6-45A5-B13F-2EE8D0FB917D): 10
LogDevObjectVersion:   Dev-Physics-Ext (35F94A83-E258-406C-A318-09F59610247C): 41
LogDevObjectVersion:   Dev-PhysicsMaterial-Chaos (B68FC16E-8B1B-42E2-B453-215C058844FE): 1
LogDevObjectVersion:   Dev-CineCamera (B2E18506-4273-CFC2-A54E-F4BB758BBA07): 1
LogDevObjectVersion:   Dev-VirtualProduction (64F58936-FD1B-42BA-BA96-7289D5D0FA4E): 1
LogDevObjectVersion:   Dev-MediaFramework (6F0ED827-A609-4895-9C91-998D90180EA4): 2
LogInit: Presizing for max 25165824 objects, including 0 objects not considered by GC, pre-allocating 0 bytes for permanent pool.
LogConfig: Applying CVar settings from Section [/Script/Engine.StreamingSettings] File [C:/Users/smoor/Documents/CS/CS498GD/FinalProject/bit-by-bit/BitTheGame/Saved/Config/Windows/Engine.ini]
LogConfig: Setting CVar [[s.MinBulkDataSizeForAsyncLoading:131072]]
LogConfig: Setting CVar [[s.AsyncLoadingThreadEnabled:0]]
LogConfig: Setting CVar [[s.EventDrivenLoaderEnabled:1]]
LogConfig: Setting CVar [[s.WarnIfTimeLimitExceeded:0]]
LogConfig: Setting CVar [[s.TimeLimitExceededMultiplier:1.5]]
LogConfig: Setting CVar [[s.TimeLimitExceededMinTime:0.005]]
LogConfig: Setting CVar [[s.UseBackgroundLevelStreaming:1]]
LogConfig: Setting CVar [[s.PriorityAsyncLoadingExtraTime:15.0]]
LogConfig: Setting CVar [[s.LevelStreamingActorsUpdateTimeLimit:5.0]]
LogConfig: Setting CVar [[s.PriorityLevelStreamingActorsUpdateExtraTime:5.0]]
LogConfig: Setting CVar [[s.LevelStreamingComponentsRegistrationGranularity:10]]
LogConfig: Setting CVar [[s.UnregisterComponentsTimeLimit:1.0]]
LogConfig: Setting CVar [[s.LevelStreamingComponentsUnregistrationGranularity:5]]
LogConfig: Setting CVar [[s.FlushStreamingOnExit:1]]
LogInit: Object subsystem initialized
LogConfig: Setting CVar [[con.DebugEarlyDefault:1]]
LogConfig: Setting CVar [[r.setres:1280x720]]
[2022.04.27-15.53.49:049][  0]LogConfig: Setting CVar [[r.VSync:0]]
[2022.04.27-15.53.49:049][  0]LogConfig: Setting CVar [[r.RHICmdBypass:0]]
[2022.04.27-15.53.49:049][  0]LogConfig: Applying CVar settings from Section [/Script/Engine.RendererSettings] File [C:/Users/smoor/Documents/CS/CS498GD/FinalProject/bit-by-bit/BitTheGame/Saved/Config/Windows/Engine.ini]
[2022.04.27-15.53.49:049][  0]LogConfig: Setting CVar [[r.GPUCrashDebugging:0]]
[2022.04.27-15.53.49:049][  0]LogConfig: Applying CVar settings from Section [/Script/Engine.RendererOverrideSettings] File [C:/Users/smoor/Documents/CS/CS498GD/FinalProject/bit-by-bit/BitTheGame/Saved/Config/Windows/Engine.ini]
[2022.04.27-15.53.49:049][  0]LogConfig: Applying CVar settings from Section [/Script/Engine.StreamingSettings] File [C:/Users/smoor/Documents/CS/CS498GD/FinalProject/bit-by-bit/BitTheGame/Saved/Config/Windows/Engine.ini]
[2022.04.27-15.53.49:049][  0]LogConfig: Setting CVar [[s.MinBulkDataSizeForAsyncLoading:131072]]
[2022.04.27-15.53.49:049][  0]LogConfig: Setting CVar [[s.AsyncLoadingThreadEnabled:0]]
[2022.04.27-15.53.49:049][  0]LogConfig: Setting CVar [[s.EventDrivenLoaderEnabled:1]]
[2022.04.27-15.53.49:049][  0]LogConfig: Setting CVar [[s.WarnIfTimeLimitExceeded:0]]
[2022.04.27-15.53.49:049][  0]LogConfig: Setting CVar [[s.TimeLimitExceededMultiplier:1.5]]
[2022.04.27-15.53.49:049][  0]LogConfig: Setting CVar [[s.TimeLimitExceededMinTime:0.005]]
[2022.04.27-15.53.49:049][  0]LogConfig: Setting CVar [[s.UseBackgroundLevelStreaming:1]]
[2022.04.27-15.53.49:049][  0]LogConfig: Setting CVar [[s.PriorityAsyncLoadingExtraTime:15.0]]
[2022.04.27-15.53.49:049][  0]LogConfig: Setting CVar [[s.LevelStreamingActorsUpdateTimeLimit:5.0]]
[2022.04.27-15.53.49:049][  0]LogConfig: Setting CVar [[s.PriorityLevelStreamingActorsUpdateExtraTime:5.0]]
[2022.04.27-15.53.49:049][  0]LogConfig: Setting CVar [[s.LevelStreamingComponentsRegistrationGranularity:10]]
[2022.04.27-15.53.49:049][  0]LogConfig: Setting CVar [[s.UnregisterComponentsTimeLimit:1.0]]
[2022.04.27-15.53.49:049][  0]LogConfig: Setting CVar [[s.LevelStreamingComponentsUnregistrationGranularity:5]]
[2022.04.27-15.53.49:049][  0]LogConfig: Setting CVar [[s.FlushStreamingOnExit:1]]
[2022.04.27-15.53.49:049][  0]LogConfig: Applying CVar settings from Section [/Script/Engine.GarbageCollectionSettings] File [C:/Users/smoor/Documents/CS/CS498GD/FinalProject/bit-by-bit/BitTheGame/Saved/Config/Windows/Engine.ini]
[2022.04.27-15.53.49:049][  0]LogConfig: Setting CVar [[gc.MaxObjectsNotConsideredByGC:1]]
[2022.04.27-15.53.49:049][  0]LogConfig: Setting CVar [[gc.SizeOfPermanentObjectPool:0]]
[2022.04.27-15.53.49:049][  0]LogConfig: Setting CVar [[gc.FlushStreamingOnGC:0]]
[2022.04.27-15.53.49:049][  0]LogConfig: Setting CVar [[gc.NumRetriesBeforeForcingGC:10]]
[2022.04.27-15.53.49:049][  0]LogConfig: Setting CVar [[gc.AllowParallelGC:1]]
[2022.04.27-15.53.49:049][  0]LogConfig: Setting CVar [[gc.TimeBetweenPurgingPendingKillObjects:61.1]]
[2022.04.27-15.53.49:049][  0]LogConfig: Setting CVar [[gc.MaxObjectsInEditor:25165824]]
[2022.04.27-15.53.49:049][  0]LogConfig: Setting CVar [[gc.IncrementalBeginDestroyEnabled:1]]
[2022.04.27-15.53.49:049][  0]LogConfig: Setting CVar [[gc.CreateGCClusters:1]]
[2022.04.27-15.53.49:049][  0]LogConfig: Setting CVar [[gc.MinGCClusterSize:5]]
[2022.04.27-15.53.49:049][  0]LogConfig: Setting CVar [[gc.ActorClusteringEnabled:0]]
[2022.04.27-15.53.49:049][  0]LogConfig: Setting CVar [[gc.BlueprintClusteringEnabled:0]]
[2022.04.27-15.53.49:049][  0]LogConfig: Setting CVar [[gc.UseDisregardForGCOnDedicatedServers:0]]
[2022.04.27-15.53.49:049][  0]LogConfig: Setting CVar [[gc.MultithreadedDestructionEnabled:1]]
[2022.04.27-15.53.49:049][  0]LogConfig: Applying CVar settings from Section [/Script/Engine.NetworkSettings] File [C:/Users/smoor/Documents/CS/CS498GD/FinalProject/bit-by-bit/BitTheGame/Saved/Config/Windows/Engine.ini]
[2022.04.27-15.53.49:049][  0]LogConfig: Applying CVar settings from Section [/Script/UnrealEd.CookerSettings] File [C:/Users/smoor/Documents/CS/CS498GD/FinalProject/bit-by-bit/BitTheGame/Saved/Config/Windows/Engine.ini]
[2022.04.27-15.53.49:070][  0]LogConfig: Applying CVar settings from Section [ViewDistanceQuality@3] File [C:/Users/smoor/Documents/CS/CS498GD/FinalProject/bit-by-bit/BitTheGame/Saved/Config/Windows/Scalability.ini]
[2022.04.27-15.53.49:070][  0]LogConfig: Setting CVar [[r.SkeletalMeshLODBias:0]]
[2022.04.27-15.53.49:071][  0]LogConfig: Setting CVar [[r.ViewDistanceScale:1.0]]
[2022.04.27-15.53.49:071][  0]LogConfig: Applying CVar settings from Section [AntiAliasingQuality@3] File [C:/Users/smoor/Documents/CS/CS498GD/FinalProject/bit-by-bit/BitTheGame/Saved/Config/Windows/Scalability.ini]
[2022.04.27-15.53.49:071][  0]LogConfig: Setting CVar [[r.PostProcessAAQuality:4]]
[2022.04.27-15.53.49:071][  0]LogConfig: Applying CVar settings from Section [ShadowQuality@3] File [C:/Users/smoor/Documents/CS/CS498GD/FinalProject/bit-by-bit/BitTheGame/Saved/Config/Windows/Scalability.ini]
[2022.04.27-15.53.49:071][  0]LogConfig: Setting CVar [[r.LightFunctionQuality:1]]
[2022.04.27-15.53.49:071][  0]LogConfig: Setting CVar [[r.ShadowQuality:5]]
[2022.04.27-15.53.49:071][  0]LogConfig: Setting CVar [[r.Shadow.CSM.MaxCascades:10]]
[2022.04.27-15.53.49:071][  0]LogConfig: Setting CVar [[r.Shadow.MaxResolution:2048]]
[2022.04.27-15.53.49:071][  0]LogConfig: Setting CVar [[r.Shadow.MaxCSMResolution:2048]]
[2022.04.27-15.53.49:071][  0]LogConfig: Setting CVar [[r.Shadow.RadiusThreshold:0.01]]
[2022.04.27-15.53.49:071][  0]LogConfig: Setting CVar [[r.Shadow.DistanceScale:1.0]]
[2022.04.27-15.53.49:071][  0]LogConfig: Setting CVar [[r.Shadow.CSM.TransitionScale:1.0]]
[2022.04.27-15.53.49:071][  0]LogConfig: Setting CVar [[r.Shadow.PreShadowResolutionFactor:1.0]]
[2022.04.27-15.53.49:071][  0]LogConfig: Setting CVar [[r.DistanceFieldShadowing:1]]
[2022.04.27-15.53.49:071][  0]LogConfig: Setting CVar [[r.DistanceFieldAO:1]]
[2022.04.27-15.53.49:071][  0]LogConfig: Setting CVar [[r.AOQuality:2]]
[2022.04.27-15.53.49:071][  0]LogConfig: Setting CVar [[r.VolumetricFog:1]]
[2022.04.27-15.53.49:071][  0]LogConfig: Setting CVar [[r.VolumetricFog.GridPixelSize:8]]
[2022.04.27-15.53.49:071][  0]LogConfig: Setting CVar [[r.VolumetricFog.GridSizeZ:128]]
[2022.04.27-15.53.49:071][  0]LogConfig: Setting CVar [[r.VolumetricFog.HistoryMissSupersampleCount:4]]
[2022.04.27-15.53.49:071][  0]LogConfig: Setting CVar [[r.LightMaxDrawDistanceScale:1]]
[2022.04.27-15.53.49:071][  0]LogConfig: Setting CVar [[r.CapsuleShadows:1]]
[2022.04.27-15.53.49:071][  0]LogConfig: Applying CVar settings from Section [PostProcessQuality@3] File [C:/Users/smoor/Documents/CS/CS498GD/FinalProject/bit-by-bit/BitTheGame/Saved/Config/Windows/Scalability.ini]
[2022.04.27-15.53.49:071][  0]LogConfig: Setting CVar [[r.MotionBlurQuality:4]]
[2022.04.27-15.53.49:071][  0]LogConfig: Setting CVar [[r.AmbientOcclusionMipLevelFactor:0.4]]
[2022.04.27-15.53.49:071][  0]LogConfig: Setting CVar [[r.AmbientOcclusionMaxQuality:100]]
[2022.04.27-15.53.49:071][  0]LogConfig: Setting CVar [[r.AmbientOcclusionLevels:-1]]
[2022.04.27-15.53.49:071][  0]LogConfig: Setting CVar [[r.AmbientOcclusionRadiusScale:1.0]]
[2022.04.27-15.53.49:071][  0]LogConfig: Setting CVar [[r.DepthOfFieldQuality:2]]
[2022.04.27-15.53.49:071][  0]LogConfig: Setting CVar [[r.RenderTargetPoolMin:400]]
[2022.04.27-15.53.49:071][  0]LogConfig: Setting CVar [[r.LensFlareQuality:2]]
[2022.04.27-15.53.49:071][  0]LogConfig: Setting CVar [[r.SceneColorFringeQuality:1]]
[2022.04.27-15.53.49:071][  0]LogConfig: Setting CVar [[r.EyeAdaptationQuality:2]]
[2022.04.27-15.53.49:071][  0]LogConfig: Setting CVar [[r.BloomQuality:5]]
[2022.04.27-15.53.49:071][  0]LogConfig: Setting CVar [[r.FastBlurThreshold:100]]
[2022.04.27-15.53.49:071][  0]LogConfig: Setting CVar [[r.Upscale.Quality:3]]
[2022.04.27-15.53.49:071][  0]LogConfig: Setting CVar [[r.Tonemapper.GrainQuantization:1]]
[2022.04.27-15.53.49:071][  0]LogConfig: Setting CVar [[r.LightShaftQuality:1]]
[2022.04.27-15.53.49:071][  0]LogConfig: Setting CVar [[r.Filter.SizeScale:1]]
[2022.04.27-15.53.49:071][  0]LogConfig: Setting CVar [[r.Tonemapper.Quality:5]]
[2022.04.27-15.53.49:071][  0]LogConfig: Setting CVar [[r.DOF.Gather.AccumulatorQuality:1        ; higher gathering accumulator quality]]
[2022.04.27-15.53.49:071][  0]LogConfig: Setting CVar [[r.DOF.Gather.PostfilterMethod:1          ; Median3x3 postfilering method]]
[2022.04.27-15.53.49:071][  0]LogConfig: Setting CVar [[r.DOF.Gather.EnableBokehSettings:0       ; no bokeh simulation when gathering]]
[2022.04.27-15.53.49:071][  0]LogConfig: Setting CVar [[r.DOF.Gather.RingCount:4                 ; medium number of samples when gathering]]
[2022.04.27-15.53.49:071][  0]LogConfig: Setting CVar [[r.DOF.Scatter.ForegroundCompositing:1    ; additive foreground scattering]]
[2022.04.27-15.53.49:071][  0]LogConfig: Setting CVar [[r.DOF.Scatter.BackgroundCompositing:2    ; additive background scattering]]
[2022.04.27-15.53.49:071][  0]LogConfig: Setting CVar [[r.DOF.Scatter.EnableBokehSettings:1      ; bokeh simulation when scattering]]
[2022.04.27-15.53.49:071][  0]LogConfig: Setting CVar [[r.DOF.Scatter.MaxSpriteRatio:0.1         ; only a maximum of 10% of scattered bokeh]]
[2022.04.27-15.53.49:071][  0]LogConfig: Setting CVar [[r.DOF.Recombine.Quality:1                ; cheap slight out of focus]]
[2022.04.27-15.53.49:071][  0]LogConfig: Setting CVar [[r.DOF.Recombine.EnableBokehSettings:0    ; no bokeh simulation on slight out of focus]]
[2022.04.27-15.53.49:071][  0]LogConfig: Setting CVar [[r.DOF.TemporalAAQuality:1                ; more stable temporal accumulation]]
[2022.04.27-15.53.49:071][  0]LogConfig: Setting CVar [[r.DOF.Kernel.MaxForegroundRadius:0.025]]
[2022.04.27-15.53.49:071][  0]LogConfig: Setting CVar [[r.DOF.Kernel.MaxBackgroundRadius:0.025]]
[2022.04.27-15.53.49:071][  0]LogConfig: Applying CVar settings from Section [TextureQuality@3] File [C:/Users/smoor/Documents/CS/CS498GD/FinalProject/bit-by-bit/BitTheGame/Saved/Config/Windows/Scalability.ini]
[2022.04.27-15.53.49:071][  0]LogConfig: Setting CVar [[r.Streaming.MipBias:0]]
[2022.04.27-15.53.49:071][  0]LogConfig: Setting CVar [[r.Streaming.AmortizeCPUToGPUCopy:0]]
[2022.04.27-15.53.49:071][  0]LogConfig: Setting CVar [[r.Streaming.MaxNumTexturesToStreamPerFrame:0]]
[2022.04.27-15.53.49:071][  0]LogConfig: Setting CVar [[r.Streaming.Boost:1]]
[2022.04.27-15.53.49:071][  0]LogConfig: Setting CVar [[r.MaxAnisotropy:8]]
[2022.04.27-15.53.49:071][  0]LogConfig: Setting CVar [[r.VT.MaxAnisotropy:8]]
[2022.04.27-15.53.49:071][  0]LogConfig: Setting CVar [[r.Streaming.LimitPoolSizeToVRAM:0]]
[2022.04.27-15.53.49:071][  0]LogConfig: Setting CVar [[r.Streaming.PoolSize:1000]]
[2022.04.27-15.53.49:071][  0]LogConfig: Setting CVar [[r.Streaming.MaxEffectiveScreenSize:0]]
[2022.04.27-15.53.49:071][  0]LogConfig: Applying CVar settings from Section [EffectsQuality@3] File [C:/Users/smoor/Documents/CS/CS498GD/FinalProject/bit-by-bit/BitTheGame/Saved/Config/Windows/Scalability.ini]
[2022.04.27-15.53.49:071][  0]LogConfig: Setting CVar [[r.TranslucencyLightingVolumeDim:64]]
[2022.04.27-15.53.49:071][  0]LogConfig: Setting CVar [[r.RefractionQuality:2]]
[2022.04.27-15.53.49:071][  0]LogConfig: Setting CVar [[r.SSR.Quality:3]]
[2022.04.27-15.53.49:071][  0]LogConfig: Setting CVar [[r.SSR.HalfResSceneColor:0]]
[2022.04.27-15.53.49:071][  0]LogConfig: Setting CVar [[r.SceneColorFormat:4]]
[2022.04.27-15.53.49:071][  0]LogConfig: Setting CVar [[r.DetailMode:2]]
[2022.04.27-15.53.49:071][  0]LogConfig: Setting CVar [[r.TranslucencyVolumeBlur:1]]
[2022.04.27-15.53.49:071][  0]LogConfig: Setting CVar [[r.MaterialQualityLevel:1 ; High quality]]
[2022.04.27-15.53.49:071][  0]LogConfig: Setting CVar [[r.AnisotropicMaterials:1]]
[2022.04.27-15.53.49:071][  0]LogConfig: Setting CVar [[r.SSS.Scale:1]]
[2022.04.27-15.53.49:071][  0]LogConfig: Setting CVar [[r.SSS.SampleSet:2]]
[2022.04.27-15.53.49:071][  0]LogConfig: Setting CVar [[r.SSS.Quality:1]]
[2022.04.27-15.53.49:071][  0]LogConfig: Setting CVar [[r.SSS.HalfRes:0]]
[2022.04.27-15.53.49:071][  0]LogConfig: Setting CVar [[r.SSGI.Quality:3]]
[2022.04.27-15.53.49:071][  0]LogConfig: Setting CVar [[r.EmitterSpawnRateScale:1.0]]
[2022.04.27-15.53.49:071][  0]LogConfig: Setting CVar [[r.ParticleLightQuality:2]]
[2022.04.27-15.53.49:071][  0]LogConfig: Setting CVar [[r.SkyAtmosphere.AerialPerspectiveLUT.FastApplyOnOpaque:1 ; Always have FastSkyLUT 1 in this case to avoid wrong sky]]
[2022.04.27-15.53.49:071][  0]LogConfig: Setting CVar [[r.SkyAtmosphere.AerialPerspectiveLUT.SampleCountMaxPerSlice:4]]
[2022.04.27-15.53.49:071][  0]LogConfig: Setting CVar [[r.SkyAtmosphere.AerialPerspectiveLUT.DepthResolution:16.0]]
[2022.04.27-15.53.49:071][  0]LogConfig: Setting CVar [[r.SkyAtmosphere.FastSkyLUT:1]]
[2022.04.27-15.53.49:071][  0]LogConfig: Setting CVar [[r.SkyAtmosphere.FastSkyLUT.SampleCountMin:4.0]]
[2022.04.27-15.53.49:071][  0]LogConfig: Setting CVar [[r.SkyAtmosphere.FastSkyLUT.SampleCountMax:128.0]]
[2022.04.27-15.53.49:071][  0]LogConfig: Setting CVar [[r.SkyAtmosphere.SampleCountMin:4.0]]
[2022.04.27-15.53.49:071][  0]LogConfig: Setting CVar [[r.SkyAtmosphere.SampleCountMax:128.0]]
[2022.04.27-15.53.49:071][  0]LogConfig: Setting CVar [[r.SkyAtmosphere.TransmittanceLUT.UseSmallFormat:0]]
[2022.04.27-15.53.49:071][  0]LogConfig: Setting CVar [[r.SkyAtmosphere.TransmittanceLUT.SampleCount:10.0]]
[2022.04.27-15.53.49:071][  0]LogConfig: Setting CVar [[r.SkyAtmosphere.MultiScatteringLUT.SampleCount:15.0]]
[2022.04.27-15.53.49:071][  0]LogConfig: Setting CVar [[r.SkyLight.RealTimeReflectionCapture:1]]
[2022.04.27-15.53.49:071][  0]LogConfig: Applying CVar settings from Section [FoliageQuality@3] File [C:/Users/smoor/Documents/CS/CS498GD/FinalProject/bit-by-bit/BitTheGame/Saved/Config/Windows/Scalability.ini]
[2022.04.27-15.53.49:071][  0]LogConfig: Setting CVar [[foliage.DensityScale:1.0]]
[2022.04.27-15.53.49:071][  0]LogConfig: Setting CVar [[grass.DensityScale:1.0]]
[2022.04.27-15.53.49:071][  0]LogConfig: Applying CVar settings from Section [ShadingQuality@3] File [C:/Users/smoor/Documents/CS/CS498GD/FinalProject/bit-by-bit/BitTheGame/Saved/Config/Windows/Scalability.ini]
[2022.04.27-15.53.49:071][  0]LogConfig: Setting CVar [[r.HairStrands.SkyLighting.IntegrationType:2]]
[2022.04.27-15.53.49:071][  0]LogConfig: Setting CVar [[r.HairStrands.SkyAO.SampleCount:4]]
[2022.04.27-15.53.49:071][  0]LogConfig: Setting CVar [[r.HairStrands.Visibility.MSAA.SamplePerPixel:4]]
[2022.04.27-15.53.49:071][  0]LogInit: Selected Device Profile: [Windows]
[2022.04.27-15.53.49:071][  0]LogInit: Applying CVar settings loaded from the selected device profile: [Windows]
[2022.04.27-15.53.49:071][  0]LogHAL: Display: Platform has ~ 16 GB [16872415232 / 17179869184 / 16], which maps to Larger [LargestMinGB=32, LargerMinGB=12, DefaultMinGB=8, SmallerMinGB=6, SmallestMinGB=0)
[2022.04.27-15.53.49:071][  0]LogInit: Going up to parent DeviceProfile []
[2022.04.27-15.53.49:071][  0]LogConfig: Applying CVar settings from Section [ViewDistanceQuality@3] File [C:/Users/smoor/Documents/CS/CS498GD/FinalProject/bit-by-bit/BitTheGame/Saved/Config/Windows/Scalability.ini]
[2022.04.27-15.53.49:071][  0]LogConfig: Setting CVar [[r.SkeletalMeshLODBias:0]]
[2022.04.27-15.53.49:071][  0]LogConfig: Setting CVar [[r.ViewDistanceScale:1.0]]
[2022.04.27-15.53.49:071][  0]LogConfig: Applying CVar settings from Section [AntiAliasingQuality@3] File [C:/Users/smoor/Documents/CS/CS498GD/FinalProject/bit-by-bit/BitTheGame/Saved/Config/Windows/Scalability.ini]
[2022.04.27-15.53.49:071][  0]LogConfig: Setting CVar [[r.PostProcessAAQuality:4]]
[2022.04.27-15.53.49:072][  0]LogConfig: Applying CVar settings from Section [ShadowQuality@3] File [C:/Users/smoor/Documents/CS/CS498GD/FinalProject/bit-by-bit/BitTheGame/Saved/Config/Windows/Scalability.ini]
[2022.04.27-15.53.49:072][  0]LogConfig: Setting CVar [[r.LightFunctionQuality:1]]
[2022.04.27-15.53.49:072][  0]LogConfig: Setting CVar [[r.ShadowQuality:5]]
[2022.04.27-15.53.49:072][  0]LogConfig: Setting CVar [[r.Shadow.CSM.MaxCascades:10]]
[2022.04.27-15.53.49:072][  0]LogConfig: Setting CVar [[r.Shadow.MaxResolution:2048]]
[2022.04.27-15.53.49:072][  0]LogConfig: Setting CVar [[r.Shadow.MaxCSMResolution:2048]]
[2022.04.27-15.53.49:072][  0]LogConfig: Setting CVar [[r.Shadow.RadiusThreshold:0.01]]
[2022.04.27-15.53.49:072][  0]LogConfig: Setting CVar [[r.Shadow.DistanceScale:1.0]]
[2022.04.27-15.53.49:072][  0]LogConfig: Setting CVar [[r.Shadow.CSM.TransitionScale:1.0]]
[2022.04.27-15.53.49:072][  0]LogConfig: Setting CVar [[r.Shadow.PreShadowResolutionFactor:1.0]]
[2022.04.27-15.53.49:072][  0]LogConfig: Setting CVar [[r.DistanceFieldShadowing:1]]
[2022.04.27-15.53.49:072][  0]LogConfig: Setting CVar [[r.DistanceFieldAO:1]]
[2022.04.27-15.53.49:072][  0]LogConfig: Setting CVar [[r.AOQuality:2]]
[2022.04.27-15.53.49:072][  0]LogConfig: Setting CVar [[r.VolumetricFog:1]]
[2022.04.27-15.53.49:072][  0]LogConfig: Setting CVar [[r.VolumetricFog.GridPixelSize:8]]
[2022.04.27-15.53.49:072][  0]LogConfig: Setting CVar [[r.VolumetricFog.GridSizeZ:128]]
[2022.04.27-15.53.49:072][  0]LogConfig: Setting CVar [[r.VolumetricFog.HistoryMissSupersampleCount:4]]
[2022.04.27-15.53.49:072][  0]LogConfig: Setting CVar [[r.LightMaxDrawDistanceScale:1]]
[2022.04.27-15.53.49:072][  0]LogConfig: Setting CVar [[r.CapsuleShadows:1]]
[2022.04.27-15.53.49:072][  0]LogConfig: Applying CVar settings from Section [PostProcessQuality@3] File [C:/Users/smoor/Documents/CS/CS498GD/FinalProject/bit-by-bit/BitTheGame/Saved/Config/Windows/Scalability.ini]
[2022.04.27-15.53.49:072][  0]LogConfig: Setting CVar [[r.MotionBlurQuality:4]]
[2022.04.27-15.53.49:072][  0]LogConfig: Setting CVar [[r.AmbientOcclusionMipLevelFactor:0.4]]
[2022.04.27-15.53.49:072][  0]LogConfig: Setting CVar [[r.AmbientOcclusionMaxQuality:100]]
[2022.04.27-15.53.49:072][  0]LogConfig: Setting CVar [[r.AmbientOcclusionLevels:-1]]
[2022.04.27-15.53.49:072][  0]LogConfig: Setting CVar [[r.AmbientOcclusionRadiusScale:1.0]]
[2022.04.27-15.53.49:072][  0]LogConfig: Setting CVar [[r.DepthOfFieldQuality:2]]
[2022.04.27-15.53.49:072][  0]LogConfig: Setting CVar [[r.RenderTargetPoolMin:400]]
[2022.04.27-15.53.49:072][  0]LogConfig: Setting CVar [[r.LensFlareQuality:2]]
[2022.04.27-15.53.49:072][  0]LogConfig: Setting CVar [[r.SceneColorFringeQuality:1]]
[2022.04.27-15.53.49:072][  0]LogConfig: Setting CVar [[r.EyeAdaptationQuality:2]]
[2022.04.27-15.53.49:072][  0]LogConfig: Setting CVar [[r.BloomQuality:5]]
[2022.04.27-15.53.49:072][  0]LogConfig: Setting CVar [[r.FastBlurThreshold:100]]
[2022.04.27-15.53.49:072][  0]LogConfig: Setting CVar [[r.Upscale.Quality:3]]
[2022.04.27-15.53.49:072][  0]LogConfig: Setting CVar [[r.Tonemapper.GrainQuantization:1]]
[2022.04.27-15.53.49:072][  0]LogConfig: Setting CVar [[r.LightShaftQuality:1]]
[2022.04.27-15.53.49:072][  0]LogConfig: Setting CVar [[r.Filter.SizeScale:1]]
[2022.04.27-15.53.49:072][  0]LogConfig: Setting CVar [[r.Tonemapper.Quality:5]]
[2022.04.27-15.53.49:072][  0]LogConfig: Setting CVar [[r.DOF.Gather.AccumulatorQuality:1        ; higher gathering accumulator quality]]
[2022.04.27-15.53.49:072][  0]LogConfig: Setting CVar [[r.DOF.Gather.PostfilterMethod:1          ; Median3x3 postfilering method]]
[2022.04.27-15.53.49:072][  0]LogConfig: Setting CVar [[r.DOF.Gather.EnableBokehSettings:0       ; no bokeh simulation when gathering]]
[2022.04.27-15.53.49:072][  0]LogConfig: Setting CVar [[r.DOF.Gather.RingCount:4                 ; medium number of samples when gathering]]
[2022.04.27-15.53.49:072][  0]LogConfig: Setting CVar [[r.DOF.Scatter.ForegroundCompositing:1    ; additive foreground scattering]]
[2022.04.27-15.53.49:072][  0]LogConfig: Setting CVar [[r.DOF.Scatter.BackgroundCompositing:2    ; additive background scattering]]
[2022.04.27-15.53.49:072][  0]LogConfig: Setting CVar [[r.DOF.Scatter.EnableBokehSettings:1      ; bokeh simulation when scattering]]
[2022.04.27-15.53.49:072][  0]LogConfig: Setting CVar [[r.DOF.Scatter.MaxSpriteRatio:0.1         ; only a maximum of 10% of scattered bokeh]]
[2022.04.27-15.53.49:072][  0]LogConfig: Setting CVar [[r.DOF.Recombine.Quality:1                ; cheap slight out of focus]]
[2022.04.27-15.53.49:072][  0]LogConfig: Setting CVar [[r.DOF.Recombine.EnableBokehSettings:0    ; no bokeh simulation on slight out of focus]]
[2022.04.27-15.53.49:072][  0]LogConfig: Setting CVar [[r.DOF.TemporalAAQuality:1                ; more stable temporal accumulation]]
[2022.04.27-15.53.49:072][  0]LogConfig: Setting CVar [[r.DOF.Kernel.MaxForegroundRadius:0.025]]
[2022.04.27-15.53.49:072][  0]LogConfig: Setting CVar [[r.DOF.Kernel.MaxBackgroundRadius:0.025]]
[2022.04.27-15.53.49:072][  0]LogConfig: Applying CVar settings from Section [TextureQuality@3] File [C:/Users/smoor/Documents/CS/CS498GD/FinalProject/bit-by-bit/BitTheGame/Saved/Config/Windows/Scalability.ini]
[2022.04.27-15.53.49:072][  0]LogConfig: Setting CVar [[r.Streaming.MipBias:0]]
[2022.04.27-15.53.49:072][  0]LogConfig: Setting CVar [[r.Streaming.AmortizeCPUToGPUCopy:0]]
[2022.04.27-15.53.49:072][  0]LogConfig: Setting CVar [[r.Streaming.MaxNumTexturesToStreamPerFrame:0]]
[2022.04.27-15.53.49:072][  0]LogConfig: Setting CVar [[r.Streaming.Boost:1]]
[2022.04.27-15.53.49:072][  0]LogConfig: Setting CVar [[r.MaxAnisotropy:8]]
[2022.04.27-15.53.49:072][  0]LogConfig: Setting CVar [[r.VT.MaxAnisotropy:8]]
[2022.04.27-15.53.49:072][  0]LogConfig: Setting CVar [[r.Streaming.LimitPoolSizeToVRAM:0]]
[2022.04.27-15.53.49:072][  0]LogConfig: Setting CVar [[r.Streaming.PoolSize:1000]]
[2022.04.27-15.53.49:072][  0]LogConfig: Setting CVar [[r.Streaming.MaxEffectiveScreenSize:0]]
[2022.04.27-15.53.49:072][  0]LogConfig: Applying CVar settings from Section [EffectsQuality@3] File [C:/Users/smoor/Documents/CS/CS498GD/FinalProject/bit-by-bit/BitTheGame/Saved/Config/Windows/Scalability.ini]
[2022.04.27-15.53.49:072][  0]LogConfig: Setting CVar [[r.TranslucencyLightingVolumeDim:64]]
[2022.04.27-15.53.49:072][  0]LogConfig: Setting CVar [[r.RefractionQuality:2]]
[2022.04.27-15.53.49:072][  0]LogConfig: Setting CVar [[r.SSR.Quality:3]]
[2022.04.27-15.53.49:072][  0]LogConfig: Setting CVar [[r.SSR.HalfResSceneColor:0]]
[2022.04.27-15.53.49:072][  0]LogConfig: Setting CVar [[r.SceneColorFormat:4]]
[2022.04.27-15.53.49:072][  0]LogConfig: Setting CVar [[r.DetailMode:2]]
[2022.04.27-15.53.49:072][  0]LogConfig: Setting CVar [[r.TranslucencyVolumeBlur:1]]
[2022.04.27-15.53.49:072][  0]LogConfig: Setting CVar [[r.MaterialQualityLevel:1 ; High quality]]
[2022.04.27-15.53.49:072][  0]LogConfig: Setting CVar [[r.AnisotropicMaterials:1]]
[2022.04.27-15.53.49:072][  0]LogConfig: Setting CVar [[r.SSS.Scale:1]]
[2022.04.27-15.53.49:072][  0]LogConfig: Setting CVar [[r.SSS.SampleSet:2]]
[2022.04.27-15.53.49:072][  0]LogConfig: Setting CVar [[r.SSS.Quality:1]]
[2022.04.27-15.53.49:072][  0]LogConfig: Setting CVar [[r.SSS.HalfRes:0]]
[2022.04.27-15.53.49:072][  0]LogConfig: Setting CVar [[r.SSGI.Quality:3]]
[2022.04.27-15.53.49:072][  0]LogConfig: Setting CVar [[r.EmitterSpawnRateScale:1.0]]
[2022.04.27-15.53.49:072][  0]LogConfig: Setting CVar [[r.ParticleLightQuality:2]]
[2022.04.27-15.53.49:072][  0]LogConfig: Setting CVar [[r.SkyAtmosphere.AerialPerspectiveLUT.FastApplyOnOpaque:1 ; Always have FastSkyLUT 1 in this case to avoid wrong sky]]
[2022.04.27-15.53.49:072][  0]LogConfig: Setting CVar [[r.SkyAtmosphere.AerialPerspectiveLUT.SampleCountMaxPerSlice:4]]
[2022.04.27-15.53.49:072][  0]LogConfig: Setting CVar [[r.SkyAtmosphere.AerialPerspectiveLUT.DepthResolution:16.0]]
[2022.04.27-15.53.49:072][  0]LogConfig: Setting CVar [[r.SkyAtmosphere.FastSkyLUT:1]]
[2022.04.27-15.53.49:072][  0]LogConfig: Setting CVar [[r.SkyAtmosphere.FastSkyLUT.SampleCountMin:4.0]]
[2022.04.27-15.53.49:072][  0]LogConfig: Setting CVar [[r.SkyAtmosphere.FastSkyLUT.SampleCountMax:128.0]]
[2022.04.27-15.53.49:072][  0]LogConfig: Setting CVar [[r.SkyAtmosphere.SampleCountMin:4.0]]
[2022.04.27-15.53.49:072][  0]LogConfig: Setting CVar [[r.SkyAtmosphere.SampleCountMax:128.0]]
[2022.04.27-15.53.49:072][  0]LogConfig: Setting CVar [[r.SkyAtmosphere.TransmittanceLUT.UseSmallFormat:0]]
[2022.04.27-15.53.49:072][  0]LogConfig: Setting CVar [[r.SkyAtmosphere.TransmittanceLUT.SampleCount:10.0]]
[2022.04.27-15.53.49:072][  0]LogConfig: Setting CVar [[r.SkyAtmosphere.MultiScatteringLUT.SampleCount:15.0]]
[2022.04.27-15.53.49:072][  0]LogConfig: Setting CVar [[r.SkyLight.RealTimeReflectionCapture:1]]
[2022.04.27-15.53.49:072][  0]LogConfig: Applying CVar settings from Section [FoliageQuality@3] File [C:/Users/smoor/Documents/CS/CS498GD/FinalProject/bit-by-bit/BitTheGame/Saved/Config/Windows/Scalability.ini]
[2022.04.27-15.53.49:072][  0]LogConfig: Setting CVar [[foliage.DensityScale:1.0]]
[2022.04.27-15.53.49:072][  0]LogConfig: Setting CVar [[grass.DensityScale:1.0]]
[2022.04.27-15.53.49:072][  0]LogConfig: Applying CVar settings from Section [ShadingQuality@3] File [C:/Users/smoor/Documents/CS/CS498GD/FinalProject/bit-by-bit/BitTheGame/Saved/Config/Windows/Scalability.ini]
[2022.04.27-15.53.49:072][  0]LogConfig: Setting CVar [[r.HairStrands.SkyLighting.IntegrationType:2]]
[2022.04.27-15.53.49:072][  0]LogConfig: Setting CVar [[r.HairStrands.SkyAO.SampleCount:4]]
[2022.04.27-15.53.49:072][  0]LogConfig: Setting CVar [[r.HairStrands.Visibility.MSAA.SamplePerPixel:4]]
[2022.04.27-15.53.49:072][  0]LogConfig: Applying CVar settings from Section [Startup] File [../../../Engine/Config/ConsoleVariables.ini]
[2022.04.27-15.53.49:072][  0]LogConfig: Setting CVar [[net.UseAdaptiveNetUpdateFrequency:0]]
[2022.04.27-15.53.49:072][  0]LogConfig: Setting CVar [[p.chaos.AllowCreatePhysxBodies:1]]
[2022.04.27-15.53.49:072][  0]LogConfig: Setting CVar [[fx.SkipVectorVMBackendOptimizations:1]]
[2022.04.27-15.53.49:072][  0]LogConfig: Applying CVar settings from Section [ConsoleVariables] File [C:/Users/smoor/Documents/CS/CS498GD/FinalProject/bit-by-bit/BitTheGame/Saved/Config/Windows/Engine.ini]
[2022.04.27-15.53.49:072][  0]LogConfig: Applying CVar settings from Section [ConsoleVariables] File [C:/Users/smoor/Documents/CS/CS498GD/FinalProject/bit-by-bit/BitTheGame/Saved/Config/Windows/Editor.ini]
[2022.04.27-15.53.49:073][  0]LogInit: Computer: DESKTOP-9OL07U8
[2022.04.27-15.53.49:073][  0]LogInit: User: smoor
[2022.04.27-15.53.49:073][  0]LogInit: CPU Page size=4096, Cores=4
[2022.04.27-15.53.49:073][  0]LogInit: High frequency timer resolution =10.000000 MHz
[2022.04.27-15.53.49:073][  0]LogMemory: Memory total: Physical=15.7GB (16GB approx)
[2022.04.27-15.53.49:073][  0]LogMemory: Platform Memory Stats for Windows
[2022.04.27-15.53.49:073][  0]LogMemory: Process Physical Memory: 145.30 MB used, 145.30 MB peak
[2022.04.27-15.53.49:073][  0]LogMemory: Process Virtual Memory: 129.02 MB used, 129.02 MB peak
[2022.04.27-15.53.49:073][  0]LogMemory: Physical Memory: 10400.34 MB used,  5690.45 MB free, 16090.79 MB total
[2022.04.27-15.53.49:073][  0]LogMemory: Virtual Memory: 134209984.00 MB used,  7741.93 MB free, 134217728.00 MB total
[2022.04.27-15.53.49:079][  0]LogWindows: WindowsPlatformFeatures enabled
[2022.04.27-15.53.49:108][  0]LogInit: Physics initialised using underlying interface: PhysX
[2022.04.27-15.53.49:108][  0]LogInit: Using OS detected language (en-US).
[2022.04.27-15.53.49:108][  0]LogInit: Using OS detected locale (en-US).
[2022.04.27-15.53.49:112][  0]LogTextLocalizationManager: No specific localization for 'en-US' exists, so the 'en' localization will be used.
[2022.04.27-15.53.49:267][  0]LogInit: Setting process to per monitor DPI aware
[2022.04.27-15.53.49:284][  0]LogWindowsTextInputMethodSystem: Display: IME system deactivated.
[2022.04.27-15.53.49:298][  0]LogSlate: New Slate User Created.  User Index 0, Is Virtual User: 0
[2022.04.27-15.53.49:298][  0]LogSlate: Slate User Registered.  User Index 0, Is Virtual User: 0
[2022.04.27-15.53.49:440][  0]LogD3D11RHI: Loaded GFSDK_Aftermath_Lib.x64.dll
[2022.04.27-15.53.49:445][  0]LogHMD: Failed to initialize OpenVR with code 110
[2022.04.27-15.53.49:445][  0]LogD3D11RHI: D3D11 min allowed feature level: 11_0
[2022.04.27-15.53.49:445][  0]LogD3D11RHI: D3D11 max allowed feature level: 11_0
[2022.04.27-15.53.49:445][  0]LogD3D11RHI: D3D11 adapters:
[2022.04.27-15.53.49:569][  0]LogD3D11RHI:    0. 'Intel(R) Iris(R) Xe Graphics' (Feature Level 11_0)
[2022.04.27-15.53.49:569][  0]LogD3D11RHI:       128/0/8045 MB DedicatedVideo/DedicatedSystem/SharedSystem, Outputs:2, VendorId:0x8086
[2022.04.27-15.53.49:572][  0]LogD3D11RHI:    1. 'Microsoft Basic Render Driver' (Feature Level 11_0)
[2022.04.27-15.53.49:572][  0]LogD3D11RHI:       0/0/8045 MB DedicatedVideo/DedicatedSystem/SharedSystem, Outputs:0, VendorId:0x1414
[2022.04.27-15.53.49:697][  0]LogD3D11RHI:    2. 'Intel(R) Iris(R) Xe Graphics' (Feature Level 11_0)
[2022.04.27-15.53.49:697][  0]LogD3D11RHI:       128/0/8045 MB DedicatedVideo/DedicatedSystem/SharedSystem, Outputs:0, VendorId:0x8086
[2022.04.27-15.53.49:697][  0]LogD3D11RHI: Chosen D3D11 Adapter:
[2022.04.27-15.53.49:697][  0]LogD3D11RHI:     Description : Intel(R) Iris(R) Xe Graphics
[2022.04.27-15.53.49:698][  0]LogD3D11RHI:     VendorId    : 8086
[2022.04.27-15.53.49:698][  0]LogD3D11RHI:     DeviceId    : 9a49
[2022.04.27-15.53.49:698][  0]LogD3D11RHI:     SubSysId    : 9911028
[2022.04.27-15.53.49:698][  0]LogD3D11RHI:     Revision    : 0001
[2022.04.27-15.53.49:698][  0]LogD3D11RHI:     DedicatedVideoMemory : 134217728 bytes
[2022.04.27-15.53.49:698][  0]LogD3D11RHI:     DedicatedSystemMemory : 0 bytes
[2022.04.27-15.53.49:698][  0]LogD3D11RHI:     SharedSystemMemory : 8436207616 bytes
[2022.04.27-15.53.49:698][  0]LogD3D11RHI:     AdapterLuid : 0 102801
[2022.04.27-15.53.49:706][  0]LogD3D11RHI: Creating new Direct3DDevice
[2022.04.27-15.53.49:706][  0]LogD3D11RHI:     GPU DeviceId: 0x9a49 (for the marketing name, search the web for "GPU Device Id")
[2022.04.27-15.53.49:706][  0]LogWindows: EnumDisplayDevices:
[2022.04.27-15.53.49:706][  0]LogWindows:    0. 'Intel(R) Iris(R) Xe Graphics' (P:0 D:1)
[2022.04.27-15.53.49:707][  0]LogWindows:    1. 'Intel(R) Iris(R) Xe Graphics' (P:1 D:1)
[2022.04.27-15.53.49:707][  0]LogWindows:    2. 'Intel(R) Iris(R) Xe Graphics' (P:0 D:0)
[2022.04.27-15.53.49:707][  0]LogWindows:    3. 'Intel(R) Iris(R) Xe Graphics' (P:0 D:0)
[2022.04.27-15.53.49:707][  0]LogWindows:    4. 'Citrix Indirect Display Adapter' (P:0 D:0)
[2022.04.27-15.53.49:707][  0]LogWindows:    5. 'Citrix Indirect Display Adapter' (P:0 D:0)
[2022.04.27-15.53.49:707][  0]LogWindows:    6. 'Citrix Indirect Display Adapter' (P:0 D:0)
[2022.04.27-15.53.49:707][  0]LogWindows:    7. 'Citrix Indirect Display Adapter' (P:0 D:0)
[2022.04.27-15.53.49:708][  0]LogWindows:    8. 'Citrix Indirect Display Adapter' (P:0 D:0)
[2022.04.27-15.53.49:708][  0]LogWindows:    9. 'Citrix Indirect Display Adapter' (P:0 D:0)
[2022.04.27-15.53.49:708][  0]LogWindows:    10. 'Citrix Indirect Display Adapter' (P:0 D:0)
[2022.04.27-15.53.49:708][  0]LogWindows:    11. 'Citrix Indirect Display Adapter' (P:0 D:0)
[2022.04.27-15.53.49:708][  0]LogWindows: DebugString: GetVideoDriverDetailsInvalid PrimaryIsNotTheChoosenAdapter GetVideoDriverDetailsInvalid PrimaryIsNotTheChoosenAdapter GetVideoDriverDetailsInvalid PrimaryIsNotTheChoosenAdapter GetVideoDriverDetailsInvalid PrimaryIsNotTheChoosenAdapter GetVideoDriverDetailsInvalid PrimaryIsNotTheChoosenAdapter GetVideoDriverDetailsInvalid PrimaryIsNotTheChoosenAdapter GetVideoDriverDetailsInvalid PrimaryIsNotTheChoosenAdapter GetVideoDriverDetailsInvalid PrimaryIsNotTheChoosenAdapter FoundDriverCount:4 
[2022.04.27-15.53.49:708][  0]LogD3D11RHI:     Adapter Name: Intel(R) Iris(R) Xe Graphics
[2022.04.27-15.53.49:708][  0]LogD3D11RHI:   Driver Version: 30.0.101.1273 (internal:30.0.101.1273, unified:30.0.101.1273)
[2022.04.27-15.53.49:708][  0]LogD3D11RHI:      Driver Date: 1-14-2022
[2022.04.27-15.53.49:708][  0]LogRHI: Texture pool is 1523 MB (70% of 2176 MB)
[2022.04.27-15.53.49:717][  0]LogD3D11RHI: Creating D3DDevice using adapter:
[2022.04.27-15.53.49:717][  0]LogD3D11RHI:     Description : Intel(R) Iris(R) Xe Graphics
[2022.04.27-15.53.49:717][  0]LogD3D11RHI:     VendorId    : 8086
[2022.04.27-15.53.49:717][  0]LogD3D11RHI:     DeviceId    : 9a49
[2022.04.27-15.53.49:717][  0]LogD3D11RHI:     SubSysId    : 9911028
[2022.04.27-15.53.49:717][  0]LogD3D11RHI:     Revision    : 0001
[2022.04.27-15.53.49:717][  0]LogD3D11RHI:     DedicatedVideoMemory : 134217728 bytes
[2022.04.27-15.53.49:717][  0]LogD3D11RHI:     DedicatedSystemMemory : 0 bytes
[2022.04.27-15.53.49:717][  0]LogD3D11RHI:     SharedSystemMemory : 8436207616 bytes
[2022.04.27-15.53.49:717][  0]LogD3D11RHI:     AdapterLuid : 0 102801
[2022.04.27-15.53.49:833][  0]LogD3D11RHI: RHI does not have support for 64 bit atomics
[2022.04.27-15.53.49:846][  0]LogD3D11RHI: Intel Extensions support version Full=16777216, Major=1, Minor=0, Revision=0
[2022.04.27-15.53.49:847][  0]LogD3D11RHI: Intel Extensions support version Full=16777217, Major=1, Minor=0, Revision=1
[2022.04.27-15.53.49:847][  0]LogD3D11RHI: Intel Extensions Framework enabled
[2022.04.27-15.53.49:847][  0]LogD3D11RHI: [IntelMetricsDiscovery] Started
[2022.04.27-15.53.49:847][  0]LogD3D11RHI: Async texture creation enabled
[2022.04.27-15.53.49:847][  0]LogD3D11RHI: Array index from any shader is supported
[2022.04.27-15.53.49:862][  0]LogD3D11RHI: GPU Timing Frequency: 19.200000 (Debug: 2 0)
[2022.04.27-15.53.50:124][  0]LogTargetPlatformManager: Display: Loaded TargetPlatform 'AllDesktop'
[2022.04.27-15.53.50:142][  0]LogTargetPlatformManager: Display: Loaded TargetPlatform 'Android'
[2022.04.27-15.53.50:142][  0]LogTargetPlatformManager: Display: Loaded TargetPlatform 'Android_ASTC'
[2022.04.27-15.53.50:142][  0]LogTargetPlatformManager: Display: Loaded TargetPlatform 'Android_DXT'
[2022.04.27-15.53.50:142][  0]LogTargetPlatformManager: Display: Loaded TargetPlatform 'Android_ETC2'
[2022.04.27-15.53.50:142][  0]LogTargetPlatformManager: Display: Loaded TargetPlatform 'AndroidClient'
[2022.04.27-15.53.50:142][  0]LogTargetPlatformManager: Display: Loaded TargetPlatform 'Android_ASTCClient'
[2022.04.27-15.53.50:142][  0]LogTargetPlatformManager: Display: Loaded TargetPlatform 'Android_DXTClient'
[2022.04.27-15.53.50:142][  0]LogTargetPlatformManager: Display: Loaded TargetPlatform 'Android_ETC2Client'
[2022.04.27-15.53.50:142][  0]LogTargetPlatformManager: Display: Loaded TargetPlatform 'Android_Multi'
[2022.04.27-15.53.50:142][  0]LogTargetPlatformManager: Display: Loaded TargetPlatform 'Android_MultiClient'
[2022.04.27-15.53.50:164][  0]LogTargetPlatformManager: Display: Loaded TargetPlatform 'IOSClient'
[2022.04.27-15.53.50:164][  0]LogTargetPlatformManager: Display: Loaded TargetPlatform 'IOS'
[2022.04.27-15.53.50:174][  0]LogTargetPlatformManager: Display: Loaded TargetPlatform 'Linux'
[2022.04.27-15.53.50:180][  0]LogTargetPlatformManager: Display: Loaded TargetPlatform 'LinuxNoEditor'
[2022.04.27-15.53.50:184][  0]LogTargetPlatformManager: Display: Loaded TargetPlatform 'LinuxClient'
[2022.04.27-15.53.50:189][  0]LogTargetPlatformManager: Display: Loaded TargetPlatform 'LinuxServer'
[2022.04.27-15.53.50:198][  0]LogTargetPlatformManager: Display: Loaded TargetPlatform 'LinuxAArch64NoEditor'
[2022.04.27-15.53.50:204][  0]LogTargetPlatformManager: Display: Loaded TargetPlatform 'LinuxAArch64Client'
[2022.04.27-15.53.50:208][  0]LogTargetPlatformManager: Display: Loaded TargetPlatform 'LinuxAArch64Server'
[2022.04.27-15.53.50:229][  0]LogTargetPlatformManager: Display: Loaded TargetPlatform 'Lumin'
[2022.04.27-15.53.50:229][  0]LogTargetPlatformManager: Display: Loaded TargetPlatform 'LuminClient'
[2022.04.27-15.53.50:238][  0]LogTargetPlatformManager: Display: Loaded TargetPlatform 'MacNoEditor'
[2022.04.27-15.53.50:243][  0]LogTargetPlatformManager: Display: Loaded TargetPlatform 'Mac'
[2022.04.27-15.53.50:247][  0]LogTargetPlatformManager: Display: Loaded TargetPlatform 'MacClient'
[2022.04.27-15.53.50:252][  0]LogTargetPlatformManager: Display: Loaded TargetPlatform 'MacServer'
[2022.04.27-15.53.50:261][  0]LogTargetPlatformManager: Display: Loaded TargetPlatform 'TVOSClient'
[2022.04.27-15.53.50:261][  0]LogTargetPlatformManager: Display: Loaded TargetPlatform 'TVOS'
[2022.04.27-15.53.50:270][  0]LogTargetPlatformManager: Display: Loaded TargetPlatform 'WindowsNoEditor'
[2022.04.27-15.53.50:275][  0]LogTargetPlatformManager: Display: Loaded TargetPlatform 'Windows'
[2022.04.27-15.53.50:281][  0]LogTargetPlatformManager: Display: Loaded TargetPlatform 'WindowsClient'
[2022.04.27-15.53.50:285][  0]LogTargetPlatformManager: Display: Loaded TargetPlatform 'WindowsServer'
[2022.04.27-15.53.50:285][  0]LogTargetPlatformManager: Display: Building Assets For Windows
[2022.04.27-15.53.50:296][  0]LogAudioDebug: Display: Lib vorbis DLL was dynamically loaded.
[2022.04.27-15.53.50:333][  0]LogTextureFormatOodle: Display: Oodle Texture 2.9.0 init RDO Off
[2022.04.27-15.53.50:372][  0]LogRendererCore: Ray tracing is disabled. Reason: r.RayTracing=0.
[2022.04.27-15.53.50:372][  0]LogShaderCompilers: Guid format shader working directory is -40 characters bigger than the processId version (../../../../../../Users/smoor/Documents/CS/CS498GD/FinalProject/bit-by-bit/BitTheGame/Intermediate/Shaders/WorkingDirectory/27496/).
[2022.04.27-15.53.50:372][  0]LogShaderCompilers: Cleaned the shader compiler working directory 'C:/Users/smoor/AppData/Local/Temp/UnrealShaderWorkingDir/828718F64D6CA722E536E8A079FB5744/'.
[2022.04.27-15.53.50:372][  0]LogXGEController: Cannot use XGE Controller as Incredibuild is not installed on this machine.
[2022.04.27-15.53.50:372][  0]LogShaderCompilers: Cannot use XGE Shader Compiler as Incredibuild is not installed on this machine.
[2022.04.27-15.53.50:372][  0]LogShaderCompilers: Display: Using Local Shader Compiler.
[2022.04.27-15.53.50:978][  0]LogDerivedDataCache: Display: Max Cache Size: 512 MB
[2022.04.27-15.53.51:033][  0]LogDerivedDataCache: Loaded boot cache 0.05s 94MB C:/Users/smoor/AppData/Local/UnrealEngine/4.27/DerivedDataCache/Boot.ddc.
[2022.04.27-15.53.51:033][  0]LogDerivedDataCache: Display: Loaded Boot cache: C:/Users/smoor/AppData/Local/UnrealEngine/4.27/DerivedDataCache/Boot.ddc
[2022.04.27-15.53.51:033][  0]LogDerivedDataCache: FDerivedDataBackendGraph:  Pak pak cache file ../../../../../../Users/smoor/Documents/CS/CS498GD/FinalProject/bit-by-bit/BitTheGame/DerivedDataCache/DDC.ddp not found, will not use a pak cache.
[2022.04.27-15.53.51:033][  0]LogDerivedDataCache: Unable to find inner node Pak for hierarchical cache Hierarchy.
[2022.04.27-15.53.51:033][  0]LogDerivedDataCache: FDerivedDataBackendGraph:  CompressedPak pak cache file ../../../../../../Users/smoor/Documents/CS/CS498GD/FinalProject/bit-by-bit/BitTheGame/DerivedDataCache/Compressed.ddp not found, will not use a pak cache.
[2022.04.27-15.53.51:033][  0]LogDerivedDataCache: Unable to find inner node CompressedPak for hierarchical cache Hierarchy.
[2022.04.27-15.53.51:050][  0]LogDerivedDataCache: Display: Pak cache opened for reading ../../../Engine/DerivedDataCache/Compressed.ddp.
[2022.04.27-15.53.51:050][  0]LogDerivedDataCache: FDerivedDataBackendGraph:  EnterprisePak pak cache file ../../../Enterprise/DerivedDataCache/Compressed.ddp not found, will not use a pak cache.
[2022.04.27-15.53.51:050][  0]LogDerivedDataCache: Unable to find inner node EnterprisePak for hierarchical cache Hierarchy.
[2022.04.27-15.53.51:055][  0]LogDerivedDataCache: Speed tests for C:/Users/smoor/AppData/Local/UnrealEngine/Common/DerivedDataCache took 0.01 seconds
[2022.04.27-15.53.51:055][  0]LogDerivedDataCache: Display: Performance to C:/Users/smoor/AppData/Local/UnrealEngine/Common/DerivedDataCache: Latency=0.03ms. RandomReadSpeed=955.29MBs, RandomWriteSpeed=219.91MBs. Assigned SpeedClass 'Local'
[2022.04.27-15.53.51:056][  0]LogDerivedDataCache: Using Local data cache path C:/Users/smoor/AppData/Local/UnrealEngine/Common/DerivedDataCache: Writable
[2022.04.27-15.53.51:056][  0]LogDerivedDataCache: Shared data cache path not found in *engine.ini, will not use an Shared cache.
[2022.04.27-15.53.51:056][  0]LogDerivedDataCache: Unable to find inner node Shared for hierarchical cache Hierarchy.
[2022.04.27-15.53.51:096][  0]LogSlate: Using FreeType 2.10.0
[2022.04.27-15.53.51:097][  0]LogSlate: SlateFontServices - WITH_FREETYPE: 1, WITH_HARFBUZZ: 1
[2022.04.27-15.53.51:119][  0]LogAssetRegistry: FAssetRegistry took 0.0029 seconds to start up
[2022.04.27-15.53.51:311][  0]LogInit: Selected Device Profile: [Windows]
[2022.04.27-15.53.51:311][  0]LogInit: Active device profile: [0000012678BE8F00][0000012679B7DA00 49] Windows
[2022.04.27-15.53.51:311][  0]LogInit: Profiles: [0000012678BE8F00][0000012679B7DA00 49] Windows, [0000012679F36400][00000126798E1B80 49] WindowsNoEditor, [0000012678BE9F00][00000126798E4180 49] WindowsServer, [0000012679F35600][000001267990E300 49] WindowsClient, [0000012678BE9000][0000012679912480 49] IOS, [0000012679F37A00][000001267991E600 49] iPadAir, [0000012678BEB300][0000012671768780 49] iPadAir2, [0000012679E45300][0000012671786A40 49] IPadPro, [0000012679E45400][0000012671782A80 49] iPadAir3, [0000012679F34B00][00000126798D4BC0 49] iPadAir4, [0000012679E46100][0000012671D4CD00 49] iPadMini2, [0000012679F37400][000001266DC42E40 49] iPadMini3, [0000012679E46C00][000001266DC46F80 49] iPadMini4, [0000012679F36700][000001267178B100 49] iPadMini5, [0000012679E64D00][0000012671C353C0 49] iPhone6, [0000012679E64E00][0000012671C31400 49] iPodTouch6, [0000012678BEA900][0000012671AC96C0 49] iPhone7, [0000012678BEAA00][0000012671AC5700 49] iPodTouch7, [0000012679E45800][0000012671ACD880 49] iPhone5S, [0000012678BE9300][0000012671AE5A00 49] iPhone6Plus, [0000012678BEB900][0000012671AF9B80 49] iPhone6S, [0000012679E65200][000001267AF8A180 49] iPhone6SPlus, [0000012678BE8B00][0000012679A4E300 49] iPhone7Plus, [0000012679E65500][0000012679A56480 49] iPhoneSE, [0000012678BE8A00][0000012679A8E600 49] iPhone8, [0000012679E65100][0000012679AC6780 49] iPhone8Plus, [0000012679E46B00][0000012679AF0900 49] iPhoneX, [0000012679E64C00][0000012679AF4A80 49] iPhoneXS, [0000012679E47A00][0000012679AF8C00 49] iPhoneXSMax, [0000012679E67700][000001266DC4AD40 49] iPhoneXR, [0000012679E44D00][0000012679B2EE80 49] iPhone11, [0000012679E66500][0000012679B32FC0 49] iPhone11Pro, [0000012679E46900][000001267B1B3100 49] iPhone11ProMax, [0000012679E64200][000001267B1C5280 49] iPhoneSE2, [0000012679E44B00][000001267B1C9400 49] iPhone12Mini, [0000012679E66900][0000012671CFD580 49] iPhone12, [0000012679E46E00][0000012671D01700 49] iPhone12Pro, [0000012679E64A00][0000012671D05880 49] iPhone12ProMax, [0000012679E47200][0000012671D09A00 49] iPadPro105, [0000012679E67500][0000012671D0DB80 49] iPadPro129, [0000012679E46000][0000012671D10180 49] iPadPro97, [0000012679E65F00][0000012671D14300 49] iPadPro2_129, [0000012679E46400][0000012671D2C480 49] iPad5, [0000012679E65300][000001267B38C600 49] iPad6, [0000012679E44C00][000001267B396780 49] iPad7, [0000012679E65600][000001267B39A900 49] iPad8, [0000012679E47C00][0000012671D30A80 49] iPadPro11, [0000012679E65700][0000012671D34C00 49] iPadPro2_11, [0000012679E44600][0000012671D38D80 49] iPadPro3_129, [0000012679E67F00][0000012671D3CF00 49] iPadPro4_129, [0000012679E47100][000001267B1C1040 49] AppleTV, [0000012679E64800][0000012671D41180 49] AppleTV4K, [0000012679E44500][000001267AC6D2C0 49] TVOS, [0000012679E64500][000001266DBB9440 49] Mac, [0000012679E44700][000001266DBBD5C0 49] MacClient, [0000012679E65400][000001266DBC1740 49] MacNoEditor, [0000012679E45500][000001267AC698C0 49] MacServer, [0000012679E66D00][000001267991BA40 49] Linux, [0000012679E44400][000001266DBC5BC0 49] LinuxAArch64, [0000012679E65D00][000001266DBC81C0 49] LinuxNoEditor, [0000012679E45C00][0000012671C16340 49] LinuxAArch64NoEditor, [0000012679E66800][0000012671C1A4C0 49] LinuxClient, [0000012679E46D00][0000012671C1E640 49] LinuxAArch64Client, [0000012679E64100][0000012671C227C0 49] LinuxServer, [0000012679E45E00][0000012671C26940 49] LinuxAArch64Server, [0000012679E64B00][0000012671C2AAC0 49] Android, [0000012679E45A00][00000126799E4C40 49] Android_Low, [0000012679E66E00][00000126799E8DC0 49] Android_Mid, [0000012679E45000][0000012679AC2F40 49] Android_High, [0000012679E66F00][0000012679ABF0C0 49] Android_Default, [0000012679E45700][000001266DBB5200 49] Android_Adreno4xx, [0000012679E65800][0000012679ABB340 49] Android_Adreno5xx_Low, [0000012679E44A00][0000012679AB7480 49] Android_Adreno5xx, [0000012679E67300][0000012679AB35C0 49] Android_Adreno6xx, [0000012679E44E00][0000012679AAB740 49] Android_Adreno6xx_Vulkan, [0000012679E67000][0000012679AA78C0 49] Android_Mali_T6xx, [0000012678BE8100][0000012679AA3A40 49] Android_Mali_T7xx, [0000012679F34800][0000012679A9FBC0 49] Android_Mali_T8xx, [0000012678BE9200][0000012679A9A1C0 49] Android_Mali_G71, [0000012679F34E00][0000012679A96340 49] Android_Mali_G72, [0000012678BE9100][0000012679A924C0 49] Android_Mali_G72_Vulkan, [0000012679F36500][0000012679A8A640 49] Android_Mali_G76, [0000012678BE9500][0000012679A867C0 49] Android_Mali_G76_Vulkan, [0000012679F36000][0000012679A82940 49] Android_Mali_G77, [0000012678BEBF00][0000012679A7EAC0 49] Android_Mali_G77_Vulkan, [0000012679F35D00][0000012679A7AC40 49] Android_Mali_G78, [0000012678BE8300][0000012679A76DC0 49] Android_Mali_G78_Vulkan, [0000012679F34400][0000012679A72F40 49] Android_Mali_G710, [0000012678BEA800][0000012679A670C0 49] Android_Mali_G710_Vulkan, [0000012679F37100][0000012679A63240 49] Android_Vulkan_SM5, [0000012678BEB100][0000012679AAF380 49] Android_PowerVR_G6xxx, [0000012679F34A00][0000012679A5F4C0 49] Android_PowerVR_GT7xxx, [0000012678BE8D00][0000012679A5B600 49] Android_PowerVR_GE8xxx, [0000012679F37B00][0000012679A4B740 49] Android_PowerVR_GM9xxx, [0000012678BEBA00][0000012671AFD8C0 49] Android_PowerVR_GM9xxx_Vulkan, [0000012679F35200][000001267AF87A40 49] Android_TegraK1, [0000012678BEB000][0000012671AF5BC0 49] Android_Unknown_Vulkan, [0000012679F37000][0000012671AF01C0 49] Lumin, [0000012678BEA100][0000012671AEC340 49] Lumin_Desktop, [0000012679F36E00][0000012671AE84C0 49] HoloLens, 
[2022.04.27-15.53.51:432][  0]LogMeshReduction: Using QuadricMeshReduction for automatic static mesh reduction
[2022.04.27-15.53.51:432][  0]LogMeshReduction: Using SimplygonMeshReduction for automatic skeletal mesh reduction
[2022.04.27-15.53.51:432][  0]LogMeshReduction: Using ProxyLODMeshReduction for automatic mesh merging
[2022.04.27-15.53.51:432][  0]LogMeshReduction: No distributed automatic mesh merging module available
[2022.04.27-15.53.51:433][  0]LogMeshMerging: No distributed automatic mesh merging module available
[2022.04.27-15.53.51:448][  0]LogNetVersion: BitTheGame 1.0.0, NetCL: 17155196, EngineNetVer: 17, GameNetVer: 0 (Checksum: 4004886265)
[2022.04.27-15.53.51:777][  0]LogTexture: Default maximum texture size for cubemaps generated from long-lat sources has been changed from 512 to unlimited. In order to preserve old behaiour for '/Engine/MapTemplates/Sky/DaylightAmbientCubemap.DaylightAmbientCubemap', its maximum texture size has been explicitly set to 512.
[2022.04.27-15.53.51:858][  0]LogHMD: PokeAHoleMaterial loaded successfully
[2022.04.27-15.53.51:863][  0]LogUObjectArray: 17178 objects as part of root set at end of initial load.
[2022.04.27-15.53.51:863][  0]LogUObjectAllocator: 4302048 out of 0 bytes used by permanent object pool.
[2022.04.27-15.53.51:863][  0]LogUObjectArray: CloseDisregardForGC: 0/0 objects in disregard for GC pool
[2022.04.27-15.53.52:154][  0]LogNiagaraDebuggerClient: Niagara Debugger Client Initialized | Session: 3BE9BFD64EE9DB8EFED3AEB95A763D7C | Instance: AF682610470F4F7516D0478D63355DF6 (DESKTOP-9OL07U8-27496).
[2022.04.27-15.53.52:278][  0]LogTcpMessaging: Initializing TcpMessaging bridge
[2022.04.27-15.53.52:283][  0]LogUdpMessaging: Initializing bridge on interface 0.0.0.0:0 to multicast group 230.0.0.1:6666.
[2022.04.27-15.53.52:360][  0]LogPython: Using Python 3.7.7
[2022.04.27-15.53.53:009][  0]SourceControl: Source control is disabled
[2022.04.27-15.53.53:009][  0]SourceControl: Source control is disabled
[2022.04.27-15.53.53:013][  0]SourceControl: Source control is disabled
[2022.04.27-15.53.53:018][  0]SourceControl: Source control is disabled
[2022.04.27-15.53.53:032][  0]SourceControl: Source control is disabled
[2022.04.27-15.53.53:042][  0]LogUProjectInfo: Found projects:
[2022.04.27-15.53.53:051][  0]LogVSAccessor: Display: Unable to create Visual Studio setup instance: 80040154
[2022.04.27-15.53.53:051][  0]LogVSAccessor: Display: Unable to create Visual Studio setup instance: 80040154
[2022.04.27-15.53.53:051][  0]LogVSAccessor: Display: Unable to create Visual Studio setup instance: 80040154
[2022.04.27-15.53.53:192][  0]LogAndroidPermission: UAndroidPermissionCallbackProxy::GetInstance
[2022.04.27-15.53.53:219][  0]LogAudioCaptureCore: Display: No Audio Capture implementations found. Audio input will be silent.
[2022.04.27-15.53.53:219][  0]LogAudioCaptureCore: Display: No Audio Capture implementations found. Audio input will be silent.
[2022.04.27-15.53.53:460][  0]LogOpenImageDenoise: OIDN starting up
[2022.04.27-15.53.53:478][  0]LogCollectionManager: Loaded 0 collections in 0.000552 seconds
[2022.04.27-15.53.53:503][  0]LogFileCache: Scanning file cache for directory 'C:/Users/smoor/Documents/CS/CS498GD/FinalProject/bit-by-bit/BitTheGame/Saved/Collections/' took 0.00s
[2022.04.27-15.53.53:503][  0]LogFileCache: Scanning file cache for directory 'C:/Users/smoor/Documents/CS/CS498GD/FinalProject/bit-by-bit/BitTheGame/Content/Developers/smoor/Collections/' took 0.00s
[2022.04.27-15.53.53:503][  0]LogFileCache: Scanning file cache for directory 'C:/Users/smoor/Documents/CS/CS498GD/FinalProject/bit-by-bit/BitTheGame/Content/Collections/' took 0.00s
[2022.04.27-15.53.53:503][  0]LogOcInput: OculusInput pre-init called
[2022.04.27-15.53.53:751][  0]LogEngine: Initializing Engine...
[2022.04.27-15.53.53:757][  0]LogHMD: Failed to enumerate extensions. Please check that you have a valid OpenXR runtime installed.
[2022.04.27-15.53.53:757][  0]LogHMD: Failed to initialize OpenVR with code 110
[2022.04.27-15.53.53:757][  0]LogMagicLeap: Warning: VR disabled because ZI is not enabled.  To enable, in the editor, Edit -> Project Settings -> Plugins -> Magic Leap Plugin -> Enable Zero Iteration
[2022.04.27-15.53.53:758][  0]LogStats: UGameplayTagsManager::InitializeManager -  0.000 s
[2022.04.27-15.53.53:892][  0]LogInit: Initializing FReadOnlyCVARCache
[2022.04.27-15.53.53:900][  0]LogAIModule: Creating AISystem for world Untitled
[2022.04.27-15.53.53:901][  0]LogAudio: Display: Initializing Audio Device Manager...
[2022.04.27-15.53.53:905][  0]LogAudio: Display: Loading Default Audio Settings Objects...
[2022.04.27-15.53.53:906][  0]LogAudio: Display: No default SoundConcurrencyObject specified (or failed to load).
[2022.04.27-15.53.53:906][  0]LogAudio: Display: Audio Device Manager Initialized
[2022.04.27-15.53.53:906][  0]LogAudio: Display: Creating Audio Device:                 Id: 1, Scope: Shared, Realtime: True
[2022.04.27-15.53.53:906][  0]LogAudioMixer: Display: Audio Mixer Platform Settings:
[2022.04.27-15.53.53:906][  0]LogAudioMixer: Display: 	Sample Rate:						  48000
[2022.04.27-15.53.53:906][  0]LogAudioMixer: Display: 	Callback Buffer Frame Size Requested: 1024
[2022.04.27-15.53.53:906][  0]LogAudioMixer: Display: 	Callback Buffer Frame Size To Use:	  1024
[2022.04.27-15.53.53:906][  0]LogAudioMixer: Display: 	Number of buffers to queue:			  2
[2022.04.27-15.53.53:906][  0]LogAudioMixer: Display: 	Max Channels (voices):				  32
[2022.04.27-15.53.53:906][  0]LogAudioMixer: Display: 	Number of Async Source Workers:		  0
[2022.04.27-15.53.53:906][  0]LogAudio: Display: AudioDevice MaxSources: 32
[2022.04.27-15.53.53:907][  0]LogAudio: Display: Audio Spatialization Plugin: None (built-in).
[2022.04.27-15.53.53:907][  0]LogAudio: Display: Audio Reverb Plugin: None (built-in).
[2022.04.27-15.53.53:907][  0]LogAudio: Display: Audio Occlusion Plugin: None (built-in).
[2022.04.27-15.53.53:907][  0]LogAudioMixer: Display: Initializing audio mixer.
[2022.04.27-15.53.53:923][  0]LogAudioMixer: Display: 0: FrontLeft
[2022.04.27-15.53.53:923][  0]LogAudioMixer: Display: 1: FrontRight
[2022.04.27-15.53.54:311][  0]LogAudioMixer: Display: Using Audio Device Headphones (Realtek(R) Audio)
[2022.04.27-15.53.54:313][  0]LogAudioMixer: Display: Initializing Sound Submixes...
[2022.04.27-15.53.54:315][  0]LogAudioMixer: Display: Creating Master Submix 'MasterSubmixDefault'
[2022.04.27-15.53.54:315][  0]LogAudioMixer: Display: Creating Master Submix 'MasterReverbSubmixDefault'
[2022.04.27-15.53.54:315][  0]LogAudioMixer: Display: Creating Master Submix 'MasterEQSubmixDefault'
[2022.04.27-15.53.54:315][  0]LogAudioMixer: FMixerPlatformXAudio2::StartAudioStream() called
[2022.04.27-15.53.54:315][  0]LogAudioMixer: Display: Output buffers initialized: Frames=1024, Channels=2, Samples=2048
[2022.04.27-15.53.54:317][  0]LogAudioMixer: Display: Starting AudioMixerPlatformInterface::RunInternal()
[2022.04.27-15.53.54:317][  0]LogAudioMixer: Display: FMixerPlatformXAudio2::SubmitBuffer() called for the first time
[2022.04.27-15.53.54:317][  0]LogInit: FAudioDevice initialized.
[2022.04.27-15.53.54:317][  0]LogAudio: Display: Audio Device (ID: 1) registered with world 'Untitled'.
[2022.04.27-15.53.54:317][  0]LogNetVersion: Set ProjectVersion to 1.0.0.0. Version Checksum will be recalculated on next use.
[2022.04.27-15.53.54:373][  0]LogDerivedDataCache: Saved boot cache 0.06s 94MB C:/Users/smoor/AppData/Local/UnrealEngine/4.27/DerivedDataCache/Boot.ddc.
[2022.04.27-15.53.54:374][  0]LogInit: Texture streaming: Enabled
[2022.04.27-15.53.54:387][  0]LogAnalytics: Display: [UEEditor.Rocket.Release] APIServer = https://datarouter.ol.epicgames.com/. AppVersion = 4.27.2-18319896+++UE4+Release-4.27
[2022.04.27-15.53.54:393][  0]LogEngineSessionManager: EngineSessionManager initialized
[2022.04.27-15.53.54:393][  0]LogEngineSessionManager: EngineSessionManager sent abnormal shutdown report. Type=AbnormalShutdown, SessionId={3BB4CFD6-4301-28A5-AE48-30AE4001600B}
[2022.04.27-15.53.54:394][  0]LogEditorSessionSummary: Verbose: Initializing EditorSessionSummaryWriter for editor session tracking
[2022.04.27-15.53.54:397][  0]LogEditorSessionSummary: EditorSessionSummaryWriter initialized
[2022.04.27-15.53.54:424][  0]LogInit: Transaction tracking system initialized
[2022.04.27-15.53.54:454][  0]BlueprintLog: New page: Editor Load
[2022.04.27-15.53.54:552][  0]LocalizationService: Localization service is disabled
[2022.04.27-15.53.54:595][  0]TimingProfiler: Initialize
[2022.04.27-15.53.54:595][  0]TimingProfiler: OnSessionChanged
[2022.04.27-15.53.54:595][  0]LoadingProfiler: Initialize
[2022.04.27-15.53.54:595][  0]LoadingProfiler: OnSessionChanged
[2022.04.27-15.53.54:595][  0]NetworkingProfiler: Initialize
[2022.04.27-15.53.54:595][  0]NetworkingProfiler: OnSessionChanged
[2022.04.27-15.53.54:595][  0]MemoryProfiler: Initialize
[2022.04.27-15.53.54:595][  0]MemoryProfiler: OnSessionChanged
[2022.04.27-15.53.54:676][  0]LogVSAccessor: Display: Unable to create Visual Studio setup instance: 80040154
[2022.04.27-15.53.54:677][  0]LogVSAccessor: Display: Unable to create Visual Studio setup instance: 80040154
[2022.04.27-15.53.54:678][  0]LogVSAccessor: Display: Unable to create Visual Studio setup instance: 80040154
[2022.04.27-15.53.54:783][  0]LogCook: Display: CookSettings for Memory: MemoryMaxUsedVirtual 0MiB, MemoryMaxUsedPhysical 16384MiB, MemoryMinFreeVirtual 0MiB, MemoryMinFreePhysical 1024MiB
[2022.04.27-15.53.54:783][  0]LogCook: Display: Mobile HDR setting 1
[2022.04.27-15.53.54:958][  0]LogFileCache: Scanning file cache for directory 'C:/Users/smoor/Documents/CS/CS498GD/FinalProject/bit-by-bit/BitTheGame/Content/' took 0.01s
[2022.04.27-15.53.55:359][  0]LogInit: Display: Engine is initialized. Leaving FEngineLoop::Init()
[2022.04.27-15.53.55:365][  0]SourceControl: Source control is disabled
[2022.04.27-15.53.55:365][  0]LogUnrealEdMisc: Loading editor; pre map load, took 7.393
[2022.04.27-15.53.55:365][  0]Cmd: MAP LOAD FILE="../../../../../../Users/smoor/Documents/CS/CS498GD/FinalProject/bit-by-bit/BitTheGame/Content/TopDownBP/Maps/TopDownExampleMap.umap" TEMPLATE=0 SHOWPROGRESS=1 FEATURELEVEL=3
[2022.04.27-15.53.55:365][  0]LogEditorServer: Warning: Can't find file '../../../../../../Users/smoor/Documents/CS/CS498GD/FinalProject/bit-by-bit/BitTheGame/Content/TopDownBP/Maps/TopDownExampleMap.umap'
[2022.04.27-15.53.55:366][  0]Cmd: MAP CHECKDEP NOCLEARLOG
[2022.04.27-15.53.55:366][  0]MapCheck: Map check complete: 0 Error(s), 0 Warning(s), took 0.211ms to complete.
[2022.04.27-15.53.55:366][  0]LogFileHelpers: Loading map 'TopDownExampleMap' took 0.001
[2022.04.27-15.53.55:368][  0]LogUnrealEdMisc: Total Editor Startup Time, took 7.397
[2022.04.27-15.53.55:539][  0]LogSlate: Updating window title bar state: overlay mode, drag disabled, window buttons hidden, title bar hidden
[2022.04.27-15.53.55:551][  0]LogSlate: Updating window title bar state: overlay mode, drag disabled, window buttons hidden, title bar hidden
[2022.04.27-15.53.55:562][  0]LogSlate: Updating window title bar state: overlay mode, drag disabled, window buttons hidden, title bar hidden
[2022.04.27-15.53.55:574][  0]LogSlate: Updating window title bar state: overlay mode, drag disabled, window buttons hidden, title bar hidden
[2022.04.27-15.53.55:600][  0]LogNativeClassHierarchy: Verbose: Native class hierarchy populated in 0.0172 seconds. Added 3831 classes and 933 folders.
[2022.04.27-15.53.55:604][  0]LogNativeClassHierarchy: Verbose: Native class hierarchy updated for 'WidgetCarousel' in 0.0005 seconds. Added 0 classes and 0 folders.
[2022.04.27-15.53.55:606][  0]LogPakFile: PakFile PrimaryIndexSize=187
[2022.04.27-15.53.55:606][  0]LogPakFile: PakFile PathHashIndexSize=101
[2022.04.27-15.53.55:606][  0]LogPakFile: PakFile FullDirectoryIndexSize=148
[2022.04.27-15.53.55:606][  0]LogShaderLibrary: Display: ShaderCodeLibraryPakFileMountedCallback: PakFile 'C:/Program Files/Epic Games/UE_4.27/FeaturePacks/FP_FirstPerson.upack' (chunk index -1, root 'root:/') mounted
[2022.04.27-15.53.55:606][  0]LogShaderLibrary: Display: ShaderCodeLibraryPakFileMountedCallback: pending pak file info (ChunkID:-1 Root:root:/ File:C:/Program Files/Epic Games/UE_4.27/FeaturePacks/FP_FirstPerson.upack)
[2022.04.27-15.53.55:606][  0]LogPakFile: OnPakFileMounted2Time == 0.000108
[2022.04.27-15.53.55:608][  0]LogPakFile: PakFile PrimaryIndexSize=189
[2022.04.27-15.53.55:608][  0]LogPakFile: PakFile PathHashIndexSize=101
[2022.04.27-15.53.55:608][  0]LogPakFile: PakFile FullDirectoryIndexSize=152
[2022.04.27-15.53.55:608][  0]LogShaderLibrary: Display: ShaderCodeLibraryPakFileMountedCallback: PakFile 'C:/Program Files/Epic Games/UE_4.27/FeaturePacks/FP_FirstPersonBP.upack' (chunk index -1, root 'root:/') mounted
[2022.04.27-15.53.55:608][  0]LogShaderLibrary: Display: ShaderCodeLibraryPakFileMountedCallback: pending pak file info (ChunkID:-1 Root:root:/ File:C:/Program Files/Epic Games/UE_4.27/FeaturePacks/FP_FirstPersonBP.upack)
[2022.04.27-15.53.55:608][  0]LogPakFile: OnPakFileMounted2Time == 0.000079
[2022.04.27-15.53.55:609][  0]LogPakFile: PakFile PrimaryIndexSize=191
[2022.04.27-15.53.55:609][  0]LogPakFile: PakFile PathHashIndexSize=101
[2022.04.27-15.53.55:609][  0]LogPakFile: PakFile FullDirectoryIndexSize=160
[2022.04.27-15.53.55:609][  0]LogShaderLibrary: Display: ShaderCodeLibraryPakFileMountedCallback: PakFile 'C:/Program Files/Epic Games/UE_4.27/FeaturePacks/MobileStarterContent.upack' (chunk index -1, root 'root:/') mounted
[2022.04.27-15.53.55:609][  0]LogShaderLibrary: Display: ShaderCodeLibraryPakFileMountedCallback: pending pak file info (ChunkID:-1 Root:root:/ File:C:/Program Files/Epic Games/UE_4.27/FeaturePacks/MobileStarterContent.upack)
[2022.04.27-15.53.55:609][  0]LogPakFile: OnPakFileMounted2Time == 0.000068
[2022.04.27-15.53.55:610][  0]LogPakFile: PakFile PrimaryIndexSize=185
[2022.04.27-15.53.55:610][  0]LogPakFile: PakFile PathHashIndexSize=101
[2022.04.27-15.53.55:610][  0]LogPakFile: PakFile FullDirectoryIndexSize=148
[2022.04.27-15.53.55:610][  0]LogShaderLibrary: Display: ShaderCodeLibraryPakFileMountedCallback: PakFile 'C:/Program Files/Epic Games/UE_4.27/FeaturePacks/StarterContent.upack' (chunk index -1, root 'root:/') mounted
[2022.04.27-15.53.55:610][  0]LogShaderLibrary: Display: ShaderCodeLibraryPakFileMountedCallback: pending pak file info (ChunkID:-1 Root:root:/ File:C:/Program Files/Epic Games/UE_4.27/FeaturePacks/StarterContent.upack)
[2022.04.27-15.53.55:610][  0]LogPakFile: OnPakFileMounted2Time == 0.000069
[2022.04.27-15.53.55:611][  0]LogPakFile: PakFile PrimaryIndexSize=190
[2022.04.27-15.53.55:611][  0]LogPakFile: PakFile PathHashIndexSize=101
[2022.04.27-15.53.55:611][  0]LogPakFile: PakFile FullDirectoryIndexSize=154
[2022.04.27-15.53.55:611][  0]LogShaderLibrary: Display: ShaderCodeLibraryPakFileMountedCallback: PakFile 'C:/Program Files/Epic Games/UE_4.27/FeaturePacks/TP_2DSideScroller.upack' (chunk index -1, root 'root:/') mounted
[2022.04.27-15.53.55:611][  0]LogShaderLibrary: Display: ShaderCodeLibraryPakFileMountedCallback: pending pak file info (ChunkID:-1 Root:root:/ File:C:/Program Files/Epic Games/UE_4.27/FeaturePacks/TP_2DSideScroller.upack)
[2022.04.27-15.53.55:611][  0]LogPakFile: OnPakFileMounted2Time == 0.000064
[2022.04.27-15.53.55:612][  0]LogPakFile: PakFile PrimaryIndexSize=192
[2022.04.27-15.53.55:612][  0]LogPakFile: PakFile PathHashIndexSize=101
[2022.04.27-15.53.55:612][  0]LogPakFile: PakFile FullDirectoryIndexSize=158
[2022.04.27-15.53.55:612][  0]LogShaderLibrary: Display: ShaderCodeLibraryPakFileMountedCallback: PakFile 'C:/Program Files/Epic Games/UE_4.27/FeaturePacks/TP_2DSideScrollerBP.upack' (chunk index -1, root 'root:/') mounted
[2022.04.27-15.53.55:612][  0]LogShaderLibrary: Display: ShaderCodeLibraryPakFileMountedCallback: pending pak file info (ChunkID:-1 Root:root:/ File:C:/Program Files/Epic Games/UE_4.27/FeaturePacks/TP_2DSideScrollerBP.upack)
[2022.04.27-15.53.55:612][  0]LogPakFile: OnPakFileMounted2Time == 0.000063
[2022.04.27-15.53.55:613][  0]LogPakFile: PakFile PrimaryIndexSize=182
[2022.04.27-15.53.55:614][  0]LogPakFile: PakFile PathHashIndexSize=101
[2022.04.27-15.53.55:614][  0]LogPakFile: PakFile FullDirectoryIndexSize=138
[2022.04.27-15.53.55:614][  0]LogShaderLibrary: Display: ShaderCodeLibraryPakFileMountedCallback: PakFile 'C:/Program Files/Epic Games/UE_4.27/FeaturePacks/TP_Flying.upack' (chunk index -1, root 'root:/') mounted
[2022.04.27-15.53.55:614][  0]LogShaderLibrary: Display: ShaderCodeLibraryPakFileMountedCallback: pending pak file info (ChunkID:-1 Root:root:/ File:C:/Program Files/Epic Games/UE_4.27/FeaturePacks/TP_Flying.upack)
[2022.04.27-15.53.55:614][  0]LogPakFile: OnPakFileMounted2Time == 0.000105
[2022.04.27-15.53.55:615][  0]LogPakFile: PakFile PrimaryIndexSize=184
[2022.04.27-15.53.55:615][  0]LogPakFile: PakFile PathHashIndexSize=101
[2022.04.27-15.53.55:615][  0]LogPakFile: PakFile FullDirectoryIndexSize=142
[2022.04.27-15.53.55:615][  0]LogShaderLibrary: Display: ShaderCodeLibraryPakFileMountedCallback: PakFile 'C:/Program Files/Epic Games/UE_4.27/FeaturePacks/TP_FlyingBP.upack' (chunk index -1, root 'root:/') mounted
[2022.04.27-15.53.55:615][  0]LogShaderLibrary: Display: ShaderCodeLibraryPakFileMountedCallback: pending pak file info (ChunkID:-1 Root:root:/ File:C:/Program Files/Epic Games/UE_4.27/FeaturePacks/TP_FlyingBP.upack)
[2022.04.27-15.53.55:615][  0]LogPakFile: OnPakFileMounted2Time == 0.000048
[2022.04.27-15.53.55:617][  0]LogPakFile: PakFile PrimaryIndexSize=188
[2022.04.27-15.53.55:617][  0]LogPakFile: PakFile PathHashIndexSize=101
[2022.04.27-15.53.55:617][  0]LogPakFile: PakFile FullDirectoryIndexSize=150
[2022.04.27-15.53.55:617][  0]LogShaderLibrary: Display: ShaderCodeLibraryPakFileMountedCallback: PakFile 'C:/Program Files/Epic Games/UE_4.27/FeaturePacks/TP_HandheldARBP.upack' (chunk index -1, root 'root:/') mounted
[2022.04.27-15.53.55:617][  0]LogShaderLibrary: Display: ShaderCodeLibraryPakFileMountedCallback: pending pak file info (ChunkID:-1 Root:root:/ File:C:/Program Files/Epic Games/UE_4.27/FeaturePacks/TP_HandheldARBP.upack)
[2022.04.27-15.53.55:617][  0]LogPakFile: OnPakFileMounted2Time == 0.000051
[2022.04.27-15.53.55:618][  0]LogPakFile: PakFile PrimaryIndexSize=182
[2022.04.27-15.53.55:618][  0]LogPakFile: PakFile PathHashIndexSize=101
[2022.04.27-15.53.55:618][  0]LogPakFile: PakFile FullDirectoryIndexSize=138
[2022.04.27-15.53.55:618][  0]LogShaderLibrary: Display: ShaderCodeLibraryPakFileMountedCallback: PakFile 'C:/Program Files/Epic Games/UE_4.27/FeaturePacks/TP_Puzzle.upack' (chunk index -1, root 'root:/') mounted
[2022.04.27-15.53.55:618][  0]LogShaderLibrary: Display: ShaderCodeLibraryPakFileMountedCallback: pending pak file info (ChunkID:-1 Root:root:/ File:C:/Program Files/Epic Games/UE_4.27/FeaturePacks/TP_Puzzle.upack)
[2022.04.27-15.53.55:618][  0]LogPakFile: OnPakFileMounted2Time == 0.000049
[2022.04.27-15.53.55:619][  0]LogPakFile: PakFile PrimaryIndexSize=184
[2022.04.27-15.53.55:619][  0]LogPakFile: PakFile PathHashIndexSize=101
[2022.04.27-15.53.55:619][  0]LogPakFile: PakFile FullDirectoryIndexSize=142
[2022.04.27-15.53.55:619][  0]LogShaderLibrary: Display: ShaderCodeLibraryPakFileMountedCallback: PakFile 'C:/Program Files/Epic Games/UE_4.27/FeaturePacks/TP_PuzzleBP.upack' (chunk index -1, root 'root:/') mounted
[2022.04.27-15.53.55:619][  0]LogShaderLibrary: Display: ShaderCodeLibraryPakFileMountedCallback: pending pak file info (ChunkID:-1 Root:root:/ File:C:/Program Files/Epic Games/UE_4.27/FeaturePacks/TP_PuzzleBP.upack)
[2022.04.27-15.53.55:619][  0]LogPakFile: OnPakFileMounted2Time == 0.000065
[2022.04.27-15.53.55:620][  0]LogPakFile: PakFile PrimaryIndexSize=183
[2022.04.27-15.53.55:620][  0]LogPakFile: PakFile PathHashIndexSize=101
[2022.04.27-15.53.55:620][  0]LogPakFile: PakFile FullDirectoryIndexSize=140
[2022.04.27-15.53.55:620][  0]LogShaderLibrary: Display: ShaderCodeLibraryPakFileMountedCallback: PakFile 'C:/Program Files/Epic Games/UE_4.27/FeaturePacks/TP_Rolling.upack' (chunk index -1, root 'root:/') mounted
[2022.04.27-15.53.55:620][  0]LogShaderLibrary: Display: ShaderCodeLibraryPakFileMountedCallback: pending pak file info (ChunkID:-1 Root:root:/ File:C:/Program Files/Epic Games/UE_4.27/FeaturePacks/TP_Rolling.upack)
[2022.04.27-15.53.55:620][  0]LogPakFile: OnPakFileMounted2Time == 0.000043
[2022.04.27-15.53.55:621][  0]LogPakFile: PakFile PrimaryIndexSize=185
[2022.04.27-15.53.55:621][  0]LogPakFile: PakFile PathHashIndexSize=101
[2022.04.27-15.53.55:621][  0]LogPakFile: PakFile FullDirectoryIndexSize=144
[2022.04.27-15.53.55:621][  0]LogShaderLibrary: Display: ShaderCodeLibraryPakFileMountedCallback: PakFile 'C:/Program Files/Epic Games/UE_4.27/FeaturePacks/TP_RollingBP.upack' (chunk index -1, root 'root:/') mounted
[2022.04.27-15.53.55:621][  0]LogShaderLibrary: Display: ShaderCodeLibraryPakFileMountedCallback: pending pak file info (ChunkID:-1 Root:root:/ File:C:/Program Files/Epic Games/UE_4.27/FeaturePacks/TP_RollingBP.upack)
[2022.04.27-15.53.55:621][  0]LogPakFile: OnPakFileMounted2Time == 0.000040
[2022.04.27-15.53.55:621][  0]LogPakFile: PakFile PrimaryIndexSize=188
[2022.04.27-15.53.55:621][  0]LogPakFile: PakFile PathHashIndexSize=101
[2022.04.27-15.53.55:621][  0]LogPakFile: PakFile FullDirectoryIndexSize=150
[2022.04.27-15.53.55:621][  0]LogShaderLibrary: Display: ShaderCodeLibraryPakFileMountedCallback: PakFile 'C:/Program Files/Epic Games/UE_4.27/FeaturePacks/TP_SideScroller.upack' (chunk index -1, root 'root:/') mounted
[2022.04.27-15.53.55:621][  0]LogShaderLibrary: Display: ShaderCodeLibraryPakFileMountedCallback: pending pak file info (ChunkID:-1 Root:root:/ File:C:/Program Files/Epic Games/UE_4.27/FeaturePacks/TP_SideScroller.upack)
[2022.04.27-15.53.55:622][  0]LogPakFile: OnPakFileMounted2Time == 0.000051
[2022.04.27-15.53.55:622][  0]LogPakFile: PakFile PrimaryIndexSize=190
[2022.04.27-15.53.55:622][  0]LogPakFile: PakFile PathHashIndexSize=101
[2022.04.27-15.53.55:622][  0]LogPakFile: PakFile FullDirectoryIndexSize=154
[2022.04.27-15.53.55:622][  0]LogShaderLibrary: Display: ShaderCodeLibraryPakFileMountedCallback: PakFile 'C:/Program Files/Epic Games/UE_4.27/FeaturePacks/TP_SideScrollerBP.upack' (chunk index -1, root 'root:/') mounted
[2022.04.27-15.53.55:622][  0]LogShaderLibrary: Display: ShaderCodeLibraryPakFileMountedCallback: pending pak file info (ChunkID:-1 Root:root:/ File:C:/Program Files/Epic Games/UE_4.27/FeaturePacks/TP_SideScrollerBP.upack)
[2022.04.27-15.53.55:622][  0]LogPakFile: OnPakFileMounted2Time == 0.000042
[2022.04.27-15.53.55:623][  0]LogPakFile: PakFile PrimaryIndexSize=187
[2022.04.27-15.53.55:623][  0]LogPakFile: PakFile PathHashIndexSize=101
[2022.04.27-15.53.55:623][  0]LogPakFile: PakFile FullDirectoryIndexSize=148
[2022.04.27-15.53.55:623][  0]LogShaderLibrary: Display: ShaderCodeLibraryPakFileMountedCallback: PakFile 'C:/Program Files/Epic Games/UE_4.27/FeaturePacks/TP_ThirdPerson.upack' (chunk index -1, root 'root:/') mounted
[2022.04.27-15.53.55:623][  0]LogShaderLibrary: Display: ShaderCodeLibraryPakFileMountedCallback: pending pak file info (ChunkID:-1 Root:root:/ File:C:/Program Files/Epic Games/UE_4.27/FeaturePacks/TP_ThirdPerson.upack)
[2022.04.27-15.53.55:623][  0]LogPakFile: OnPakFileMounted2Time == 0.000041
[2022.04.27-15.53.55:624][  0]LogPakFile: PakFile PrimaryIndexSize=189
[2022.04.27-15.53.55:624][  0]LogPakFile: PakFile PathHashIndexSize=101
[2022.04.27-15.53.55:624][  0]LogPakFile: PakFile FullDirectoryIndexSize=152
[2022.04.27-15.53.55:624][  0]LogShaderLibrary: Display: ShaderCodeLibraryPakFileMountedCallback: PakFile 'C:/Program Files/Epic Games/UE_4.27/FeaturePacks/TP_ThirdPersonBP.upack' (chunk index -1, root 'root:/') mounted
[2022.04.27-15.53.55:624][  0]LogShaderLibrary: Display: ShaderCodeLibraryPakFileMountedCallback: pending pak file info (ChunkID:-1 Root:root:/ File:C:/Program Files/Epic Games/UE_4.27/FeaturePacks/TP_ThirdPersonBP.upack)
[2022.04.27-15.53.55:624][  0]LogPakFile: OnPakFileMounted2Time == 0.000042
[2022.04.27-15.53.55:624][  0]LogPakFile: PakFile PrimaryIndexSize=183
[2022.04.27-15.53.55:624][  0]LogPakFile: PakFile PathHashIndexSize=101
[2022.04.27-15.53.55:624][  0]LogPakFile: PakFile FullDirectoryIndexSize=140
[2022.04.27-15.53.55:624][  0]LogShaderLibrary: Display: ShaderCodeLibraryPakFileMountedCallback: PakFile 'C:/Program Files/Epic Games/UE_4.27/FeaturePacks/TP_TopDown.upack' (chunk index -1, root 'root:/') mounted
[2022.04.27-15.53.55:625][  0]LogShaderLibrary: Display: ShaderCodeLibraryPakFileMountedCallback: pending pak file info (ChunkID:-1 Root:root:/ File:C:/Program Files/Epic Games/UE_4.27/FeaturePacks/TP_TopDown.upack)
[2022.04.27-15.53.55:625][  0]LogPakFile: OnPakFileMounted2Time == 0.000066
[2022.04.27-15.53.55:625][  0]LogPakFile: PakFile PrimaryIndexSize=185
[2022.04.27-15.53.55:625][  0]LogPakFile: PakFile PathHashIndexSize=101
[2022.04.27-15.53.55:625][  0]LogPakFile: PakFile FullDirectoryIndexSize=144
[2022.04.27-15.53.55:625][  0]LogShaderLibrary: Display: ShaderCodeLibraryPakFileMountedCallback: PakFile 'C:/Program Files/Epic Games/UE_4.27/FeaturePacks/TP_TopDownBP.upack' (chunk index -1, root 'root:/') mounted
[2022.04.27-15.53.55:625][  0]LogShaderLibrary: Display: ShaderCodeLibraryPakFileMountedCallback: pending pak file info (ChunkID:-1 Root:root:/ File:C:/Program Files/Epic Games/UE_4.27/FeaturePacks/TP_TopDownBP.upack)
[2022.04.27-15.53.55:625][  0]LogPakFile: OnPakFileMounted2Time == 0.000041
[2022.04.27-15.53.55:626][  0]LogPakFile: PakFile PrimaryIndexSize=185
[2022.04.27-15.53.55:626][  0]LogPakFile: PakFile PathHashIndexSize=101
[2022.04.27-15.53.55:626][  0]LogPakFile: PakFile FullDirectoryIndexSize=144
[2022.04.27-15.53.55:626][  0]LogShaderLibrary: Display: ShaderCodeLibraryPakFileMountedCallback: PakFile 'C:/Program Files/Epic Games/UE_4.27/FeaturePacks/TP_TwinStick.upack' (chunk index -1, root 'root:/') mounted
[2022.04.27-15.53.55:626][  0]LogShaderLibrary: Display: ShaderCodeLibraryPakFileMountedCallback: pending pak file info (ChunkID:-1 Root:root:/ File:C:/Program Files/Epic Games/UE_4.27/FeaturePacks/TP_TwinStick.upack)
[2022.04.27-15.53.55:626][  0]LogPakFile: OnPakFileMounted2Time == 0.000044
[2022.04.27-15.53.55:627][  0]LogPakFile: PakFile PrimaryIndexSize=187
[2022.04.27-15.53.55:627][  0]LogPakFile: PakFile PathHashIndexSize=101
[2022.04.27-15.53.55:627][  0]LogPakFile: PakFile FullDirectoryIndexSize=148
[2022.04.27-15.53.55:627][  0]LogShaderLibrary: Display: ShaderCodeLibraryPakFileMountedCallback: PakFile 'C:/Program Files/Epic Games/UE_4.27/FeaturePacks/TP_TwinStickBP.upack' (chunk index -1, root 'root:/') mounted
[2022.04.27-15.53.55:627][  0]LogShaderLibrary: Display: ShaderCodeLibraryPakFileMountedCallback: pending pak file info (ChunkID:-1 Root:root:/ File:C:/Program Files/Epic Games/UE_4.27/FeaturePacks/TP_TwinStickBP.upack)
[2022.04.27-15.53.55:627][  0]LogPakFile: OnPakFileMounted2Time == 0.000042
[2022.04.27-15.53.55:628][  0]LogPakFile: PakFile PrimaryIndexSize=183
[2022.04.27-15.53.55:628][  0]LogPakFile: PakFile PathHashIndexSize=101
[2022.04.27-15.53.55:628][  0]LogPakFile: PakFile FullDirectoryIndexSize=140
[2022.04.27-15.53.55:628][  0]LogShaderLibrary: Display: ShaderCodeLibraryPakFileMountedCallback: PakFile 'C:/Program Files/Epic Games/UE_4.27/FeaturePacks/TP_Vehicle.upack' (chunk index -1, root 'root:/') mounted
[2022.04.27-15.53.55:628][  0]LogShaderLibrary: Display: ShaderCodeLibraryPakFileMountedCallback: pending pak file info (ChunkID:-1 Root:root:/ File:C:/Program Files/Epic Games/UE_4.27/FeaturePacks/TP_Vehicle.upack)
[2022.04.27-15.53.55:628][  0]LogPakFile: OnPakFileMounted2Time == 0.000045
[2022.04.27-15.53.55:629][  0]LogPakFile: PakFile PrimaryIndexSize=186
[2022.04.27-15.53.55:629][  0]LogPakFile: PakFile PathHashIndexSize=101
[2022.04.27-15.53.55:629][  0]LogPakFile: PakFile FullDirectoryIndexSize=146
[2022.04.27-15.53.55:629][  0]LogShaderLibrary: Display: ShaderCodeLibraryPakFileMountedCallback: PakFile 'C:/Program Files/Epic Games/UE_4.27/FeaturePacks/TP_VehicleAdv.upack' (chunk index -1, root 'root:/') mounted
[2022.04.27-15.53.55:629][  0]LogShaderLibrary: Display: ShaderCodeLibraryPakFileMountedCallback: pending pak file info (ChunkID:-1 Root:root:/ File:C:/Program Files/Epic Games/UE_4.27/FeaturePacks/TP_VehicleAdv.upack)
[2022.04.27-15.53.55:629][  0]LogPakFile: OnPakFileMounted2Time == 0.000060
[2022.04.27-15.53.55:630][  0]LogPakFile: PakFile PrimaryIndexSize=188
[2022.04.27-15.53.55:630][  0]LogPakFile: PakFile PathHashIndexSize=101
[2022.04.27-15.53.55:630][  0]LogPakFile: PakFile FullDirectoryIndexSize=150
[2022.04.27-15.53.55:630][  0]LogShaderLibrary: Display: ShaderCodeLibraryPakFileMountedCallback: PakFile 'C:/Program Files/Epic Games/UE_4.27/FeaturePacks/TP_VehicleAdvBP.upack' (chunk index -1, root 'root:/') mounted
[2022.04.27-15.53.55:630][  0]LogShaderLibrary: Display: ShaderCodeLibraryPakFileMountedCallback: pending pak file info (ChunkID:-1 Root:root:/ File:C:/Program Files/Epic Games/UE_4.27/FeaturePacks/TP_VehicleAdvBP.upack)
[2022.04.27-15.53.55:630][  0]LogPakFile: OnPakFileMounted2Time == 0.000075
[2022.04.27-15.53.55:631][  0]LogPakFile: PakFile PrimaryIndexSize=185
[2022.04.27-15.53.55:631][  0]LogPakFile: PakFile PathHashIndexSize=101
[2022.04.27-15.53.55:631][  0]LogPakFile: PakFile FullDirectoryIndexSize=144
[2022.04.27-15.53.55:631][  0]LogShaderLibrary: Display: ShaderCodeLibraryPakFileMountedCallback: PakFile 'C:/Program Files/Epic Games/UE_4.27/FeaturePacks/TP_VehicleBP.upack' (chunk index -1, root 'root:/') mounted
[2022.04.27-15.53.55:631][  0]LogShaderLibrary: Display: ShaderCodeLibraryPakFileMountedCallback: pending pak file info (ChunkID:-1 Root:root:/ File:C:/Program Files/Epic Games/UE_4.27/FeaturePacks/TP_VehicleBP.upack)
[2022.04.27-15.53.55:631][  0]LogPakFile: OnPakFileMounted2Time == 0.000070
[2022.04.27-15.53.55:632][  0]LogPakFile: PakFile PrimaryIndexSize=192
[2022.04.27-15.53.55:632][  0]LogPakFile: PakFile PathHashIndexSize=101
[2022.04.27-15.53.55:632][  0]LogPakFile: PakFile FullDirectoryIndexSize=158
[2022.04.27-15.53.55:632][  0]LogShaderLibrary: Display: ShaderCodeLibraryPakFileMountedCallback: PakFile 'C:/Program Files/Epic Games/UE_4.27/FeaturePacks/TP_VirtualRealityBP.upack' (chunk index -1, root 'root:/') mounted
[2022.04.27-15.53.55:632][  0]LogShaderLibrary: Display: ShaderCodeLibraryPakFileMountedCallback: pending pak file info (ChunkID:-1 Root:root:/ File:C:/Program Files/Epic Games/UE_4.27/FeaturePacks/TP_VirtualRealityBP.upack)
[2022.04.27-15.53.55:632][  0]LogPakFile: OnPakFileMounted2Time == 0.000080
[2022.04.27-15.53.55:730][  0]LogNativeClassHierarchy: Verbose: Native class hierarchy updated for 'AddContentDialog' in 0.0005 seconds. Added 0 classes and 0 folders.
[2022.04.27-15.53.55:733][  0]LogNativeClassHierarchy: Verbose: Native class hierarchy updated for 'SceneOutliner' in 0.0005 seconds. Added 2 classes and 0 folders.
[2022.04.27-15.53.55:809][  0]LogSlate: Took 0.000995 seconds to synchronously load lazily loaded font '../../../Engine/Content/Slate/Fonts/Roboto-Regular.ttf' (155K)
[2022.04.27-15.53.55:810][  0]LogSlate: Took 0.000364 seconds to synchronously load lazily loaded font '../../../Engine/Content/Editor/Slate/Fonts/FontAwesome.ttf' (139K)
[2022.04.27-15.53.55:813][  0]LogSlate: Took 0.000689 seconds to synchronously load lazily loaded font '../../../Engine/Content/Slate/Fonts/Roboto-Bold.ttf' (160K)
[2022.04.27-15.53.56:010][  0]LogRenderer: Reallocating scene render targets to support 2172x804 Format 10 NumSamples 1 (Frame:1).
[2022.04.27-15.53.56:164][  0]LogNativeClassHierarchy: Verbose: Native class hierarchy updated for 'HierarchicalLODOutliner' in 0.0004 seconds. Added 0 classes and 0 folders.
[2022.04.27-15.53.56:164][  0]LogInput: Warning: Action ResetVR uses invalid key OculusGo_Left_Back_Click.
[2022.04.27-15.53.56:164][  0]LogInput: Warning: Action SetDestination uses invalid key OculusGo_Left_Trigger_Click.
[2022.04.27-15.53.56:164][  0]LogInput: Warning: Use -RemoveInvalidKeys to remove instances of these keys from the action mapping.
[2022.04.27-15.53.56:164][  0]LogLoad: (Engine Initialization) Total time: 8.19 seconds
[2022.04.27-15.53.56:164][  0]LogLoad: (Engine Initialization) Total Blueprint compile time: 0.00 seconds
[2022.04.27-15.53.56:242][  0]LogContentStreaming: Texture pool size now 1000 MB
[2022.04.27-15.53.56:297][  1]LogAssetRegistry: Asset discovery search completed in 5.1797 seconds
[2022.04.27-15.53.56:307][  1]LogCollectionManager: Fixed up redirectors for 0 collections in 0.000006 seconds (updated 0 objects)
