Log file open, 04/27/22 10:53:20
LogWindows: Failed to load 'aqProf.dll' (GetLastError=126)
LogWindows: File 'aqProf.dll' does not exist
LogWindows: Failed to load 'VtuneApi.dll' (GetLastError=126)
LogWindows: File 'VtuneApi.dll' does not exist
LogWindows: Failed to load 'VtuneApi32e.dll' (GetLastError=126)
LogWindows: File 'VtuneApi32e.dll' does not exist
LogConsoleResponse: Display: Failed to find resolution value strings in scalability ini. Falling back to default.
LogConsoleResponse: Display: Failed to find resolution value strings in scalability ini. Falling back to default.
LogInit: Display: Running engine for game: BitTheGame
LogPlatformFile: Not using cached read wrapper
LogTaskGraph: Started task graph with 5 named threads and 23 total threads with 3 sets of task threads.
LogStats: Stats thread started at 0.230179
LogICUInternationalization: ICU TimeZone Detection - Raw Offset: -6:00, Platform Override: ''
LogInit: Display: Loading text-based GConfig....
LogPluginManager: Mounting plugin MeshPainting
LogPluginManager: Mounting plugin XGEController
LogPluginManager: Mounting plugin Paper2D
LogPluginManager: Mounting plugin LiveLink
LogPluginManager: Mounting plugin AISupport
LogPluginManager: Mounting plugin EnvironmentQueryEditor
LogPluginManager: Mounting plugin LightPropagationVolume
LogPluginManager: Mounting plugin CameraShakePreviewer
LogPluginManager: Mounting plugin GameplayCameras
LogPluginManager: Mounting plugin AnimationSharing
LogPluginManager: Mounting plugin CLionSourceCodeAccess
LogPluginManager: Mounting plugin CodeLiteSourceCodeAccess
LogPluginManager: Mounting plugin GitSourceControl
LogPluginManager: Mounting plugin PerforceSourceControl
LogPluginManager: Mounting plugin PixWinPlugin
LogPluginManager: Mounting plugin PlasticSourceControl
LogPluginManager: Mounting plugin PluginUtils
LogPluginManager: Mounting plugin PropertyAccessNode
LogPluginManager: Mounting plugin RiderSourceCodeAccess
LogPluginManager: Mounting plugin SubversionSourceControl
LogPluginManager: Mounting plugin TextureFormatOodle
LogPluginManager: Mounting plugin UObjectPlugin
LogPluginManager: Mounting plugin VisualStudioSourceCodeAccess
LogPluginManager: Mounting plugin XCodeSourceCodeAccess
LogPluginManager: Mounting plugin NullSourceCodeAccess
LogPluginManager: Mounting plugin KDevelopSourceCodeAccess
LogPluginManager: Mounting plugin CryptoKeys
LogPluginManager: Mounting plugin CurveEditorTools
LogPluginManager: Mounting plugin DataValidation
LogPluginManager: Mounting plugin FacialAnimation
LogPluginManager: Mounting plugin OodleNetwork
LogPluginManager: Mounting plugin GameplayTagsEditor
LogPluginManager: Mounting plugin GeometryMode
LogPluginManager: Mounting plugin MacGraphicsSwitching
LogPluginManager: Mounting plugin MaterialAnalyzer
LogPluginManager: Mounting plugin MobileLauncherProfileWizard
LogPluginManager: Mounting plugin PluginBrowser
LogPluginManager: Mounting plugin SpeedTreeImporter
LogPluginManager: Mounting plugin DatasmithContent
LogPluginManager: Mounting plugin VariantManagerContent
LogPluginManager: Mounting plugin AlembicImporter
LogPluginManager: Mounting plugin AutomationUtils
LogPluginManager: Mounting plugin BackChannel
LogPluginManager: Mounting plugin OodleData
LogPluginManager: Mounting plugin ChaosCloth
LogPluginManager: Mounting plugin ChaosClothEditor
LogPluginManager: Mounting plugin ChaosEditor
LogPluginManager: Mounting plugin ChaosNiagara
LogPluginManager: Mounting plugin ChaosSolverPlugin
LogPluginManager: Mounting plugin CharacterAI
LogPluginManager: Mounting plugin VisualStudioCodeSourceCodeAccess
LogPluginManager: Mounting plugin GeometryCache
LogPluginManager: Mounting plugin AssetManagerEditor
LogPluginManager: Mounting plugin GeometryCollectionPlugin
LogPluginManager: Mounting plugin GeometryProcessing
LogPluginManager: Mounting plugin MotoSynth
LogPluginManager: Mounting plugin OpenImageDenoise
LogPluginManager: Mounting plugin PlanarCut
LogPluginManager: Mounting plugin PlatformCrypto
LogPluginManager: Mounting plugin ProxyLODPlugin
LogPluginManager: Mounting plugin PythonScriptPlugin
LogPluginManager: Mounting plugin SkeletalReduction
LogPluginManager: Mounting plugin Niagara
LogPluginManager: Mounting plugin LuminPlatformFeatures
LogPluginManager: Mounting plugin MagicLeapLightEstimation
LogPluginManager: Mounting plugin MagicLeapMedia
LogPluginManager: Mounting plugin MLSDK
LogPluginManager: Mounting plugin MagicLeapPassableWorld
LogPluginManager: Mounting plugin AndroidMedia
LogPluginManager: Mounting plugin AvfMedia
LogPluginManager: Mounting plugin MagicLeap
LogPluginManager: Mounting plugin ImgMedia
LogPluginManager: Mounting plugin MediaCompositing
LogPluginManager: Mounting plugin MediaPlayerEditor
LogPluginManager: Mounting plugin WebMMedia
LogPluginManager: Mounting plugin WmfMedia
LogPluginManager: Mounting plugin TcpMessaging
LogPluginManager: Mounting plugin UdpMessaging
LogPluginManager: Mounting plugin ActorSequence
LogPluginManager: Mounting plugin LevelSequenceEditor
LogPluginManager: Mounting plugin MatineeToLevelSequence
LogPluginManager: Mounting plugin TemplateSequence
LogPluginManager: Mounting plugin OnlineSubsystem
LogPluginManager: Mounting plugin OnlineSubsystemNull
LogPluginManager: Mounting plugin OnlineSubsystemUtils
LogPluginManager: Mounting plugin LauncherChunkInstaller
LogPluginManager: Mounting plugin ActorLayerUtilities
LogPluginManager: Mounting plugin AndroidMoviePlayer
LogPluginManager: Mounting plugin AndroidPermission
LogPluginManager: Mounting plugin AndroidDeviceProfileSelector
LogPluginManager: Mounting plugin AppleImageUtils
LogPluginManager: Mounting plugin ApexDestruction
LogPluginManager: Mounting plugin AppleMoviePlayer
LogPluginManager: Mounting plugin ArchVisCharacter
LogPluginManager: Mounting plugin AssetTags
LogPluginManager: Mounting plugin AudioCapture
LogPluginManager: Mounting plugin CableComponent
LogPluginManager: Mounting plugin AudioSynesthesia
LogPluginManager: Mounting plugin ChunkDownloader
LogPluginManager: Mounting plugin CustomMeshComponent
LogPluginManager: Mounting plugin EditableMesh
LogPluginManager: Mounting plugin ExampleDeviceProfileSelector
LogPluginManager: Mounting plugin GooglePAD
LogPluginManager: Mounting plugin GoogleCloudMessaging
LogPluginManager: Mounting plugin IOSDeviceProfileSelector
LogPluginManager: Mounting plugin LinuxDeviceProfileSelector
LogPluginManager: Mounting plugin LocationServicesBPLibrary
LogPluginManager: Mounting plugin MobilePatchingUtils
LogPluginManager: Mounting plugin OpenXR
LogPluginManager: Mounting plugin OpenXREyeTracker
LogPluginManager: Mounting plugin OpenXRHandTracking
LogPluginManager: Mounting plugin PhysXVehicles
LogPluginManager: Mounting plugin PostSplashScreen
LogPluginManager: Mounting plugin PropertyAccessEditor
LogPluginManager: Mounting plugin RuntimePhysXCooking
LogPluginManager: Mounting plugin SignificanceManager
LogPluginManager: Mounting plugin ProceduralMeshComponent
LogPluginManager: Mounting plugin Synthesis
LogPluginManager: Mounting plugin WebMMoviePlayer
LogPluginManager: Mounting plugin SoundFields
LogPluginManager: Mounting plugin WindowsMoviePlayer
LogPluginManager: Mounting plugin ScreenshotTools
LogPluginManager: Mounting plugin Takes
LogPluginManager: Mounting plugin ContentBrowserAssetDataSource
LogPluginManager: Mounting plugin ContentBrowserClassDataSource
LogPluginManager: Mounting plugin ContentBrowserFileDataSource
LogPluginManager: Mounting plugin OnlineSubsystemGooglePlay
LogPluginManager: Mounting plugin OnlineSubsystemIOS
LogPluginManager: Mounting plugin OculusVR
LogPluginManager: Mounting plugin SteamVR
PixWinPlugin: PIX capture plugin failed to initialize! Check that the process is launched from PIX.
LogInit: Using libcurl 7.55.1-DEV
LogInit:  - built for x86_64-pc-win32
LogInit:  - supports SSL with OpenSSL/1.1.1
LogInit:  - supports HTTP deflate (compression) using libz 1.2.8
LogInit:  - other features:
LogInit:      CURL_VERSION_SSL
LogInit:      CURL_VERSION_LIBZ
LogInit:      CURL_VERSION_IPV6
LogInit:      CURL_VERSION_ASYNCHDNS
LogInit:      CURL_VERSION_LARGEFILE
LogInit:      CURL_VERSION_IDN
LogInit:  CurlRequestOptions (configurable via config and command line):
LogInit:  - bVerifyPeer = true  - Libcurl will verify peer certificate
LogInit:  - bUseHttpProxy = false  - Libcurl will NOT use HTTP proxy
LogInit:  - bDontReuseConnections = false  - Libcurl will reuse connections
LogInit:  - MaxHostConnections = 16  - Libcurl will limit the number of connections to a host
LogInit:  - LocalHostAddr = Default
LogInit:  - BufferSize = 65536
LogOnline: OSS: Creating online subsystem instance for: NULL
LogInit: WinSock: version 1.1 (2.2), MaxSocks=32767, MaxUdp=65467
LogOnline: OSS: TryLoadSubsystemAndSetDefault: Loaded subsystem for module [NULL]
LogOculusPluginWrapper: OculusPlugin initialized successfully
LogHMD: Failed initializing OVRPlugin 1.59.0
LogInit: Build: ++UE4+Release-4.27-CL-18319896
LogInit: Engine Version: 4.27.2-18319896+++UE4+Release-4.27
LogInit: Compatible Engine Version: 4.27.0-17155196+++UE4+Release-4.27
LogInit: Net CL: 17155196
LogInit: OS: Windows 10 (Release 2009) (), CPU: 11th Gen Intel(R) Core(TM) i7-1185G7 @ 3.00GHz, GPU: Intel(R) Iris(R) Xe Graphics
LogInit: Compiled (64-bit): Nov 30 2021 07:12:08
LogInit: Compiled with Visual C++: 19.24.28315.00
LogInit: Build Configuration: Development
LogInit: Branch Name: ++UE4+Release-4.27
LogInit: Command Line: 
LogInit: Base Directory: C:/Program Files/Epic Games/UE_4.27/Engine/Binaries/Win64/
LogInit: Allocator: TBB
LogInit: Installed Engine Build: 1
LogDevObjectVersion: Number of dev versions registered: 29
LogDevObjectVersion:   Dev-Blueprints (B0D832E4-1F89-4F0D-ACCF-7EB736FD4AA2): 10
LogDevObjectVersion:   Dev-Build (E1C64328-A22C-4D53-A36C-8E866417BD8C): 0
LogDevObjectVersion:   Dev-Core (375EC13C-06E4-48FB-B500-84F0262A717E): 4
LogDevObjectVersion:   Dev-Editor (E4B068ED-F494-42E9-A231-DA0B2E46BB41): 40
LogDevObjectVersion:   Dev-Framework (CFFC743F-43B0-4480-9391-14DF171D2073): 37
LogDevObjectVersion:   Dev-Mobile (B02B49B5-BB20-44E9-A304-32B752E40360): 3
LogDevObjectVersion:   Dev-Networking (A4E4105C-59A1-49B5-A7C5-40C4547EDFEE): 0
LogDevObjectVersion:   Dev-Online (39C831C9-5AE6-47DC-9A44-9C173E1C8E7C): 0
LogDevObjectVersion:   Dev-Physics (78F01B33-EBEA-4F98-B9B4-84EACCB95AA2): 14
LogDevObjectVersion:   Dev-Platform (6631380F-2D4D-43E0-8009-CF276956A95A): 0
LogDevObjectVersion:   Dev-Rendering (12F88B9F-8875-4AFC-A67C-D90C383ABD29): 45
LogDevObjectVersion:   Dev-Sequencer (7B5AE74C-D270-4C10-A958-57980B212A5A): 13
LogDevObjectVersion:   Dev-VR (D7296918-1DD6-4BDD-9DE2-64A83CC13884): 3
LogDevObjectVersion:   Dev-LoadTimes (C2A15278-BFE7-4AFE-6C17-90FF531DF755): 1
LogDevObjectVersion:   Private-Geometry (6EACA3D4-40EC-4CC1-B786-8BED09428FC5): 3
LogDevObjectVersion:   Dev-AnimPhys (29E575DD-E0A3-4627-9D10-D276232CDCEA): 17
LogDevObjectVersion:   Dev-Anim (AF43A65D-7FD3-4947-9873-3E8ED9C1BB05): 15
LogDevObjectVersion:   Dev-ReflectionCapture (6B266CEC-1EC7-4B8F-A30B-E4D90942FC07): 1
LogDevObjectVersion:   Dev-Automation (0DF73D61-A23F-47EA-B727-89E90C41499A): 1
LogDevObjectVersion:   FortniteMain (601D1886-AC64-4F84-AA16-D3DE0DEAC7D6): 47
LogDevObjectVersion:   FortniteRelease (E7086368-6B23-4C58-8439-1B7016265E91): 1
LogDevObjectVersion:   Dev-Enterprise (9DFFBCD6-494F-0158-E221-12823C92A888): 10
LogDevObjectVersion:   Dev-Niagara (F2AED0AC-9AFE-416F-8664-AA7FFA26D6FC): 1
LogDevObjectVersion:   Dev-Destruction (174F1F0B-B4C6-45A5-B13F-2EE8D0FB917D): 10
LogDevObjectVersion:   Dev-Physics-Ext (35F94A83-E258-406C-A318-09F59610247C): 41
LogDevObjectVersion:   Dev-PhysicsMaterial-Chaos (B68FC16E-8B1B-42E2-B453-215C058844FE): 1
LogDevObjectVersion:   Dev-CineCamera (B2E18506-4273-CFC2-A54E-F4BB758BBA07): 1
LogDevObjectVersion:   Dev-VirtualProduction (64F58936-FD1B-42BA-BA96-7289D5D0FA4E): 1
LogDevObjectVersion:   Dev-MediaFramework (6F0ED827-A609-4895-9C91-998D90180EA4): 2
LogInit: Presizing for max 25165824 objects, including 0 objects not considered by GC, pre-allocating 0 bytes for permanent pool.
LogConfig: Applying CVar settings from Section [/Script/Engine.StreamingSettings] File [C:/Users/smoor/Documents/CS/CS498GD/FinalProject/bit-by-bit/BitTheGame/Saved/Config/Windows/Engine.ini]
LogConfig: Setting CVar [[s.MinBulkDataSizeForAsyncLoading:131072]]
LogConfig: Setting CVar [[s.AsyncLoadingThreadEnabled:0]]
LogConfig: Setting CVar [[s.EventDrivenLoaderEnabled:1]]
LogConfig: Setting CVar [[s.WarnIfTimeLimitExceeded:0]]
LogConfig: Setting CVar [[s.TimeLimitExceededMultiplier:1.5]]
LogConfig: Setting CVar [[s.TimeLimitExceededMinTime:0.005]]
LogConfig: Setting CVar [[s.UseBackgroundLevelStreaming:1]]
LogConfig: Setting CVar [[s.PriorityAsyncLoadingExtraTime:15.0]]
LogConfig: Setting CVar [[s.LevelStreamingActorsUpdateTimeLimit:5.0]]
LogConfig: Setting CVar [[s.PriorityLevelStreamingActorsUpdateExtraTime:5.0]]
LogConfig: Setting CVar [[s.LevelStreamingComponentsRegistrationGranularity:10]]
LogConfig: Setting CVar [[s.UnregisterComponentsTimeLimit:1.0]]
LogConfig: Setting CVar [[s.LevelStreamingComponentsUnregistrationGranularity:5]]
LogConfig: Setting CVar [[s.FlushStreamingOnExit:1]]
LogInit: Object subsystem initialized
LogConfig: Setting CVar [[con.DebugEarlyDefault:1]]
LogConfig: Setting CVar [[r.setres:1280x720]]
[2022.04.27-15.53.21:017][  0]LogConfig: Setting CVar [[r.VSync:0]]
[2022.04.27-15.53.21:017][  0]LogConfig: Setting CVar [[r.RHICmdBypass:0]]
[2022.04.27-15.53.21:017][  0]LogConfig: Applying CVar settings from Section [/Script/Engine.RendererSettings] File [C:/Users/smoor/Documents/CS/CS498GD/FinalProject/bit-by-bit/BitTheGame/Saved/Config/Windows/Engine.ini]
[2022.04.27-15.53.21:017][  0]LogConfig: Setting CVar [[r.GPUCrashDebugging:0]]
[2022.04.27-15.53.21:017][  0]LogConfig: Applying CVar settings from Section [/Script/Engine.RendererOverrideSettings] File [C:/Users/smoor/Documents/CS/CS498GD/FinalProject/bit-by-bit/BitTheGame/Saved/Config/Windows/Engine.ini]
[2022.04.27-15.53.21:017][  0]LogConfig: Applying CVar settings from Section [/Script/Engine.StreamingSettings] File [C:/Users/smoor/Documents/CS/CS498GD/FinalProject/bit-by-bit/BitTheGame/Saved/Config/Windows/Engine.ini]
[2022.04.27-15.53.21:017][  0]LogConfig: Setting CVar [[s.MinBulkDataSizeForAsyncLoading:131072]]
[2022.04.27-15.53.21:017][  0]LogConfig: Setting CVar [[s.AsyncLoadingThreadEnabled:0]]
[2022.04.27-15.53.21:017][  0]LogConfig: Setting CVar [[s.EventDrivenLoaderEnabled:1]]
[2022.04.27-15.53.21:017][  0]LogConfig: Setting CVar [[s.WarnIfTimeLimitExceeded:0]]
[2022.04.27-15.53.21:017][  0]LogConfig: Setting CVar [[s.TimeLimitExceededMultiplier:1.5]]
[2022.04.27-15.53.21:017][  0]LogConfig: Setting CVar [[s.TimeLimitExceededMinTime:0.005]]
[2022.04.27-15.53.21:017][  0]LogConfig: Setting CVar [[s.UseBackgroundLevelStreaming:1]]
[2022.04.27-15.53.21:017][  0]LogConfig: Setting CVar [[s.PriorityAsyncLoadingExtraTime:15.0]]
[2022.04.27-15.53.21:017][  0]LogConfig: Setting CVar [[s.LevelStreamingActorsUpdateTimeLimit:5.0]]
[2022.04.27-15.53.21:017][  0]LogConfig: Setting CVar [[s.PriorityLevelStreamingActorsUpdateExtraTime:5.0]]
[2022.04.27-15.53.21:017][  0]LogConfig: Setting CVar [[s.LevelStreamingComponentsRegistrationGranularity:10]]
[2022.04.27-15.53.21:017][  0]LogConfig: Setting CVar [[s.UnregisterComponentsTimeLimit:1.0]]
[2022.04.27-15.53.21:017][  0]LogConfig: Setting CVar [[s.LevelStreamingComponentsUnregistrationGranularity:5]]
[2022.04.27-15.53.21:017][  0]LogConfig: Setting CVar [[s.FlushStreamingOnExit:1]]
[2022.04.27-15.53.21:017][  0]LogConfig: Applying CVar settings from Section [/Script/Engine.GarbageCollectionSettings] File [C:/Users/smoor/Documents/CS/CS498GD/FinalProject/bit-by-bit/BitTheGame/Saved/Config/Windows/Engine.ini]
[2022.04.27-15.53.21:017][  0]LogConfig: Setting CVar [[gc.MaxObjectsNotConsideredByGC:1]]
[2022.04.27-15.53.21:017][  0]LogConfig: Setting CVar [[gc.SizeOfPermanentObjectPool:0]]
[2022.04.27-15.53.21:017][  0]LogConfig: Setting CVar [[gc.FlushStreamingOnGC:0]]
[2022.04.27-15.53.21:017][  0]LogConfig: Setting CVar [[gc.NumRetriesBeforeForcingGC:10]]
[2022.04.27-15.53.21:017][  0]LogConfig: Setting CVar [[gc.AllowParallelGC:1]]
[2022.04.27-15.53.21:017][  0]LogConfig: Setting CVar [[gc.TimeBetweenPurgingPendingKillObjects:61.1]]
[2022.04.27-15.53.21:017][  0]LogConfig: Setting CVar [[gc.MaxObjectsInEditor:25165824]]
[2022.04.27-15.53.21:017][  0]LogConfig: Setting CVar [[gc.IncrementalBeginDestroyEnabled:1]]
[2022.04.27-15.53.21:017][  0]LogConfig: Setting CVar [[gc.CreateGCClusters:1]]
[2022.04.27-15.53.21:017][  0]LogConfig: Setting CVar [[gc.MinGCClusterSize:5]]
[2022.04.27-15.53.21:017][  0]LogConfig: Setting CVar [[gc.ActorClusteringEnabled:0]]
[2022.04.27-15.53.21:017][  0]LogConfig: Setting CVar [[gc.BlueprintClusteringEnabled:0]]
[2022.04.27-15.53.21:017][  0]LogConfig: Setting CVar [[gc.UseDisregardForGCOnDedicatedServers:0]]
[2022.04.27-15.53.21:017][  0]LogConfig: Setting CVar [[gc.MultithreadedDestructionEnabled:1]]
[2022.04.27-15.53.21:017][  0]LogConfig: Applying CVar settings from Section [/Script/Engine.NetworkSettings] File [C:/Users/smoor/Documents/CS/CS498GD/FinalProject/bit-by-bit/BitTheGame/Saved/Config/Windows/Engine.ini]
[2022.04.27-15.53.21:017][  0]LogConfig: Applying CVar settings from Section [/Script/UnrealEd.CookerSettings] File [C:/Users/smoor/Documents/CS/CS498GD/FinalProject/bit-by-bit/BitTheGame/Saved/Config/Windows/Engine.ini]
[2022.04.27-15.53.21:045][  0]LogConfig: Applying CVar settings from Section [ViewDistanceQuality@3] File [C:/Users/smoor/Documents/CS/CS498GD/FinalProject/bit-by-bit/BitTheGame/Saved/Config/Windows/Scalability.ini]
[2022.04.27-15.53.21:045][  0]LogConfig: Setting CVar [[r.SkeletalMeshLODBias:0]]
[2022.04.27-15.53.21:045][  0]LogConfig: Setting CVar [[r.ViewDistanceScale:1.0]]
[2022.04.27-15.53.21:045][  0]LogConfig: Applying CVar settings from Section [AntiAliasingQuality@3] File [C:/Users/smoor/Documents/CS/CS498GD/FinalProject/bit-by-bit/BitTheGame/Saved/Config/Windows/Scalability.ini]
[2022.04.27-15.53.21:045][  0]LogConfig: Setting CVar [[r.PostProcessAAQuality:4]]
[2022.04.27-15.53.21:045][  0]LogConfig: Applying CVar settings from Section [ShadowQuality@3] File [C:/Users/smoor/Documents/CS/CS498GD/FinalProject/bit-by-bit/BitTheGame/Saved/Config/Windows/Scalability.ini]
[2022.04.27-15.53.21:045][  0]LogConfig: Setting CVar [[r.LightFunctionQuality:1]]
[2022.04.27-15.53.21:045][  0]LogConfig: Setting CVar [[r.ShadowQuality:5]]
[2022.04.27-15.53.21:045][  0]LogConfig: Setting CVar [[r.Shadow.CSM.MaxCascades:10]]
[2022.04.27-15.53.21:045][  0]LogConfig: Setting CVar [[r.Shadow.MaxResolution:2048]]
[2022.04.27-15.53.21:045][  0]LogConfig: Setting CVar [[r.Shadow.MaxCSMResolution:2048]]
[2022.04.27-15.53.21:045][  0]LogConfig: Setting CVar [[r.Shadow.RadiusThreshold:0.01]]
[2022.04.27-15.53.21:045][  0]LogConfig: Setting CVar [[r.Shadow.DistanceScale:1.0]]
[2022.04.27-15.53.21:045][  0]LogConfig: Setting CVar [[r.Shadow.CSM.TransitionScale:1.0]]
[2022.04.27-15.53.21:045][  0]LogConfig: Setting CVar [[r.Shadow.PreShadowResolutionFactor:1.0]]
[2022.04.27-15.53.21:045][  0]LogConfig: Setting CVar [[r.DistanceFieldShadowing:1]]
[2022.04.27-15.53.21:045][  0]LogConfig: Setting CVar [[r.DistanceFieldAO:1]]
[2022.04.27-15.53.21:045][  0]LogConfig: Setting CVar [[r.AOQuality:2]]
[2022.04.27-15.53.21:045][  0]LogConfig: Setting CVar [[r.VolumetricFog:1]]
[2022.04.27-15.53.21:045][  0]LogConfig: Setting CVar [[r.VolumetricFog.GridPixelSize:8]]
[2022.04.27-15.53.21:045][  0]LogConfig: Setting CVar [[r.VolumetricFog.GridSizeZ:128]]
[2022.04.27-15.53.21:045][  0]LogConfig: Setting CVar [[r.VolumetricFog.HistoryMissSupersampleCount:4]]
[2022.04.27-15.53.21:045][  0]LogConfig: Setting CVar [[r.LightMaxDrawDistanceScale:1]]
[2022.04.27-15.53.21:045][  0]LogConfig: Setting CVar [[r.CapsuleShadows:1]]
[2022.04.27-15.53.21:045][  0]LogConfig: Applying CVar settings from Section [PostProcessQuality@3] File [C:/Users/smoor/Documents/CS/CS498GD/FinalProject/bit-by-bit/BitTheGame/Saved/Config/Windows/Scalability.ini]
[2022.04.27-15.53.21:045][  0]LogConfig: Setting CVar [[r.MotionBlurQuality:4]]
[2022.04.27-15.53.21:045][  0]LogConfig: Setting CVar [[r.AmbientOcclusionMipLevelFactor:0.4]]
[2022.04.27-15.53.21:045][  0]LogConfig: Setting CVar [[r.AmbientOcclusionMaxQuality:100]]
[2022.04.27-15.53.21:045][  0]LogConfig: Setting CVar [[r.AmbientOcclusionLevels:-1]]
[2022.04.27-15.53.21:045][  0]LogConfig: Setting CVar [[r.AmbientOcclusionRadiusScale:1.0]]
[2022.04.27-15.53.21:045][  0]LogConfig: Setting CVar [[r.DepthOfFieldQuality:2]]
[2022.04.27-15.53.21:045][  0]LogConfig: Setting CVar [[r.RenderTargetPoolMin:400]]
[2022.04.27-15.53.21:045][  0]LogConfig: Setting CVar [[r.LensFlareQuality:2]]
[2022.04.27-15.53.21:045][  0]LogConfig: Setting CVar [[r.SceneColorFringeQuality:1]]
[2022.04.27-15.53.21:045][  0]LogConfig: Setting CVar [[r.EyeAdaptationQuality:2]]
[2022.04.27-15.53.21:045][  0]LogConfig: Setting CVar [[r.BloomQuality:5]]
[2022.04.27-15.53.21:045][  0]LogConfig: Setting CVar [[r.FastBlurThreshold:100]]
[2022.04.27-15.53.21:045][  0]LogConfig: Setting CVar [[r.Upscale.Quality:3]]
[2022.04.27-15.53.21:045][  0]LogConfig: Setting CVar [[r.Tonemapper.GrainQuantization:1]]
[2022.04.27-15.53.21:045][  0]LogConfig: Setting CVar [[r.LightShaftQuality:1]]
[2022.04.27-15.53.21:045][  0]LogConfig: Setting CVar [[r.Filter.SizeScale:1]]
[2022.04.27-15.53.21:045][  0]LogConfig: Setting CVar [[r.Tonemapper.Quality:5]]
[2022.04.27-15.53.21:045][  0]LogConfig: Setting CVar [[r.DOF.Gather.AccumulatorQuality:1        ; higher gathering accumulator quality]]
[2022.04.27-15.53.21:045][  0]LogConfig: Setting CVar [[r.DOF.Gather.PostfilterMethod:1          ; Median3x3 postfilering method]]
[2022.04.27-15.53.21:045][  0]LogConfig: Setting CVar [[r.DOF.Gather.EnableBokehSettings:0       ; no bokeh simulation when gathering]]
[2022.04.27-15.53.21:045][  0]LogConfig: Setting CVar [[r.DOF.Gather.RingCount:4                 ; medium number of samples when gathering]]
[2022.04.27-15.53.21:045][  0]LogConfig: Setting CVar [[r.DOF.Scatter.ForegroundCompositing:1    ; additive foreground scattering]]
[2022.04.27-15.53.21:046][  0]LogConfig: Setting CVar [[r.DOF.Scatter.BackgroundCompositing:2    ; additive background scattering]]
[2022.04.27-15.53.21:046][  0]LogConfig: Setting CVar [[r.DOF.Scatter.EnableBokehSettings:1      ; bokeh simulation when scattering]]
[2022.04.27-15.53.21:046][  0]LogConfig: Setting CVar [[r.DOF.Scatter.MaxSpriteRatio:0.1         ; only a maximum of 10% of scattered bokeh]]
[2022.04.27-15.53.21:046][  0]LogConfig: Setting CVar [[r.DOF.Recombine.Quality:1                ; cheap slight out of focus]]
[2022.04.27-15.53.21:046][  0]LogConfig: Setting CVar [[r.DOF.Recombine.EnableBokehSettings:0    ; no bokeh simulation on slight out of focus]]
[2022.04.27-15.53.21:046][  0]LogConfig: Setting CVar [[r.DOF.TemporalAAQuality:1                ; more stable temporal accumulation]]
[2022.04.27-15.53.21:046][  0]LogConfig: Setting CVar [[r.DOF.Kernel.MaxForegroundRadius:0.025]]
[2022.04.27-15.53.21:046][  0]LogConfig: Setting CVar [[r.DOF.Kernel.MaxBackgroundRadius:0.025]]
[2022.04.27-15.53.21:046][  0]LogConfig: Applying CVar settings from Section [TextureQuality@3] File [C:/Users/smoor/Documents/CS/CS498GD/FinalProject/bit-by-bit/BitTheGame/Saved/Config/Windows/Scalability.ini]
[2022.04.27-15.53.21:046][  0]LogConfig: Setting CVar [[r.Streaming.MipBias:0]]
[2022.04.27-15.53.21:046][  0]LogConfig: Setting CVar [[r.Streaming.AmortizeCPUToGPUCopy:0]]
[2022.04.27-15.53.21:046][  0]LogConfig: Setting CVar [[r.Streaming.MaxNumTexturesToStreamPerFrame:0]]
[2022.04.27-15.53.21:046][  0]LogConfig: Setting CVar [[r.Streaming.Boost:1]]
[2022.04.27-15.53.21:046][  0]LogConfig: Setting CVar [[r.MaxAnisotropy:8]]
[2022.04.27-15.53.21:046][  0]LogConfig: Setting CVar [[r.VT.MaxAnisotropy:8]]
[2022.04.27-15.53.21:046][  0]LogConfig: Setting CVar [[r.Streaming.LimitPoolSizeToVRAM:0]]
[2022.04.27-15.53.21:046][  0]LogConfig: Setting CVar [[r.Streaming.PoolSize:1000]]
[2022.04.27-15.53.21:046][  0]LogConfig: Setting CVar [[r.Streaming.MaxEffectiveScreenSize:0]]
[2022.04.27-15.53.21:046][  0]LogConfig: Applying CVar settings from Section [EffectsQuality@3] File [C:/Users/smoor/Documents/CS/CS498GD/FinalProject/bit-by-bit/BitTheGame/Saved/Config/Windows/Scalability.ini]
[2022.04.27-15.53.21:046][  0]LogConfig: Setting CVar [[r.TranslucencyLightingVolumeDim:64]]
[2022.04.27-15.53.21:046][  0]LogConfig: Setting CVar [[r.RefractionQuality:2]]
[2022.04.27-15.53.21:046][  0]LogConfig: Setting CVar [[r.SSR.Quality:3]]
[2022.04.27-15.53.21:046][  0]LogConfig: Setting CVar [[r.SSR.HalfResSceneColor:0]]
[2022.04.27-15.53.21:046][  0]LogConfig: Setting CVar [[r.SceneColorFormat:4]]
[2022.04.27-15.53.21:046][  0]LogConfig: Setting CVar [[r.DetailMode:2]]
[2022.04.27-15.53.21:046][  0]LogConfig: Setting CVar [[r.TranslucencyVolumeBlur:1]]
[2022.04.27-15.53.21:046][  0]LogConfig: Setting CVar [[r.MaterialQualityLevel:1 ; High quality]]
[2022.04.27-15.53.21:046][  0]LogConfig: Setting CVar [[r.AnisotropicMaterials:1]]
[2022.04.27-15.53.21:046][  0]LogConfig: Setting CVar [[r.SSS.Scale:1]]
[2022.04.27-15.53.21:046][  0]LogConfig: Setting CVar [[r.SSS.SampleSet:2]]
[2022.04.27-15.53.21:046][  0]LogConfig: Setting CVar [[r.SSS.Quality:1]]
[2022.04.27-15.53.21:046][  0]LogConfig: Setting CVar [[r.SSS.HalfRes:0]]
[2022.04.27-15.53.21:046][  0]LogConfig: Setting CVar [[r.SSGI.Quality:3]]
[2022.04.27-15.53.21:046][  0]LogConfig: Setting CVar [[r.EmitterSpawnRateScale:1.0]]
[2022.04.27-15.53.21:046][  0]LogConfig: Setting CVar [[r.ParticleLightQuality:2]]
[2022.04.27-15.53.21:046][  0]LogConfig: Setting CVar [[r.SkyAtmosphere.AerialPerspectiveLUT.FastApplyOnOpaque:1 ; Always have FastSkyLUT 1 in this case to avoid wrong sky]]
[2022.04.27-15.53.21:046][  0]LogConfig: Setting CVar [[r.SkyAtmosphere.AerialPerspectiveLUT.SampleCountMaxPerSlice:4]]
[2022.04.27-15.53.21:046][  0]LogConfig: Setting CVar [[r.SkyAtmosphere.AerialPerspectiveLUT.DepthResolution:16.0]]
[2022.04.27-15.53.21:046][  0]LogConfig: Setting CVar [[r.SkyAtmosphere.FastSkyLUT:1]]
[2022.04.27-15.53.21:046][  0]LogConfig: Setting CVar [[r.SkyAtmosphere.FastSkyLUT.SampleCountMin:4.0]]
[2022.04.27-15.53.21:046][  0]LogConfig: Setting CVar [[r.SkyAtmosphere.FastSkyLUT.SampleCountMax:128.0]]
[2022.04.27-15.53.21:046][  0]LogConfig: Setting CVar [[r.SkyAtmosphere.SampleCountMin:4.0]]
[2022.04.27-15.53.21:046][  0]LogConfig: Setting CVar [[r.SkyAtmosphere.SampleCountMax:128.0]]
[2022.04.27-15.53.21:046][  0]LogConfig: Setting CVar [[r.SkyAtmosphere.TransmittanceLUT.UseSmallFormat:0]]
[2022.04.27-15.53.21:046][  0]LogConfig: Setting CVar [[r.SkyAtmosphere.TransmittanceLUT.SampleCount:10.0]]
[2022.04.27-15.53.21:046][  0]LogConfig: Setting CVar [[r.SkyAtmosphere.MultiScatteringLUT.SampleCount:15.0]]
[2022.04.27-15.53.21:046][  0]LogConfig: Setting CVar [[r.SkyLight.RealTimeReflectionCapture:1]]
[2022.04.27-15.53.21:046][  0]LogConfig: Applying CVar settings from Section [FoliageQuality@3] File [C:/Users/smoor/Documents/CS/CS498GD/FinalProject/bit-by-bit/BitTheGame/Saved/Config/Windows/Scalability.ini]
[2022.04.27-15.53.21:046][  0]LogConfig: Setting CVar [[foliage.DensityScale:1.0]]
[2022.04.27-15.53.21:046][  0]LogConfig: Setting CVar [[grass.DensityScale:1.0]]
[2022.04.27-15.53.21:046][  0]LogConfig: Applying CVar settings from Section [ShadingQuality@3] File [C:/Users/smoor/Documents/CS/CS498GD/FinalProject/bit-by-bit/BitTheGame/Saved/Config/Windows/Scalability.ini]
[2022.04.27-15.53.21:046][  0]LogConfig: Setting CVar [[r.HairStrands.SkyLighting.IntegrationType:2]]
[2022.04.27-15.53.21:046][  0]LogConfig: Setting CVar [[r.HairStrands.SkyAO.SampleCount:4]]
[2022.04.27-15.53.21:046][  0]LogConfig: Setting CVar [[r.HairStrands.Visibility.MSAA.SamplePerPixel:4]]
[2022.04.27-15.53.21:046][  0]LogInit: Selected Device Profile: [Windows]
[2022.04.27-15.53.21:046][  0]LogInit: Applying CVar settings loaded from the selected device profile: [Windows]
[2022.04.27-15.53.21:046][  0]LogHAL: Display: Platform has ~ 16 GB [16872415232 / 17179869184 / 16], which maps to Larger [LargestMinGB=32, LargerMinGB=12, DefaultMinGB=8, SmallerMinGB=6, SmallestMinGB=0)
[2022.04.27-15.53.21:046][  0]LogInit: Going up to parent DeviceProfile []
[2022.04.27-15.53.21:047][  0]LogConfig: Applying CVar settings from Section [ViewDistanceQuality@3] File [C:/Users/smoor/Documents/CS/CS498GD/FinalProject/bit-by-bit/BitTheGame/Saved/Config/Windows/Scalability.ini]
[2022.04.27-15.53.21:047][  0]LogConfig: Setting CVar [[r.SkeletalMeshLODBias:0]]
[2022.04.27-15.53.21:047][  0]LogConfig: Setting CVar [[r.ViewDistanceScale:1.0]]
[2022.04.27-15.53.21:047][  0]LogConfig: Applying CVar settings from Section [AntiAliasingQuality@3] File [C:/Users/smoor/Documents/CS/CS498GD/FinalProject/bit-by-bit/BitTheGame/Saved/Config/Windows/Scalability.ini]
[2022.04.27-15.53.21:047][  0]LogConfig: Setting CVar [[r.PostProcessAAQuality:4]]
[2022.04.27-15.53.21:047][  0]LogConfig: Applying CVar settings from Section [ShadowQuality@3] File [C:/Users/smoor/Documents/CS/CS498GD/FinalProject/bit-by-bit/BitTheGame/Saved/Config/Windows/Scalability.ini]
[2022.04.27-15.53.21:047][  0]LogConfig: Setting CVar [[r.LightFunctionQuality:1]]
[2022.04.27-15.53.21:047][  0]LogConfig: Setting CVar [[r.ShadowQuality:5]]
[2022.04.27-15.53.21:047][  0]LogConfig: Setting CVar [[r.Shadow.CSM.MaxCascades:10]]
[2022.04.27-15.53.21:047][  0]LogConfig: Setting CVar [[r.Shadow.MaxResolution:2048]]
[2022.04.27-15.53.21:047][  0]LogConfig: Setting CVar [[r.Shadow.MaxCSMResolution:2048]]
[2022.04.27-15.53.21:047][  0]LogConfig: Setting CVar [[r.Shadow.RadiusThreshold:0.01]]
[2022.04.27-15.53.21:047][  0]LogConfig: Setting CVar [[r.Shadow.DistanceScale:1.0]]
[2022.04.27-15.53.21:047][  0]LogConfig: Setting CVar [[r.Shadow.CSM.TransitionScale:1.0]]
[2022.04.27-15.53.21:047][  0]LogConfig: Setting CVar [[r.Shadow.PreShadowResolutionFactor:1.0]]
[2022.04.27-15.53.21:047][  0]LogConfig: Setting CVar [[r.DistanceFieldShadowing:1]]
[2022.04.27-15.53.21:047][  0]LogConfig: Setting CVar [[r.DistanceFieldAO:1]]
[2022.04.27-15.53.21:047][  0]LogConfig: Setting CVar [[r.AOQuality:2]]
[2022.04.27-15.53.21:047][  0]LogConfig: Setting CVar [[r.VolumetricFog:1]]
[2022.04.27-15.53.21:047][  0]LogConfig: Setting CVar [[r.VolumetricFog.GridPixelSize:8]]
[2022.04.27-15.53.21:047][  0]LogConfig: Setting CVar [[r.VolumetricFog.GridSizeZ:128]]
[2022.04.27-15.53.21:047][  0]LogConfig: Setting CVar [[r.VolumetricFog.HistoryMissSupersampleCount:4]]
[2022.04.27-15.53.21:047][  0]LogConfig: Setting CVar [[r.LightMaxDrawDistanceScale:1]]
[2022.04.27-15.53.21:047][  0]LogConfig: Setting CVar [[r.CapsuleShadows:1]]
[2022.04.27-15.53.21:047][  0]LogConfig: Applying CVar settings from Section [PostProcessQuality@3] File [C:/Users/smoor/Documents/CS/CS498GD/FinalProject/bit-by-bit/BitTheGame/Saved/Config/Windows/Scalability.ini]
[2022.04.27-15.53.21:047][  0]LogConfig: Setting CVar [[r.MotionBlurQuality:4]]
[2022.04.27-15.53.21:047][  0]LogConfig: Setting CVar [[r.AmbientOcclusionMipLevelFactor:0.4]]
[2022.04.27-15.53.21:047][  0]LogConfig: Setting CVar [[r.AmbientOcclusionMaxQuality:100]]
[2022.04.27-15.53.21:047][  0]LogConfig: Setting CVar [[r.AmbientOcclusionLevels:-1]]
[2022.04.27-15.53.21:047][  0]LogConfig: Setting CVar [[r.AmbientOcclusionRadiusScale:1.0]]
[2022.04.27-15.53.21:047][  0]LogConfig: Setting CVar [[r.DepthOfFieldQuality:2]]
[2022.04.27-15.53.21:047][  0]LogConfig: Setting CVar [[r.RenderTargetPoolMin:400]]
[2022.04.27-15.53.21:047][  0]LogConfig: Setting CVar [[r.LensFlareQuality:2]]
[2022.04.27-15.53.21:047][  0]LogConfig: Setting CVar [[r.SceneColorFringeQuality:1]]
[2022.04.27-15.53.21:047][  0]LogConfig: Setting CVar [[r.EyeAdaptationQuality:2]]
[2022.04.27-15.53.21:047][  0]LogConfig: Setting CVar [[r.BloomQuality:5]]
[2022.04.27-15.53.21:047][  0]LogConfig: Setting CVar [[r.FastBlurThreshold:100]]
[2022.04.27-15.53.21:047][  0]LogConfig: Setting CVar [[r.Upscale.Quality:3]]
[2022.04.27-15.53.21:047][  0]LogConfig: Setting CVar [[r.Tonemapper.GrainQuantization:1]]
[2022.04.27-15.53.21:047][  0]LogConfig: Setting CVar [[r.LightShaftQuality:1]]
[2022.04.27-15.53.21:047][  0]LogConfig: Setting CVar [[r.Filter.SizeScale:1]]
[2022.04.27-15.53.21:047][  0]LogConfig: Setting CVar [[r.Tonemapper.Quality:5]]
[2022.04.27-15.53.21:047][  0]LogConfig: Setting CVar [[r.DOF.Gather.AccumulatorQuality:1        ; higher gathering accumulator quality]]
[2022.04.27-15.53.21:047][  0]LogConfig: Setting CVar [[r.DOF.Gather.PostfilterMethod:1          ; Median3x3 postfilering method]]
[2022.04.27-15.53.21:047][  0]LogConfig: Setting CVar [[r.DOF.Gather.EnableBokehSettings:0       ; no bokeh simulation when gathering]]
[2022.04.27-15.53.21:047][  0]LogConfig: Setting CVar [[r.DOF.Gather.RingCount:4                 ; medium number of samples when gathering]]
[2022.04.27-15.53.21:047][  0]LogConfig: Setting CVar [[r.DOF.Scatter.ForegroundCompositing:1    ; additive foreground scattering]]
[2022.04.27-15.53.21:047][  0]LogConfig: Setting CVar [[r.DOF.Scatter.BackgroundCompositing:2    ; additive background scattering]]
[2022.04.27-15.53.21:047][  0]LogConfig: Setting CVar [[r.DOF.Scatter.EnableBokehSettings:1      ; bokeh simulation when scattering]]
[2022.04.27-15.53.21:047][  0]LogConfig: Setting CVar [[r.DOF.Scatter.MaxSpriteRatio:0.1         ; only a maximum of 10% of scattered bokeh]]
[2022.04.27-15.53.21:047][  0]LogConfig: Setting CVar [[r.DOF.Recombine.Quality:1                ; cheap slight out of focus]]
[2022.04.27-15.53.21:047][  0]LogConfig: Setting CVar [[r.DOF.Recombine.EnableBokehSettings:0    ; no bokeh simulation on slight out of focus]]
[2022.04.27-15.53.21:047][  0]LogConfig: Setting CVar [[r.DOF.TemporalAAQuality:1                ; more stable temporal accumulation]]
[2022.04.27-15.53.21:047][  0]LogConfig: Setting CVar [[r.DOF.Kernel.MaxForegroundRadius:0.025]]
[2022.04.27-15.53.21:047][  0]LogConfig: Setting CVar [[r.DOF.Kernel.MaxBackgroundRadius:0.025]]
[2022.04.27-15.53.21:047][  0]LogConfig: Applying CVar settings from Section [TextureQuality@3] File [C:/Users/smoor/Documents/CS/CS498GD/FinalProject/bit-by-bit/BitTheGame/Saved/Config/Windows/Scalability.ini]
[2022.04.27-15.53.21:047][  0]LogConfig: Setting CVar [[r.Streaming.MipBias:0]]
[2022.04.27-15.53.21:047][  0]LogConfig: Setting CVar [[r.Streaming.AmortizeCPUToGPUCopy:0]]
[2022.04.27-15.53.21:047][  0]LogConfig: Setting CVar [[r.Streaming.MaxNumTexturesToStreamPerFrame:0]]
[2022.04.27-15.53.21:047][  0]LogConfig: Setting CVar [[r.Streaming.Boost:1]]
[2022.04.27-15.53.21:047][  0]LogConfig: Setting CVar [[r.MaxAnisotropy:8]]
[2022.04.27-15.53.21:047][  0]LogConfig: Setting CVar [[r.VT.MaxAnisotropy:8]]
[2022.04.27-15.53.21:047][  0]LogConfig: Setting CVar [[r.Streaming.LimitPoolSizeToVRAM:0]]
[2022.04.27-15.53.21:047][  0]LogConfig: Setting CVar [[r.Streaming.PoolSize:1000]]
[2022.04.27-15.53.21:047][  0]LogConfig: Setting CVar [[r.Streaming.MaxEffectiveScreenSize:0]]
[2022.04.27-15.53.21:047][  0]LogConfig: Applying CVar settings from Section [EffectsQuality@3] File [C:/Users/smoor/Documents/CS/CS498GD/FinalProject/bit-by-bit/BitTheGame/Saved/Config/Windows/Scalability.ini]
[2022.04.27-15.53.21:047][  0]LogConfig: Setting CVar [[r.TranslucencyLightingVolumeDim:64]]
[2022.04.27-15.53.21:047][  0]LogConfig: Setting CVar [[r.RefractionQuality:2]]
[2022.04.27-15.53.21:047][  0]LogConfig: Setting CVar [[r.SSR.Quality:3]]
[2022.04.27-15.53.21:047][  0]LogConfig: Setting CVar [[r.SSR.HalfResSceneColor:0]]
[2022.04.27-15.53.21:047][  0]LogConfig: Setting CVar [[r.SceneColorFormat:4]]
[2022.04.27-15.53.21:047][  0]LogConfig: Setting CVar [[r.DetailMode:2]]
[2022.04.27-15.53.21:047][  0]LogConfig: Setting CVar [[r.TranslucencyVolumeBlur:1]]
[2022.04.27-15.53.21:047][  0]LogConfig: Setting CVar [[r.MaterialQualityLevel:1 ; High quality]]
[2022.04.27-15.53.21:047][  0]LogConfig: Setting CVar [[r.AnisotropicMaterials:1]]
[2022.04.27-15.53.21:047][  0]LogConfig: Setting CVar [[r.SSS.Scale:1]]
[2022.04.27-15.53.21:047][  0]LogConfig: Setting CVar [[r.SSS.SampleSet:2]]
[2022.04.27-15.53.21:047][  0]LogConfig: Setting CVar [[r.SSS.Quality:1]]
[2022.04.27-15.53.21:047][  0]LogConfig: Setting CVar [[r.SSS.HalfRes:0]]
[2022.04.27-15.53.21:047][  0]LogConfig: Setting CVar [[r.SSGI.Quality:3]]
[2022.04.27-15.53.21:047][  0]LogConfig: Setting CVar [[r.EmitterSpawnRateScale:1.0]]
[2022.04.27-15.53.21:047][  0]LogConfig: Setting CVar [[r.ParticleLightQuality:2]]
[2022.04.27-15.53.21:047][  0]LogConfig: Setting CVar [[r.SkyAtmosphere.AerialPerspectiveLUT.FastApplyOnOpaque:1 ; Always have FastSkyLUT 1 in this case to avoid wrong sky]]
[2022.04.27-15.53.21:047][  0]LogConfig: Setting CVar [[r.SkyAtmosphere.AerialPerspectiveLUT.SampleCountMaxPerSlice:4]]
[2022.04.27-15.53.21:047][  0]LogConfig: Setting CVar [[r.SkyAtmosphere.AerialPerspectiveLUT.DepthResolution:16.0]]
[2022.04.27-15.53.21:047][  0]LogConfig: Setting CVar [[r.SkyAtmosphere.FastSkyLUT:1]]
[2022.04.27-15.53.21:047][  0]LogConfig: Setting CVar [[r.SkyAtmosphere.FastSkyLUT.SampleCountMin:4.0]]
[2022.04.27-15.53.21:047][  0]LogConfig: Setting CVar [[r.SkyAtmosphere.FastSkyLUT.SampleCountMax:128.0]]
[2022.04.27-15.53.21:047][  0]LogConfig: Setting CVar [[r.SkyAtmosphere.SampleCountMin:4.0]]
[2022.04.27-15.53.21:047][  0]LogConfig: Setting CVar [[r.SkyAtmosphere.SampleCountMax:128.0]]
[2022.04.27-15.53.21:047][  0]LogConfig: Setting CVar [[r.SkyAtmosphere.TransmittanceLUT.UseSmallFormat:0]]
[2022.04.27-15.53.21:047][  0]LogConfig: Setting CVar [[r.SkyAtmosphere.TransmittanceLUT.SampleCount:10.0]]
[2022.04.27-15.53.21:047][  0]LogConfig: Setting CVar [[r.SkyAtmosphere.MultiScatteringLUT.SampleCount:15.0]]
[2022.04.27-15.53.21:047][  0]LogConfig: Setting CVar [[r.SkyLight.RealTimeReflectionCapture:1]]
[2022.04.27-15.53.21:047][  0]LogConfig: Applying CVar settings from Section [FoliageQuality@3] File [C:/Users/smoor/Documents/CS/CS498GD/FinalProject/bit-by-bit/BitTheGame/Saved/Config/Windows/Scalability.ini]
[2022.04.27-15.53.21:047][  0]LogConfig: Setting CVar [[foliage.DensityScale:1.0]]
[2022.04.27-15.53.21:047][  0]LogConfig: Setting CVar [[grass.DensityScale:1.0]]
[2022.04.27-15.53.21:047][  0]LogConfig: Applying CVar settings from Section [ShadingQuality@3] File [C:/Users/smoor/Documents/CS/CS498GD/FinalProject/bit-by-bit/BitTheGame/Saved/Config/Windows/Scalability.ini]
[2022.04.27-15.53.21:047][  0]LogConfig: Setting CVar [[r.HairStrands.SkyLighting.IntegrationType:2]]
[2022.04.27-15.53.21:047][  0]LogConfig: Setting CVar [[r.HairStrands.SkyAO.SampleCount:4]]
[2022.04.27-15.53.21:047][  0]LogConfig: Setting CVar [[r.HairStrands.Visibility.MSAA.SamplePerPixel:4]]
[2022.04.27-15.53.21:047][  0]LogConfig: Applying CVar settings from Section [Startup] File [../../../Engine/Config/ConsoleVariables.ini]
[2022.04.27-15.53.21:048][  0]LogConfig: Setting CVar [[net.UseAdaptiveNetUpdateFrequency:0]]
[2022.04.27-15.53.21:048][  0]LogConfig: Setting CVar [[p.chaos.AllowCreatePhysxBodies:1]]
[2022.04.27-15.53.21:048][  0]LogConfig: Setting CVar [[fx.SkipVectorVMBackendOptimizations:1]]
[2022.04.27-15.53.21:048][  0]LogConfig: Applying CVar settings from Section [ConsoleVariables] File [C:/Users/smoor/Documents/CS/CS498GD/FinalProject/bit-by-bit/BitTheGame/Saved/Config/Windows/Engine.ini]
[2022.04.27-15.53.21:048][  0]LogConfig: Applying CVar settings from Section [ConsoleVariables] File [C:/Users/smoor/Documents/CS/CS498GD/FinalProject/bit-by-bit/BitTheGame/Saved/Config/Windows/Editor.ini]
[2022.04.27-15.53.21:049][  0]LogInit: Computer: DESKTOP-9OL07U8
[2022.04.27-15.53.21:049][  0]LogInit: User: smoor
[2022.04.27-15.53.21:049][  0]LogInit: CPU Page size=4096, Cores=4
[2022.04.27-15.53.21:049][  0]LogInit: High frequency timer resolution =10.000000 MHz
[2022.04.27-15.53.21:049][  0]LogMemory: Memory total: Physical=15.7GB (16GB approx)
[2022.04.27-15.53.21:050][  0]LogMemory: Platform Memory Stats for Windows
[2022.04.27-15.53.21:050][  0]LogMemory: Process Physical Memory: 141.47 MB used, 141.47 MB peak
[2022.04.27-15.53.21:050][  0]LogMemory: Process Virtual Memory: 124.83 MB used, 124.83 MB peak
[2022.04.27-15.53.21:050][  0]LogMemory: Physical Memory: 10421.88 MB used,  5668.91 MB free, 16090.79 MB total
[2022.04.27-15.53.21:050][  0]LogMemory: Virtual Memory: 134210080.00 MB used,  7650.73 MB free, 134217728.00 MB total
[2022.04.27-15.53.21:056][  0]LogWindows: WindowsPlatformFeatures enabled
[2022.04.27-15.53.21:147][  0]LogInit: Physics initialised using underlying interface: PhysX
[2022.04.27-15.53.21:150][  0]LogInit: Using OS detected language (en-US).
[2022.04.27-15.53.21:150][  0]LogInit: Using OS detected locale (en-US).
[2022.04.27-15.53.21:163][  0]LogTextLocalizationManager: No specific localization for 'en-US' exists, so the 'en' localization will be used.
[2022.04.27-15.53.21:583][  0]LogInit: Setting process to per monitor DPI aware
[2022.04.27-15.53.21:606][  0]LogWindowsTextInputMethodSystem: Display: IME system deactivated.
[2022.04.27-15.53.21:632][  0]LogSlate: New Slate User Created.  User Index 0, Is Virtual User: 0
[2022.04.27-15.53.21:632][  0]LogSlate: Slate User Registered.  User Index 0, Is Virtual User: 0
[2022.04.27-15.53.21:925][  0]LogD3D11RHI: Loaded GFSDK_Aftermath_Lib.x64.dll
[2022.04.27-15.53.21:933][  0]LogHMD: Failed to initialize OpenVR with code 110
[2022.04.27-15.53.21:933][  0]LogD3D11RHI: D3D11 min allowed feature level: 11_0
[2022.04.27-15.53.21:933][  0]LogD3D11RHI: D3D11 max allowed feature level: 11_0
[2022.04.27-15.53.21:933][  0]LogD3D11RHI: D3D11 adapters:
[2022.04.27-15.53.22:073][  0]LogD3D11RHI:    0. 'Intel(R) Iris(R) Xe Graphics' (Feature Level 11_0)
[2022.04.27-15.53.22:073][  0]LogD3D11RHI:       128/0/8045 MB DedicatedVideo/DedicatedSystem/SharedSystem, Outputs:2, VendorId:0x8086
[2022.04.27-15.53.22:077][  0]LogD3D11RHI:    1. 'Microsoft Basic Render Driver' (Feature Level 11_0)
[2022.04.27-15.53.22:077][  0]LogD3D11RHI:       0/0/8045 MB DedicatedVideo/DedicatedSystem/SharedSystem, Outputs:0, VendorId:0x1414
[2022.04.27-15.53.22:208][  0]LogD3D11RHI:    2. 'Intel(R) Iris(R) Xe Graphics' (Feature Level 11_0)
[2022.04.27-15.53.22:208][  0]LogD3D11RHI:       128/0/8045 MB DedicatedVideo/DedicatedSystem/SharedSystem, Outputs:0, VendorId:0x8086
[2022.04.27-15.53.22:208][  0]LogD3D11RHI: Chosen D3D11 Adapter:
[2022.04.27-15.53.22:208][  0]LogD3D11RHI:     Description : Intel(R) Iris(R) Xe Graphics
[2022.04.27-15.53.22:208][  0]LogD3D11RHI:     VendorId    : 8086
[2022.04.27-15.53.22:208][  0]LogD3D11RHI:     DeviceId    : 9a49
[2022.04.27-15.53.22:208][  0]LogD3D11RHI:     SubSysId    : 9911028
[2022.04.27-15.53.22:208][  0]LogD3D11RHI:     Revision    : 0001
[2022.04.27-15.53.22:208][  0]LogD3D11RHI:     DedicatedVideoMemory : 134217728 bytes
[2022.04.27-15.53.22:208][  0]LogD3D11RHI:     DedicatedSystemMemory : 0 bytes
[2022.04.27-15.53.22:208][  0]LogD3D11RHI:     SharedSystemMemory : 8436207616 bytes
[2022.04.27-15.53.22:208][  0]LogD3D11RHI:     AdapterLuid : 0 102801
[2022.04.27-15.53.22:216][  0]LogD3D11RHI: Creating new Direct3DDevice
[2022.04.27-15.53.22:216][  0]LogD3D11RHI:     GPU DeviceId: 0x9a49 (for the marketing name, search the web for "GPU Device Id")
[2022.04.27-15.53.22:216][  0]LogWindows: EnumDisplayDevices:
[2022.04.27-15.53.22:217][  0]LogWindows:    0. 'Intel(R) Iris(R) Xe Graphics' (P:0 D:1)
[2022.04.27-15.53.22:217][  0]LogWindows:    1. 'Intel(R) Iris(R) Xe Graphics' (P:1 D:1)
[2022.04.27-15.53.22:217][  0]LogWindows:    2. 'Intel(R) Iris(R) Xe Graphics' (P:0 D:0)
[2022.04.27-15.53.22:217][  0]LogWindows:    3. 'Intel(R) Iris(R) Xe Graphics' (P:0 D:0)
[2022.04.27-15.53.22:218][  0]LogWindows:    4. 'Citrix Indirect Display Adapter' (P:0 D:0)
[2022.04.27-15.53.22:218][  0]LogWindows:    5. 'Citrix Indirect Display Adapter' (P:0 D:0)
[2022.04.27-15.53.22:218][  0]LogWindows:    6. 'Citrix Indirect Display Adapter' (P:0 D:0)
[2022.04.27-15.53.22:218][  0]LogWindows:    7. 'Citrix Indirect Display Adapter' (P:0 D:0)
[2022.04.27-15.53.22:218][  0]LogWindows:    8. 'Citrix Indirect Display Adapter' (P:0 D:0)
[2022.04.27-15.53.22:218][  0]LogWindows:    9. 'Citrix Indirect Display Adapter' (P:0 D:0)
[2022.04.27-15.53.22:218][  0]LogWindows:    10. 'Citrix Indirect Display Adapter' (P:0 D:0)
[2022.04.27-15.53.22:218][  0]LogWindows:    11. 'Citrix Indirect Display Adapter' (P:0 D:0)
[2022.04.27-15.53.22:218][  0]LogWindows: DebugString: GetVideoDriverDetailsInvalid PrimaryIsNotTheChoosenAdapter GetVideoDriverDetailsInvalid PrimaryIsNotTheChoosenAdapter GetVideoDriverDetailsInvalid PrimaryIsNotTheChoosenAdapter GetVideoDriverDetailsInvalid PrimaryIsNotTheChoosenAdapter GetVideoDriverDetailsInvalid PrimaryIsNotTheChoosenAdapter GetVideoDriverDetailsInvalid PrimaryIsNotTheChoosenAdapter GetVideoDriverDetailsInvalid PrimaryIsNotTheChoosenAdapter GetVideoDriverDetailsInvalid PrimaryIsNotTheChoosenAdapter FoundDriverCount:4 
[2022.04.27-15.53.22:219][  0]LogD3D11RHI:     Adapter Name: Intel(R) Iris(R) Xe Graphics
[2022.04.27-15.53.22:219][  0]LogD3D11RHI:   Driver Version: 30.0.101.1273 (internal:30.0.101.1273, unified:30.0.101.1273)
[2022.04.27-15.53.22:219][  0]LogD3D11RHI:      Driver Date: 1-14-2022
[2022.04.27-15.53.22:219][  0]LogRHI: Texture pool is 1523 MB (70% of 2176 MB)
[2022.04.27-15.53.22:240][  0]LogD3D11RHI: Creating D3DDevice using adapter:
[2022.04.27-15.53.22:240][  0]LogD3D11RHI:     Description : Intel(R) Iris(R) Xe Graphics
[2022.04.27-15.53.22:240][  0]LogD3D11RHI:     VendorId    : 8086
[2022.04.27-15.53.22:240][  0]LogD3D11RHI:     DeviceId    : 9a49
[2022.04.27-15.53.22:240][  0]LogD3D11RHI:     SubSysId    : 9911028
[2022.04.27-15.53.22:240][  0]LogD3D11RHI:     Revision    : 0001
[2022.04.27-15.53.22:240][  0]LogD3D11RHI:     DedicatedVideoMemory : 134217728 bytes
[2022.04.27-15.53.22:240][  0]LogD3D11RHI:     DedicatedSystemMemory : 0 bytes
[2022.04.27-15.53.22:240][  0]LogD3D11RHI:     SharedSystemMemory : 8436207616 bytes
[2022.04.27-15.53.22:240][  0]LogD3D11RHI:     AdapterLuid : 0 102801
[2022.04.27-15.53.22:354][  0]LogD3D11RHI: RHI does not have support for 64 bit atomics
[2022.04.27-15.53.22:372][  0]LogD3D11RHI: Intel Extensions support version Full=16777216, Major=1, Minor=0, Revision=0
[2022.04.27-15.53.22:372][  0]LogD3D11RHI: Intel Extensions support version Full=16777217, Major=1, Minor=0, Revision=1
[2022.04.27-15.53.22:373][  0]LogD3D11RHI: Intel Extensions Framework enabled
[2022.04.27-15.53.22:381][  0]LogD3D11RHI: [IntelMetricsDiscovery] Started
[2022.04.27-15.53.22:381][  0]LogD3D11RHI: Async texture creation enabled
[2022.04.27-15.53.22:381][  0]LogD3D11RHI: Array index from any shader is supported
[2022.04.27-15.53.22:411][  0]LogD3D11RHI: GPU Timing Frequency: 19.200000 (Debug: 2 0)
[2022.04.27-15.53.22:699][  0]LogTargetPlatformManager: Display: Loaded TargetPlatform 'AllDesktop'
[2022.04.27-15.53.22:719][  0]LogTargetPlatformManager: Display: Loaded TargetPlatform 'Android'
[2022.04.27-15.53.22:719][  0]LogTargetPlatformManager: Display: Loaded TargetPlatform 'Android_ASTC'
[2022.04.27-15.53.22:719][  0]LogTargetPlatformManager: Display: Loaded TargetPlatform 'Android_DXT'
[2022.04.27-15.53.22:719][  0]LogTargetPlatformManager: Display: Loaded TargetPlatform 'Android_ETC2'
[2022.04.27-15.53.22:719][  0]LogTargetPlatformManager: Display: Loaded TargetPlatform 'AndroidClient'
[2022.04.27-15.53.22:719][  0]LogTargetPlatformManager: Display: Loaded TargetPlatform 'Android_ASTCClient'
[2022.04.27-15.53.22:719][  0]LogTargetPlatformManager: Display: Loaded TargetPlatform 'Android_DXTClient'
[2022.04.27-15.53.22:719][  0]LogTargetPlatformManager: Display: Loaded TargetPlatform 'Android_ETC2Client'
[2022.04.27-15.53.22:719][  0]LogTargetPlatformManager: Display: Loaded TargetPlatform 'Android_Multi'
[2022.04.27-15.53.22:719][  0]LogTargetPlatformManager: Display: Loaded TargetPlatform 'Android_MultiClient'
[2022.04.27-15.53.22:746][  0]LogTargetPlatformManager: Display: Loaded TargetPlatform 'IOSClient'
[2022.04.27-15.53.22:746][  0]LogTargetPlatformManager: Display: Loaded TargetPlatform 'IOS'
[2022.04.27-15.53.22:758][  0]LogTargetPlatformManager: Display: Loaded TargetPlatform 'Linux'
[2022.04.27-15.53.22:765][  0]LogTargetPlatformManager: Display: Loaded TargetPlatform 'LinuxNoEditor'
[2022.04.27-15.53.22:771][  0]LogTargetPlatformManager: Display: Loaded TargetPlatform 'LinuxClient'
[2022.04.27-15.53.22:776][  0]LogTargetPlatformManager: Display: Loaded TargetPlatform 'LinuxServer'
[2022.04.27-15.53.22:787][  0]LogTargetPlatformManager: Display: Loaded TargetPlatform 'LinuxAArch64NoEditor'
[2022.04.27-15.53.22:793][  0]LogTargetPlatformManager: Display: Loaded TargetPlatform 'LinuxAArch64Client'
[2022.04.27-15.53.22:799][  0]LogTargetPlatformManager: Display: Loaded TargetPlatform 'LinuxAArch64Server'
[2022.04.27-15.53.22:822][  0]LogTargetPlatformManager: Display: Loaded TargetPlatform 'Lumin'
[2022.04.27-15.53.22:822][  0]LogTargetPlatformManager: Display: Loaded TargetPlatform 'LuminClient'
[2022.04.27-15.53.22:833][  0]LogTargetPlatformManager: Display: Loaded TargetPlatform 'MacNoEditor'
[2022.04.27-15.53.22:842][  0]LogTargetPlatformManager: Display: Loaded TargetPlatform 'Mac'
[2022.04.27-15.53.22:849][  0]LogTargetPlatformManager: Display: Loaded TargetPlatform 'MacClient'
[2022.04.27-15.53.22:855][  0]LogTargetPlatformManager: Display: Loaded TargetPlatform 'MacServer'
[2022.04.27-15.53.22:866][  0]LogTargetPlatformManager: Display: Loaded TargetPlatform 'TVOSClient'
[2022.04.27-15.53.22:866][  0]LogTargetPlatformManager: Display: Loaded TargetPlatform 'TVOS'
[2022.04.27-15.53.22:877][  0]LogTargetPlatformManager: Display: Loaded TargetPlatform 'WindowsNoEditor'
[2022.04.27-15.53.22:885][  0]LogTargetPlatformManager: Display: Loaded TargetPlatform 'Windows'
[2022.04.27-15.53.22:892][  0]LogTargetPlatformManager: Display: Loaded TargetPlatform 'WindowsClient'
[2022.04.27-15.53.22:902][  0]LogTargetPlatformManager: Display: Loaded TargetPlatform 'WindowsServer'
[2022.04.27-15.53.22:902][  0]LogTargetPlatformManager: Display: Building Assets For Windows
[2022.04.27-15.53.22:924][  0]LogAudioDebug: Display: Lib vorbis DLL was dynamically loaded.
[2022.04.27-15.53.22:998][  0]LogTextureFormatOodle: Display: Oodle Texture 2.9.0 init RDO Off
[2022.04.27-15.53.23:116][  0]LogRendererCore: Ray tracing is disabled. Reason: r.RayTracing=0.
[2022.04.27-15.53.23:119][  0]LogShaderCompilers: Guid format shader working directory is -40 characters bigger than the processId version (../../../../../../Users/smoor/Documents/CS/CS498GD/FinalProject/bit-by-bit/BitTheGame/Intermediate/Shaders/WorkingDirectory/32916/).
[2022.04.27-15.53.23:119][  0]LogShaderCompilers: Cleaned the shader compiler working directory 'C:/Users/smoor/AppData/Local/Temp/UnrealShaderWorkingDir/2878CF4D40B76818D2FAE49E1A6FEF5A/'.
[2022.04.27-15.53.23:120][  0]LogXGEController: Cannot use XGE Controller as Incredibuild is not installed on this machine.
[2022.04.27-15.53.23:120][  0]LogShaderCompilers: Cannot use XGE Shader Compiler as Incredibuild is not installed on this machine.
[2022.04.27-15.53.23:120][  0]LogShaderCompilers: Display: Using Local Shader Compiler.
[2022.04.27-15.53.23:995][  0]LogDerivedDataCache: Display: Max Cache Size: 512 MB
[2022.04.27-15.53.24:082][  0]LogDerivedDataCache: Loaded boot cache 0.09s 94MB C:/Users/smoor/AppData/Local/UnrealEngine/4.27/DerivedDataCache/Boot.ddc.
[2022.04.27-15.53.24:082][  0]LogDerivedDataCache: Display: Loaded Boot cache: C:/Users/smoor/AppData/Local/UnrealEngine/4.27/DerivedDataCache/Boot.ddc
[2022.04.27-15.53.24:082][  0]LogDerivedDataCache: FDerivedDataBackendGraph:  Pak pak cache file ../../../../../../Users/smoor/Documents/CS/CS498GD/FinalProject/bit-by-bit/BitTheGame/DerivedDataCache/DDC.ddp not found, will not use a pak cache.
[2022.04.27-15.53.24:082][  0]LogDerivedDataCache: Unable to find inner node Pak for hierarchical cache Hierarchy.
[2022.04.27-15.53.24:082][  0]LogDerivedDataCache: FDerivedDataBackendGraph:  CompressedPak pak cache file ../../../../../../Users/smoor/Documents/CS/CS498GD/FinalProject/bit-by-bit/BitTheGame/DerivedDataCache/Compressed.ddp not found, will not use a pak cache.
[2022.04.27-15.53.24:082][  0]LogDerivedDataCache: Unable to find inner node CompressedPak for hierarchical cache Hierarchy.
[2022.04.27-15.53.24:101][  0]LogDerivedDataCache: Display: Pak cache opened for reading ../../../Engine/DerivedDataCache/Compressed.ddp.
[2022.04.27-15.53.24:101][  0]LogDerivedDataCache: FDerivedDataBackendGraph:  EnterprisePak pak cache file ../../../Enterprise/DerivedDataCache/Compressed.ddp not found, will not use a pak cache.
[2022.04.27-15.53.24:101][  0]LogDerivedDataCache: Unable to find inner node EnterprisePak for hierarchical cache Hierarchy.
[2022.04.27-15.53.24:116][  0]LogDerivedDataCache: Speed tests for C:/Users/smoor/AppData/Local/UnrealEngine/Common/DerivedDataCache took 0.01 seconds
[2022.04.27-15.53.24:116][  0]LogDerivedDataCache: Display: Performance to C:/Users/smoor/AppData/Local/UnrealEngine/Common/DerivedDataCache: Latency=0.19ms. RandomReadSpeed=114.55MBs, RandomWriteSpeed=218.90MBs. Assigned SpeedClass 'Local'
[2022.04.27-15.53.24:117][  0]LogDerivedDataCache: Using Local data cache path C:/Users/smoor/AppData/Local/UnrealEngine/Common/DerivedDataCache: Writable
[2022.04.27-15.53.24:117][  0]LogDerivedDataCache: Shared data cache path not found in *engine.ini, will not use an Shared cache.
[2022.04.27-15.53.24:117][  0]LogDerivedDataCache: Unable to find inner node Shared for hierarchical cache Hierarchy.
[2022.04.27-15.53.24:163][  0]LogSlate: Using FreeType 2.10.0
[2022.04.27-15.53.24:166][  0]LogSlate: SlateFontServices - WITH_FREETYPE: 1, WITH_HARFBUZZ: 1
[2022.04.27-15.53.24:204][  0]LogAssetRegistry: FAssetRegistry took 0.0030 seconds to start up
[2022.04.27-15.53.24:610][  0]LogInit: Selected Device Profile: [Windows]
[2022.04.27-15.53.24:610][  0]LogInit: Active device profile: [000001A4BB444F00][000001A4B866C700 49] Windows
[2022.04.27-15.53.24:610][  0]LogInit: Profiles: [000001A4BB444F00][000001A4B866C700 49] Windows, [000001A4BB412400][000001A4B8664880 49] WindowsNoEditor, [000001A4BB445F00][000001A4B8660A00 49] WindowsServer, [000001A4BB411600][000001A4B8668B40 49] WindowsClient, [000001A4BB445000][000001A4B865CC80 49] IOS, [000001A4BB413A00][000001A4B8658DC0 49] iPadAir, [000001A4BB447300][000001A4B8654F00 49] iPadAir2, [000001A4BB3B9300][000001A4B86491C0 49] IPadPro, [000001A4BB3B9400][000001A4B864D200 49] iPadAir3, [000001A4BB410B00][000001A4B8645380 49] iPadAir4, [000001A4BB3BA100][000001A4B8641500 49] iPadMini2, [000001A4BB413400][000001A4B863D680 49] iPadMini3, [000001A4BB3BAC00][000001A4B8639800 49] iPadMini4, [000001A4BB412700][000001A4B8635980 49] iPadMini5, [000001A4BB3CCD00][000001A4B862C0C0 49] iPhone6, [000001A4BB3CCE00][000001A4B8630100 49] iPodTouch6, [000001A4BB446900][000001A4B86243C0 49] iPhone7, [000001A4BB446A00][000001A4B8628400 49] iPodTouch7, [000001A4BB3B9800][000001A4B8618580 49] iPhone5S, [000001A4BB445300][000001A4B8614700 49] iPhone6Plus, [000001A4BB447900][000001A4B8610880 49] iPhone6S, [000001A4BB3CD200][000001A4B860CA00 49] iPhone6SPlus, [000001A4BB444B00][000001A4B0E5CB80 49] iPhone7Plus, [000001A4BB3CD500][000001A4B0E58D00 49] iPhoneSE, [000001A4BB444A00][000001A4B8650E40 49] iPhone8, [000001A4BB3CD100][000001A4B0E54F80 49] iPhone8Plus, [000001A4BB3BAB00][000001A4B24970C0 49] iPhoneX, [000001A4BB3CCC00][000001A4B747D240 49] iPhoneXS, [000001A4BB3BBA00][000001A4B71DF3C0 49] iPhoneXSMax, [000001A4BB3CF700][000001A4B888D540 49] iPhoneXR, [000001A4BB3B8D00][000001A4B746D6C0 49] iPhone11, [000001A4BB3CE500][000001A4B868D840 49] iPhone11Pro, [000001A4BB3BA900][000001A4B8C9D9C0 49] iPhone11ProMax, [000001A4BB3CC200][000001A4B7471B40 49] iPhoneSE2, [000001A4BB3B8B00][000001A4B0E20140 49] iPhone12Mini, [000001A4BB3CE900][000001A4B86CC2C0 49] iPhone12, [000001A4BB3BAE00][000001A4B71CA440 49] iPhone12Pro, [000001A4BB3CCA00][000001A4B85945C0 49] iPhone12ProMax, [000001A4BB3BB200][000001A4B8598740 49] iPadPro105, [000001A4BB3CF500][000001A4B859C8C0 49] iPadPro129, [000001A4BB3BA000][000001A4B85A0A40 49] iPadPro97, [000001A4BB3CDF00][000001A4B869ABC0 49] iPadPro2_129, [000001A4BB3BA400][000001A4B869ED40 49] iPad5, [000001A4BB3CD300][000001A4B86A2EC0 49] iPad6, [000001A4BB3B8C00][000001A4B2493000 49] iPad7, [000001A4BB3CD600][000001A4B86A7140 49] iPad8, [000001A4BB3BBC00][000001A4B86AB280 49] iPadPro11, [000001A4BB3CD700][000001A4B86AF3C0 49] iPadPro2_11, [000001A4BB3B8600][000001A4B86B7540 49] iPadPro3_129, [000001A4BB3CFF00][000001A4B86BB6C0 49] iPadPro4_129, [000001A4BB3BB100][000001A4B86BF840 49] AppleTV, [000001A4BB3CC800][000001A4B88279C0 49] AppleTV4K, [000001A4BB3B8500][000001A4B882BB40 49] TVOS, [000001A4BB3CC500][000001A4B882E140 49] Mac, [000001A4BB3B8700][000001A4B88322C0 49] MacClient, [000001A4BB3CD400][000001A4B8836440 49] MacNoEditor, [000001A4BB3B9500][000001A4B883A5C0 49] MacServer, [000001A4BB3CED00][000001A4B883E740 49] Linux, [000001A4BB3B8400][000001A4B88428C0 49] LinuxAArch64, [000001A4BB3CDD00][000001A4B8846A40 49] LinuxNoEditor, [000001A4BB3B9C00][000001A4B884ABC0 49] LinuxAArch64NoEditor, [000001A4BB3CE800][000001A490522D40 49] LinuxClient, [000001A4BB3BAD00][000001A490526EC0 49] LinuxAArch64Client, [000001A4BB3CC100][000001A49052B040 49] LinuxServer, [000001A4BB3B9E00][000001A4B86B3180 49] LinuxAArch64Server, [000001A4BB3CCB00][000001A49052F2C0 49] Android, [000001A4BB3B9A00][000001A490533400 49] Android_Low, [000001A4BB3CEE00][000001A490537540 49] Android_Mid, [000001A4BB3B9000][000001A49053F6C0 49] Android_High, [000001A4BB3CEF00][000001A490543840 49] Android_Default, [000001A4BB3B9700][000001A4905479C0 49] Android_Adreno4xx, [000001A4BB3CD800][000001A49054BB40 49] Android_Adreno5xx_Low, [000001A4BB3B8A00][000001A49054E140 49] Android_Adreno5xx, [000001A4BB3CF300][000001A4B016C2C0 49] Android_Adreno6xx, [000001A4BB3B8E00][000001A4B0170440 49] Android_Adreno6xx_Vulkan, [000001A4BB3CF000][000001A4B01745C0 49] Android_Mali_T6xx, [000001A4BB444100][000001A4B0178740 49] Android_Mali_T7xx, [000001A4BB410800][000001A4B017C8C0 49] Android_Mali_T8xx, [000001A4BB445200][000001A4B0180A40 49] Android_Mali_G71, [000001A4BB410E00][000001A4B0184BC0 49] Android_Mali_G72, [000001A4BB445100][000001A4B0188D40 49] Android_Mali_G72_Vulkan, [000001A4BB412500][000001A4B018CEC0 49] Android_Mali_G76, [000001A4BB445500][000001A4B0191040 49] Android_Mali_G76_Vulkan, [000001A4BB412000][000001A4B01951C0 49] Android_Mali_G77, [000001A4BB447F00][000001A4B0199340 49] Android_Mali_G77_Vulkan, [000001A4BB411D00][000001A49053B480 49] Android_Mali_G78, [000001A4BB444300][000001A4B019D5C0 49] Android_Mali_G78_Vulkan, [000001A4BB410400][000001A4B01A1700 49] Android_Mali_G710, [000001A4BB446800][000001A4B01A9880 49] Android_Mali_G710_Vulkan, [000001A4BB413100][000001A4B01ADA00 49] Android_Vulkan_SM5, [000001A4BB447100][000001A4B01B1B80 49] Android_PowerVR_G6xxx, [000001A4BB410A00][000001A4B8A5E180 49] Android_PowerVR_GT7xxx, [000001A4BB444D00][000001A4B8A62300 49] Android_PowerVR_GE8xxx, [000001A4BB413C00][000001A4B8A66480 49] Android_PowerVR_GM9xxx, [000001A4BB447A00][000001A4B8A6A600 49] Android_PowerVR_GM9xxx_Vulkan, [000001A4BB411200][000001A4B8A6E780 49] Android_TegraK1, [000001A4BB447000][000001A4B8A72900 49] Android_Unknown_Vulkan, [000001A4BB413000][000001A4B8A76A80 49] Lumin, [000001A4BB446100][000001A4B8A7AC00 49] Lumin_Desktop, [000001A4BB412E00][000001A4B8A7ED80 49] HoloLens, 
[2022.04.27-15.53.24:851][  0]LogMeshReduction: Using QuadricMeshReduction for automatic static mesh reduction
[2022.04.27-15.53.24:851][  0]LogMeshReduction: Using SimplygonMeshReduction for automatic skeletal mesh reduction
[2022.04.27-15.53.24:851][  0]LogMeshReduction: Using ProxyLODMeshReduction for automatic mesh merging
[2022.04.27-15.53.24:851][  0]LogMeshReduction: No distributed automatic mesh merging module available
[2022.04.27-15.53.24:853][  0]LogMeshMerging: No distributed automatic mesh merging module available
[2022.04.27-15.53.24:887][  0]LogNetVersion: BitTheGame 1.0.0, NetCL: 17155196, EngineNetVer: 17, GameNetVer: 0 (Checksum: 4004886265)
[2022.04.27-15.53.25:570][  0]LogTexture: Default maximum texture size for cubemaps generated from long-lat sources has been changed from 512 to unlimited. In order to preserve old behaiour for '/Engine/MapTemplates/Sky/DaylightAmbientCubemap.DaylightAmbientCubemap', its maximum texture size has been explicitly set to 512.
[2022.04.27-15.53.25:693][  0]LogHMD: PokeAHoleMaterial loaded successfully
[2022.04.27-15.53.25:700][  0]LogUObjectArray: 17178 objects as part of root set at end of initial load.
[2022.04.27-15.53.25:700][  0]LogUObjectAllocator: 4302048 out of 0 bytes used by permanent object pool.
[2022.04.27-15.53.25:700][  0]LogUObjectArray: CloseDisregardForGC: 0/0 objects in disregard for GC pool
[2022.04.27-15.53.26:261][  0]LogPython: Using Python 3.7.7
[2022.04.27-15.53.26:835][  0]LogNiagaraDebuggerClient: Niagara Debugger Client Initialized | Session: FFD26DAE40EA4A19BAF79B9705DC9BCB | Instance: 6CFFBC4C4D9CD8861B0D92A2A65C7099 (DESKTOP-9OL07U8-32916).
[2022.04.27-15.53.27:140][  0]LogTcpMessaging: Initializing TcpMessaging bridge
[2022.04.27-15.53.27:152][  0]LogUdpMessaging: Initializing bridge on interface 0.0.0.0:0 to multicast group 230.0.0.1:6666.
[2022.04.27-15.53.27:526][  0]SourceControl: Source control is disabled
[2022.04.27-15.53.27:526][  0]SourceControl: Source control is disabled
[2022.04.27-15.53.27:537][  0]SourceControl: Source control is disabled
[2022.04.27-15.53.27:546][  0]SourceControl: Source control is disabled
[2022.04.27-15.53.27:568][  0]SourceControl: Source control is disabled
[2022.04.27-15.53.27:579][  0]LogUProjectInfo: Found projects:
[2022.04.27-15.53.27:585][  0]LogVSAccessor: Display: Unable to create Visual Studio setup instance: 80040154
[2022.04.27-15.53.27:586][  0]LogVSAccessor: Display: Unable to create Visual Studio setup instance: 80040154
[2022.04.27-15.53.27:586][  0]LogVSAccessor: Display: Unable to create Visual Studio setup instance: 80040154
[2022.04.27-15.53.28:034][  0]LogOpenImageDenoise: OIDN starting up
[2022.04.27-15.53.28:157][  0]LogAndroidPermission: UAndroidPermissionCallbackProxy::GetInstance
[2022.04.27-15.53.28:209][  0]LogAudioCaptureCore: Display: No Audio Capture implementations found. Audio input will be silent.
[2022.04.27-15.53.28:209][  0]LogAudioCaptureCore: Display: No Audio Capture implementations found. Audio input will be silent.
[2022.04.27-15.53.28:439][  0]LogCollectionManager: Loaded 0 collections in 0.001714 seconds
[2022.04.27-15.53.28:489][  0]LogFileCache: Scanning file cache for directory 'C:/Users/smoor/Documents/CS/CS498GD/FinalProject/bit-by-bit/BitTheGame/Saved/Collections/' took 0.00s
[2022.04.27-15.53.28:489][  0]LogFileCache: Scanning file cache for directory 'C:/Users/smoor/Documents/CS/CS498GD/FinalProject/bit-by-bit/BitTheGame/Content/Developers/smoor/Collections/' took 0.00s
[2022.04.27-15.53.28:489][  0]LogFileCache: Scanning file cache for directory 'C:/Users/smoor/Documents/CS/CS498GD/FinalProject/bit-by-bit/BitTheGame/Content/Collections/' took 0.00s
[2022.04.27-15.53.28:489][  0]LogOcInput: OculusInput pre-init called
[2022.04.27-15.53.28:877][  0]LogEngine: Initializing Engine...
[2022.04.27-15.53.28:890][  0]LogHMD: Failed to enumerate extensions. Please check that you have a valid OpenXR runtime installed.
[2022.04.27-15.53.28:890][  0]LogHMD: Failed to initialize OpenVR with code 110
[2022.04.27-15.53.28:891][  0]LogMagicLeap: Warning: VR disabled because ZI is not enabled.  To enable, in the editor, Edit -> Project Settings -> Plugins -> Magic Leap Plugin -> Enable Zero Iteration
[2022.04.27-15.53.28:895][  0]LogStats: UGameplayTagsManager::InitializeManager -  0.002 s
[2022.04.27-15.53.29:057][  0]LogInit: Initializing FReadOnlyCVARCache
[2022.04.27-15.53.29:076][  0]LogAIModule: Creating AISystem for world Untitled
[2022.04.27-15.53.29:077][  0]LogAudio: Display: Initializing Audio Device Manager...
[2022.04.27-15.53.29:083][  0]LogAudio: Display: Loading Default Audio Settings Objects...
[2022.04.27-15.53.29:084][  0]LogAudio: Display: No default SoundConcurrencyObject specified (or failed to load).
[2022.04.27-15.53.29:086][  0]LogAudio: Display: Audio Device Manager Initialized
[2022.04.27-15.53.29:086][  0]LogAudio: Display: Creating Audio Device:                 Id: 1, Scope: Shared, Realtime: True
[2022.04.27-15.53.29:086][  0]LogAudioMixer: Display: Audio Mixer Platform Settings:
[2022.04.27-15.53.29:086][  0]LogAudioMixer: Display: 	Sample Rate:						  48000
[2022.04.27-15.53.29:086][  0]LogAudioMixer: Display: 	Callback Buffer Frame Size Requested: 1024
[2022.04.27-15.53.29:086][  0]LogAudioMixer: Display: 	Callback Buffer Frame Size To Use:	  1024
[2022.04.27-15.53.29:086][  0]LogAudioMixer: Display: 	Number of buffers to queue:			  2
[2022.04.27-15.53.29:086][  0]LogAudioMixer: Display: 	Max Channels (voices):				  32
[2022.04.27-15.53.29:086][  0]LogAudioMixer: Display: 	Number of Async Source Workers:		  0
[2022.04.27-15.53.29:086][  0]LogAudio: Display: AudioDevice MaxSources: 32
[2022.04.27-15.53.29:088][  0]LogAudio: Display: Audio Spatialization Plugin: None (built-in).
[2022.04.27-15.53.29:088][  0]LogAudio: Display: Audio Reverb Plugin: None (built-in).
[2022.04.27-15.53.29:088][  0]LogAudio: Display: Audio Occlusion Plugin: None (built-in).
[2022.04.27-15.53.29:088][  0]LogAudioMixer: Display: Initializing audio mixer.
[2022.04.27-15.53.29:114][  0]LogAudioMixer: Display: 0: FrontLeft
[2022.04.27-15.53.29:114][  0]LogAudioMixer: Display: 1: FrontRight
[2022.04.27-15.53.29:602][  0]LogAudioMixer: Display: Using Audio Device Headphones (Realtek(R) Audio)
[2022.04.27-15.53.29:606][  0]LogAudioMixer: Display: Initializing Sound Submixes...
[2022.04.27-15.53.29:610][  0]LogAudioMixer: Display: Creating Master Submix 'MasterSubmixDefault'
[2022.04.27-15.53.29:610][  0]LogAudioMixer: Display: Creating Master Submix 'MasterReverbSubmixDefault'
[2022.04.27-15.53.29:610][  0]LogAudioMixer: Display: Creating Master Submix 'MasterEQSubmixDefault'
[2022.04.27-15.53.29:610][  0]LogAudioMixer: FMixerPlatformXAudio2::StartAudioStream() called
[2022.04.27-15.53.29:610][  0]LogAudioMixer: Display: Output buffers initialized: Frames=1024, Channels=2, Samples=2048
[2022.04.27-15.53.29:612][  0]LogAudioMixer: Display: Starting AudioMixerPlatformInterface::RunInternal()
[2022.04.27-15.53.29:612][  0]LogAudioMixer: Display: FMixerPlatformXAudio2::SubmitBuffer() called for the first time
[2022.04.27-15.53.29:612][  0]LogInit: FAudioDevice initialized.
[2022.04.27-15.53.29:612][  0]LogAudio: Display: Audio Device (ID: 1) registered with world 'Untitled'.
[2022.04.27-15.53.29:612][  0]LogNetVersion: Set ProjectVersion to 1.0.0.0. Version Checksum will be recalculated on next use.
[2022.04.27-15.53.29:664][  0]LogDerivedDataCache: Saved boot cache 0.05s 94MB C:/Users/smoor/AppData/Local/UnrealEngine/4.27/DerivedDataCache/Boot.ddc.
[2022.04.27-15.53.29:665][  0]LogInit: Texture streaming: Enabled
[2022.04.27-15.53.29:683][  0]LogAnalytics: Display: [UEEditor.Rocket.Release] APIServer = https://datarouter.ol.epicgames.com/. AppVersion = 4.27.2-18319896+++UE4+Release-4.27
[2022.04.27-15.53.29:690][  0]LogEngineSessionManager: EngineSessionManager initialized
[2022.04.27-15.53.29:690][  0]LogEditorSessionSummary: Verbose: Initializing EditorSessionSummaryWriter for editor session tracking
[2022.04.27-15.53.29:694][  0]LogEditorSessionSummary: EditorSessionSummaryWriter initialized
[2022.04.27-15.53.29:736][  0]LogInit: Transaction tracking system initialized
[2022.04.27-15.53.29:785][  0]BlueprintLog: New page: Editor Load
[2022.04.27-15.53.29:923][  0]LocalizationService: Localization service is disabled
[2022.04.27-15.53.29:989][  0]TimingProfiler: Initialize
[2022.04.27-15.53.29:992][  0]TimingProfiler: OnSessionChanged
[2022.04.27-15.53.29:992][  0]LoadingProfiler: Initialize
[2022.04.27-15.53.29:993][  0]LoadingProfiler: OnSessionChanged
[2022.04.27-15.53.29:993][  0]NetworkingProfiler: Initialize
[2022.04.27-15.53.29:994][  0]NetworkingProfiler: OnSessionChanged
[2022.04.27-15.53.29:994][  0]MemoryProfiler: Initialize
[2022.04.27-15.53.29:994][  0]MemoryProfiler: OnSessionChanged
[2022.04.27-15.53.30:110][  0]LogVSAccessor: Display: Unable to create Visual Studio setup instance: 80040154
[2022.04.27-15.53.30:111][  0]LogVSAccessor: Display: Unable to create Visual Studio setup instance: 80040154
[2022.04.27-15.53.30:111][  0]LogVSAccessor: Display: Unable to create Visual Studio setup instance: 80040154
[2022.04.27-15.53.30:217][  0]LogCook: Display: CookSettings for Memory: MemoryMaxUsedVirtual 0MiB, MemoryMaxUsedPhysical 16384MiB, MemoryMinFreeVirtual 0MiB, MemoryMinFreePhysical 1024MiB
[2022.04.27-15.53.30:217][  0]LogCook: Display: Mobile HDR setting 1
[2022.04.27-15.53.30:588][  0]LogFileCache: Scanning file cache for directory 'C:/Users/smoor/Documents/CS/CS498GD/FinalProject/bit-by-bit/BitTheGame/Content/' took 0.01s
[2022.04.27-15.53.30:805][  0]LogInit: Display: Engine is initialized. Leaving FEngineLoop::Init()
[2022.04.27-15.53.30:814][  0]SourceControl: Source control is disabled
[2022.04.27-15.53.30:814][  0]LogUnrealEdMisc: Loading editor; pre map load, took 11.859
[2022.04.27-15.53.30:815][  0]Cmd: MAP LOAD FILE="../../../../../../Users/smoor/Documents/CS/CS498GD/FinalProject/bit-by-bit/BitTheGame/Content/TopDownBP/Maps/TopDownExampleMap.umap" TEMPLATE=0 SHOWPROGRESS=1 FEATURELEVEL=3
[2022.04.27-15.53.30:815][  0]LogEditorServer: Warning: Can't find file '../../../../../../Users/smoor/Documents/CS/CS498GD/FinalProject/bit-by-bit/BitTheGame/Content/TopDownBP/Maps/TopDownExampleMap.umap'
[2022.04.27-15.53.30:816][  0]Cmd: MAP CHECKDEP NOCLEARLOG
[2022.04.27-15.53.30:816][  0]MapCheck: Map check complete: 0 Error(s), 0 Warning(s), took 0.166ms to complete.
[2022.04.27-15.53.30:816][  0]LogFileHelpers: Loading map 'TopDownExampleMap' took 0.001
[2022.04.27-15.53.30:843][  0]LogUnrealEdMisc: Total Editor Startup Time, took 11.888
[2022.04.27-15.53.31:027][  0]LogSlate: Updating window title bar state: overlay mode, drag disabled, window buttons hidden, title bar hidden
[2022.04.27-15.53.31:033][  0]LogSlate: Updating window title bar state: overlay mode, drag disabled, window buttons hidden, title bar hidden
[2022.04.27-15.53.31:043][  0]LogSlate: Updating window title bar state: overlay mode, drag disabled, window buttons hidden, title bar hidden
[2022.04.27-15.53.31:052][  0]LogSlate: Updating window title bar state: overlay mode, drag disabled, window buttons hidden, title bar hidden
[2022.04.27-15.53.31:077][  0]LogNativeClassHierarchy: Verbose: Native class hierarchy populated in 0.0113 seconds. Added 3831 classes and 933 folders.
[2022.04.27-15.53.31:082][  0]LogNativeClassHierarchy: Verbose: Native class hierarchy updated for 'WidgetCarousel' in 0.0003 seconds. Added 0 classes and 0 folders.
[2022.04.27-15.53.31:090][  0]LogPakFile: PakFile PrimaryIndexSize=187
[2022.04.27-15.53.31:090][  0]LogPakFile: PakFile PathHashIndexSize=101
[2022.04.27-15.53.31:090][  0]LogPakFile: PakFile FullDirectoryIndexSize=148
[2022.04.27-15.53.31:091][  0]LogShaderLibrary: Display: ShaderCodeLibraryPakFileMountedCallback: PakFile 'C:/Program Files/Epic Games/UE_4.27/FeaturePacks/FP_FirstPerson.upack' (chunk index -1, root 'root:/') mounted
[2022.04.27-15.53.31:091][  0]LogShaderLibrary: Display: ShaderCodeLibraryPakFileMountedCallback: pending pak file info (ChunkID:-1 Root:root:/ File:C:/Program Files/Epic Games/UE_4.27/FeaturePacks/FP_FirstPerson.upack)
[2022.04.27-15.53.31:091][  0]LogPakFile: OnPakFileMounted2Time == 0.000840
[2022.04.27-15.53.31:095][  0]LogPakFile: PakFile PrimaryIndexSize=189
[2022.04.27-15.53.31:095][  0]LogPakFile: PakFile PathHashIndexSize=101
[2022.04.27-15.53.31:095][  0]LogPakFile: PakFile FullDirectoryIndexSize=152
[2022.04.27-15.53.31:095][  0]LogShaderLibrary: Display: ShaderCodeLibraryPakFileMountedCallback: PakFile 'C:/Program Files/Epic Games/UE_4.27/FeaturePacks/FP_FirstPersonBP.upack' (chunk index -1, root 'root:/') mounted
[2022.04.27-15.53.31:095][  0]LogShaderLibrary: Display: ShaderCodeLibraryPakFileMountedCallback: pending pak file info (ChunkID:-1 Root:root:/ File:C:/Program Files/Epic Games/UE_4.27/FeaturePacks/FP_FirstPersonBP.upack)
[2022.04.27-15.53.31:095][  0]LogPakFile: OnPakFileMounted2Time == 0.000035
[2022.04.27-15.53.31:096][  0]LogPakFile: PakFile PrimaryIndexSize=191
[2022.04.27-15.53.31:096][  0]LogPakFile: PakFile PathHashIndexSize=101
[2022.04.27-15.53.31:096][  0]LogPakFile: PakFile FullDirectoryIndexSize=160
[2022.04.27-15.53.31:096][  0]LogShaderLibrary: Display: ShaderCodeLibraryPakFileMountedCallback: PakFile 'C:/Program Files/Epic Games/UE_4.27/FeaturePacks/MobileStarterContent.upack' (chunk index -1, root 'root:/') mounted
[2022.04.27-15.53.31:096][  0]LogShaderLibrary: Display: ShaderCodeLibraryPakFileMountedCallback: pending pak file info (ChunkID:-1 Root:root:/ File:C:/Program Files/Epic Games/UE_4.27/FeaturePacks/MobileStarterContent.upack)
[2022.04.27-15.53.31:096][  0]LogPakFile: OnPakFileMounted2Time == 0.000034
[2022.04.27-15.53.31:098][  0]LogPakFile: PakFile PrimaryIndexSize=185
[2022.04.27-15.53.31:098][  0]LogPakFile: PakFile PathHashIndexSize=101
[2022.04.27-15.53.31:098][  0]LogPakFile: PakFile FullDirectoryIndexSize=148
[2022.04.27-15.53.31:098][  0]LogShaderLibrary: Display: ShaderCodeLibraryPakFileMountedCallback: PakFile 'C:/Program Files/Epic Games/UE_4.27/FeaturePacks/StarterContent.upack' (chunk index -1, root 'root:/') mounted
[2022.04.27-15.53.31:098][  0]LogShaderLibrary: Display: ShaderCodeLibraryPakFileMountedCallback: pending pak file info (ChunkID:-1 Root:root:/ File:C:/Program Files/Epic Games/UE_4.27/FeaturePacks/StarterContent.upack)
[2022.04.27-15.53.31:098][  0]LogPakFile: OnPakFileMounted2Time == 0.000034
[2022.04.27-15.53.31:099][  0]LogPakFile: PakFile PrimaryIndexSize=190
[2022.04.27-15.53.31:099][  0]LogPakFile: PakFile PathHashIndexSize=101
[2022.04.27-15.53.31:099][  0]LogPakFile: PakFile FullDirectoryIndexSize=154
[2022.04.27-15.53.31:099][  0]LogShaderLibrary: Display: ShaderCodeLibraryPakFileMountedCallback: PakFile 'C:/Program Files/Epic Games/UE_4.27/FeaturePacks/TP_2DSideScroller.upack' (chunk index -1, root 'root:/') mounted
[2022.04.27-15.53.31:099][  0]LogShaderLibrary: Display: ShaderCodeLibraryPakFileMountedCallback: pending pak file info (ChunkID:-1 Root:root:/ File:C:/Program Files/Epic Games/UE_4.27/FeaturePacks/TP_2DSideScroller.upack)
[2022.04.27-15.53.31:099][  0]LogPakFile: OnPakFileMounted2Time == 0.000033
[2022.04.27-15.53.31:102][  0]LogPakFile: PakFile PrimaryIndexSize=192
[2022.04.27-15.53.31:102][  0]LogPakFile: PakFile PathHashIndexSize=101
[2022.04.27-15.53.31:102][  0]LogPakFile: PakFile FullDirectoryIndexSize=158
[2022.04.27-15.53.31:102][  0]LogShaderLibrary: Display: ShaderCodeLibraryPakFileMountedCallback: PakFile 'C:/Program Files/Epic Games/UE_4.27/FeaturePacks/TP_2DSideScrollerBP.upack' (chunk index -1, root 'root:/') mounted
[2022.04.27-15.53.31:102][  0]LogShaderLibrary: Display: ShaderCodeLibraryPakFileMountedCallback: pending pak file info (ChunkID:-1 Root:root:/ File:C:/Program Files/Epic Games/UE_4.27/FeaturePacks/TP_2DSideScrollerBP.upack)
[2022.04.27-15.53.31:102][  0]LogPakFile: OnPakFileMounted2Time == 0.000048
[2022.04.27-15.53.31:103][  0]LogPakFile: PakFile PrimaryIndexSize=182
[2022.04.27-15.53.31:103][  0]LogPakFile: PakFile PathHashIndexSize=101
[2022.04.27-15.53.31:103][  0]LogPakFile: PakFile FullDirectoryIndexSize=138
[2022.04.27-15.53.31:103][  0]LogShaderLibrary: Display: ShaderCodeLibraryPakFileMountedCallback: PakFile 'C:/Program Files/Epic Games/UE_4.27/FeaturePacks/TP_Flying.upack' (chunk index -1, root 'root:/') mounted
[2022.04.27-15.53.31:103][  0]LogShaderLibrary: Display: ShaderCodeLibraryPakFileMountedCallback: pending pak file info (ChunkID:-1 Root:root:/ File:C:/Program Files/Epic Games/UE_4.27/FeaturePacks/TP_Flying.upack)
[2022.04.27-15.53.31:103][  0]LogPakFile: OnPakFileMounted2Time == 0.000032
[2022.04.27-15.53.31:105][  0]LogPakFile: PakFile PrimaryIndexSize=184
[2022.04.27-15.53.31:105][  0]LogPakFile: PakFile PathHashIndexSize=101
[2022.04.27-15.53.31:105][  0]LogPakFile: PakFile FullDirectoryIndexSize=142
[2022.04.27-15.53.31:105][  0]LogShaderLibrary: Display: ShaderCodeLibraryPakFileMountedCallback: PakFile 'C:/Program Files/Epic Games/UE_4.27/FeaturePacks/TP_FlyingBP.upack' (chunk index -1, root 'root:/') mounted
[2022.04.27-15.53.31:105][  0]LogShaderLibrary: Display: ShaderCodeLibraryPakFileMountedCallback: pending pak file info (ChunkID:-1 Root:root:/ File:C:/Program Files/Epic Games/UE_4.27/FeaturePacks/TP_FlyingBP.upack)
[2022.04.27-15.53.31:105][  0]LogPakFile: OnPakFileMounted2Time == 0.000030
[2022.04.27-15.53.31:106][  0]LogPakFile: PakFile PrimaryIndexSize=188
[2022.04.27-15.53.31:106][  0]LogPakFile: PakFile PathHashIndexSize=101
[2022.04.27-15.53.31:106][  0]LogPakFile: PakFile FullDirectoryIndexSize=150
[2022.04.27-15.53.31:106][  0]LogShaderLibrary: Display: ShaderCodeLibraryPakFileMountedCallback: PakFile 'C:/Program Files/Epic Games/UE_4.27/FeaturePacks/TP_HandheldARBP.upack' (chunk index -1, root 'root:/') mounted
[2022.04.27-15.53.31:106][  0]LogShaderLibrary: Display: ShaderCodeLibraryPakFileMountedCallback: pending pak file info (ChunkID:-1 Root:root:/ File:C:/Program Files/Epic Games/UE_4.27/FeaturePacks/TP_HandheldARBP.upack)
[2022.04.27-15.53.31:106][  0]LogPakFile: OnPakFileMounted2Time == 0.000066
[2022.04.27-15.53.31:108][  0]LogPakFile: PakFile PrimaryIndexSize=182
[2022.04.27-15.53.31:108][  0]LogPakFile: PakFile PathHashIndexSize=101
[2022.04.27-15.53.31:108][  0]LogPakFile: PakFile FullDirectoryIndexSize=138
[2022.04.27-15.53.31:108][  0]LogShaderLibrary: Display: ShaderCodeLibraryPakFileMountedCallback: PakFile 'C:/Program Files/Epic Games/UE_4.27/FeaturePacks/TP_Puzzle.upack' (chunk index -1, root 'root:/') mounted
[2022.04.27-15.53.31:108][  0]LogShaderLibrary: Display: ShaderCodeLibraryPakFileMountedCallback: pending pak file info (ChunkID:-1 Root:root:/ File:C:/Program Files/Epic Games/UE_4.27/FeaturePacks/TP_Puzzle.upack)
[2022.04.27-15.53.31:108][  0]LogPakFile: OnPakFileMounted2Time == 0.000036
[2022.04.27-15.53.31:110][  0]LogPakFile: PakFile PrimaryIndexSize=184
[2022.04.27-15.53.31:110][  0]LogPakFile: PakFile PathHashIndexSize=101
[2022.04.27-15.53.31:110][  0]LogPakFile: PakFile FullDirectoryIndexSize=142
[2022.04.27-15.53.31:110][  0]LogShaderLibrary: Display: ShaderCodeLibraryPakFileMountedCallback: PakFile 'C:/Program Files/Epic Games/UE_4.27/FeaturePacks/TP_PuzzleBP.upack' (chunk index -1, root 'root:/') mounted
[2022.04.27-15.53.31:110][  0]LogShaderLibrary: Display: ShaderCodeLibraryPakFileMountedCallback: pending pak file info (ChunkID:-1 Root:root:/ File:C:/Program Files/Epic Games/UE_4.27/FeaturePacks/TP_PuzzleBP.upack)
[2022.04.27-15.53.31:110][  0]LogPakFile: OnPakFileMounted2Time == 0.000044
[2022.04.27-15.53.31:112][  0]LogPakFile: PakFile PrimaryIndexSize=183
[2022.04.27-15.53.31:112][  0]LogPakFile: PakFile PathHashIndexSize=101
[2022.04.27-15.53.31:112][  0]LogPakFile: PakFile FullDirectoryIndexSize=140
[2022.04.27-15.53.31:112][  0]LogShaderLibrary: Display: ShaderCodeLibraryPakFileMountedCallback: PakFile 'C:/Program Files/Epic Games/UE_4.27/FeaturePacks/TP_Rolling.upack' (chunk index -1, root 'root:/') mounted
[2022.04.27-15.53.31:112][  0]LogShaderLibrary: Display: ShaderCodeLibraryPakFileMountedCallback: pending pak file info (ChunkID:-1 Root:root:/ File:C:/Program Files/Epic Games/UE_4.27/FeaturePacks/TP_Rolling.upack)
[2022.04.27-15.53.31:112][  0]LogPakFile: OnPakFileMounted2Time == 0.000040
[2022.04.27-15.53.31:114][  0]LogPakFile: PakFile PrimaryIndexSize=185
[2022.04.27-15.53.31:114][  0]LogPakFile: PakFile PathHashIndexSize=101
[2022.04.27-15.53.31:114][  0]LogPakFile: PakFile FullDirectoryIndexSize=144
[2022.04.27-15.53.31:114][  0]LogShaderLibrary: Display: ShaderCodeLibraryPakFileMountedCallback: PakFile 'C:/Program Files/Epic Games/UE_4.27/FeaturePacks/TP_RollingBP.upack' (chunk index -1, root 'root:/') mounted
[2022.04.27-15.53.31:114][  0]LogShaderLibrary: Display: ShaderCodeLibraryPakFileMountedCallback: pending pak file info (ChunkID:-1 Root:root:/ File:C:/Program Files/Epic Games/UE_4.27/FeaturePacks/TP_RollingBP.upack)
[2022.04.27-15.53.31:114][  0]LogPakFile: OnPakFileMounted2Time == 0.000044
[2022.04.27-15.53.31:116][  0]LogPakFile: PakFile PrimaryIndexSize=188
[2022.04.27-15.53.31:116][  0]LogPakFile: PakFile PathHashIndexSize=101
[2022.04.27-15.53.31:116][  0]LogPakFile: PakFile FullDirectoryIndexSize=150
[2022.04.27-15.53.31:116][  0]LogShaderLibrary: Display: ShaderCodeLibraryPakFileMountedCallback: PakFile 'C:/Program Files/Epic Games/UE_4.27/FeaturePacks/TP_SideScroller.upack' (chunk index -1, root 'root:/') mounted
[2022.04.27-15.53.31:116][  0]LogShaderLibrary: Display: ShaderCodeLibraryPakFileMountedCallback: pending pak file info (ChunkID:-1 Root:root:/ File:C:/Program Files/Epic Games/UE_4.27/FeaturePacks/TP_SideScroller.upack)
[2022.04.27-15.53.31:116][  0]LogPakFile: OnPakFileMounted2Time == 0.000047
[2022.04.27-15.53.31:117][  0]LogPakFile: PakFile PrimaryIndexSize=190
[2022.04.27-15.53.31:117][  0]LogPakFile: PakFile PathHashIndexSize=101
[2022.04.27-15.53.31:117][  0]LogPakFile: PakFile FullDirectoryIndexSize=154
[2022.04.27-15.53.31:117][  0]LogShaderLibrary: Display: ShaderCodeLibraryPakFileMountedCallback: PakFile 'C:/Program Files/Epic Games/UE_4.27/FeaturePacks/TP_SideScrollerBP.upack' (chunk index -1, root 'root:/') mounted
[2022.04.27-15.53.31:117][  0]LogShaderLibrary: Display: ShaderCodeLibraryPakFileMountedCallback: pending pak file info (ChunkID:-1 Root:root:/ File:C:/Program Files/Epic Games/UE_4.27/FeaturePacks/TP_SideScrollerBP.upack)
[2022.04.27-15.53.31:117][  0]LogPakFile: OnPakFileMounted2Time == 0.000032
[2022.04.27-15.53.31:119][  0]LogPakFile: PakFile PrimaryIndexSize=187
[2022.04.27-15.53.31:119][  0]LogPakFile: PakFile PathHashIndexSize=101
[2022.04.27-15.53.31:119][  0]LogPakFile: PakFile FullDirectoryIndexSize=148
[2022.04.27-15.53.31:119][  0]LogShaderLibrary: Display: ShaderCodeLibraryPakFileMountedCallback: PakFile 'C:/Program Files/Epic Games/UE_4.27/FeaturePacks/TP_ThirdPerson.upack' (chunk index -1, root 'root:/') mounted
[2022.04.27-15.53.31:119][  0]LogShaderLibrary: Display: ShaderCodeLibraryPakFileMountedCallback: pending pak file info (ChunkID:-1 Root:root:/ File:C:/Program Files/Epic Games/UE_4.27/FeaturePacks/TP_ThirdPerson.upack)
[2022.04.27-15.53.31:119][  0]LogPakFile: OnPakFileMounted2Time == 0.000032
[2022.04.27-15.53.31:121][  0]LogPakFile: PakFile PrimaryIndexSize=189
[2022.04.27-15.53.31:121][  0]LogPakFile: PakFile PathHashIndexSize=101
[2022.04.27-15.53.31:121][  0]LogPakFile: PakFile FullDirectoryIndexSize=152
[2022.04.27-15.53.31:121][  0]LogShaderLibrary: Display: ShaderCodeLibraryPakFileMountedCallback: PakFile 'C:/Program Files/Epic Games/UE_4.27/FeaturePacks/TP_ThirdPersonBP.upack' (chunk index -1, root 'root:/') mounted
[2022.04.27-15.53.31:121][  0]LogShaderLibrary: Display: ShaderCodeLibraryPakFileMountedCallback: pending pak file info (ChunkID:-1 Root:root:/ File:C:/Program Files/Epic Games/UE_4.27/FeaturePacks/TP_ThirdPersonBP.upack)
[2022.04.27-15.53.31:121][  0]LogPakFile: OnPakFileMounted2Time == 0.000029
[2022.04.27-15.53.31:122][  0]LogPakFile: PakFile PrimaryIndexSize=183
[2022.04.27-15.53.31:122][  0]LogPakFile: PakFile PathHashIndexSize=101
[2022.04.27-15.53.31:122][  0]LogPakFile: PakFile FullDirectoryIndexSize=140
[2022.04.27-15.53.31:122][  0]LogShaderLibrary: Display: ShaderCodeLibraryPakFileMountedCallback: PakFile 'C:/Program Files/Epic Games/UE_4.27/FeaturePacks/TP_TopDown.upack' (chunk index -1, root 'root:/') mounted
[2022.04.27-15.53.31:122][  0]LogShaderLibrary: Display: ShaderCodeLibraryPakFileMountedCallback: pending pak file info (ChunkID:-1 Root:root:/ File:C:/Program Files/Epic Games/UE_4.27/FeaturePacks/TP_TopDown.upack)
[2022.04.27-15.53.31:122][  0]LogPakFile: OnPakFileMounted2Time == 0.000040
[2022.04.27-15.53.31:124][  0]LogPakFile: PakFile PrimaryIndexSize=185
[2022.04.27-15.53.31:124][  0]LogPakFile: PakFile PathHashIndexSize=101
[2022.04.27-15.53.31:124][  0]LogPakFile: PakFile FullDirectoryIndexSize=144
[2022.04.27-15.53.31:124][  0]LogShaderLibrary: Display: ShaderCodeLibraryPakFileMountedCallback: PakFile 'C:/Program Files/Epic Games/UE_4.27/FeaturePacks/TP_TopDownBP.upack' (chunk index -1, root 'root:/') mounted
[2022.04.27-15.53.31:124][  0]LogShaderLibrary: Display: ShaderCodeLibraryPakFileMountedCallback: pending pak file info (ChunkID:-1 Root:root:/ File:C:/Program Files/Epic Games/UE_4.27/FeaturePacks/TP_TopDownBP.upack)
[2022.04.27-15.53.31:124][  0]LogPakFile: OnPakFileMounted2Time == 0.000030
[2022.04.27-15.53.31:125][  0]LogPakFile: PakFile PrimaryIndexSize=185
[2022.04.27-15.53.31:125][  0]LogPakFile: PakFile PathHashIndexSize=101
[2022.04.27-15.53.31:125][  0]LogPakFile: PakFile FullDirectoryIndexSize=144
[2022.04.27-15.53.31:125][  0]LogShaderLibrary: Display: ShaderCodeLibraryPakFileMountedCallback: PakFile 'C:/Program Files/Epic Games/UE_4.27/FeaturePacks/TP_TwinStick.upack' (chunk index -1, root 'root:/') mounted
[2022.04.27-15.53.31:125][  0]LogShaderLibrary: Display: ShaderCodeLibraryPakFileMountedCallback: pending pak file info (ChunkID:-1 Root:root:/ File:C:/Program Files/Epic Games/UE_4.27/FeaturePacks/TP_TwinStick.upack)
[2022.04.27-15.53.31:125][  0]LogPakFile: OnPakFileMounted2Time == 0.000029
[2022.04.27-15.53.31:127][  0]LogPakFile: PakFile PrimaryIndexSize=187
[2022.04.27-15.53.31:127][  0]LogPakFile: PakFile PathHashIndexSize=101
[2022.04.27-15.53.31:127][  0]LogPakFile: PakFile FullDirectoryIndexSize=148
[2022.04.27-15.53.31:127][  0]LogShaderLibrary: Display: ShaderCodeLibraryPakFileMountedCallback: PakFile 'C:/Program Files/Epic Games/UE_4.27/FeaturePacks/TP_TwinStickBP.upack' (chunk index -1, root 'root:/') mounted
[2022.04.27-15.53.31:127][  0]LogShaderLibrary: Display: ShaderCodeLibraryPakFileMountedCallback: pending pak file info (ChunkID:-1 Root:root:/ File:C:/Program Files/Epic Games/UE_4.27/FeaturePacks/TP_TwinStickBP.upack)
[2022.04.27-15.53.31:127][  0]LogPakFile: OnPakFileMounted2Time == 0.000033
[2022.04.27-15.53.31:128][  0]LogPakFile: PakFile PrimaryIndexSize=183
[2022.04.27-15.53.31:128][  0]LogPakFile: PakFile PathHashIndexSize=101
[2022.04.27-15.53.31:128][  0]LogPakFile: PakFile FullDirectoryIndexSize=140
[2022.04.27-15.53.31:128][  0]LogShaderLibrary: Display: ShaderCodeLibraryPakFileMountedCallback: PakFile 'C:/Program Files/Epic Games/UE_4.27/FeaturePacks/TP_Vehicle.upack' (chunk index -1, root 'root:/') mounted
[2022.04.27-15.53.31:128][  0]LogShaderLibrary: Display: ShaderCodeLibraryPakFileMountedCallback: pending pak file info (ChunkID:-1 Root:root:/ File:C:/Program Files/Epic Games/UE_4.27/FeaturePacks/TP_Vehicle.upack)
[2022.04.27-15.53.31:128][  0]LogPakFile: OnPakFileMounted2Time == 0.000032
[2022.04.27-15.53.31:130][  0]LogPakFile: PakFile PrimaryIndexSize=186
[2022.04.27-15.53.31:130][  0]LogPakFile: PakFile PathHashIndexSize=101
[2022.04.27-15.53.31:130][  0]LogPakFile: PakFile FullDirectoryIndexSize=146
[2022.04.27-15.53.31:130][  0]LogShaderLibrary: Display: ShaderCodeLibraryPakFileMountedCallback: PakFile 'C:/Program Files/Epic Games/UE_4.27/FeaturePacks/TP_VehicleAdv.upack' (chunk index -1, root 'root:/') mounted
[2022.04.27-15.53.31:130][  0]LogShaderLibrary: Display: ShaderCodeLibraryPakFileMountedCallback: pending pak file info (ChunkID:-1 Root:root:/ File:C:/Program Files/Epic Games/UE_4.27/FeaturePacks/TP_VehicleAdv.upack)
[2022.04.27-15.53.31:130][  0]LogPakFile: OnPakFileMounted2Time == 0.000030
[2022.04.27-15.53.31:132][  0]LogPakFile: PakFile PrimaryIndexSize=188
[2022.04.27-15.53.31:132][  0]LogPakFile: PakFile PathHashIndexSize=101
[2022.04.27-15.53.31:132][  0]LogPakFile: PakFile FullDirectoryIndexSize=150
[2022.04.27-15.53.31:132][  0]LogShaderLibrary: Display: ShaderCodeLibraryPakFileMountedCallback: PakFile 'C:/Program Files/Epic Games/UE_4.27/FeaturePacks/TP_VehicleAdvBP.upack' (chunk index -1, root 'root:/') mounted
[2022.04.27-15.53.31:132][  0]LogShaderLibrary: Display: ShaderCodeLibraryPakFileMountedCallback: pending pak file info (ChunkID:-1 Root:root:/ File:C:/Program Files/Epic Games/UE_4.27/FeaturePacks/TP_VehicleAdvBP.upack)
[2022.04.27-15.53.31:132][  0]LogPakFile: OnPakFileMounted2Time == 0.000034
[2022.04.27-15.53.31:134][  0]LogPakFile: PakFile PrimaryIndexSize=185
[2022.04.27-15.53.31:134][  0]LogPakFile: PakFile PathHashIndexSize=101
[2022.04.27-15.53.31:134][  0]LogPakFile: PakFile FullDirectoryIndexSize=144
[2022.04.27-15.53.31:134][  0]LogShaderLibrary: Display: ShaderCodeLibraryPakFileMountedCallback: PakFile 'C:/Program Files/Epic Games/UE_4.27/FeaturePacks/TP_VehicleBP.upack' (chunk index -1, root 'root:/') mounted
[2022.04.27-15.53.31:134][  0]LogShaderLibrary: Display: ShaderCodeLibraryPakFileMountedCallback: pending pak file info (ChunkID:-1 Root:root:/ File:C:/Program Files/Epic Games/UE_4.27/FeaturePacks/TP_VehicleBP.upack)
[2022.04.27-15.53.31:134][  0]LogPakFile: OnPakFileMounted2Time == 0.000033
[2022.04.27-15.53.31:136][  0]LogPakFile: PakFile PrimaryIndexSize=192
[2022.04.27-15.53.31:136][  0]LogPakFile: PakFile PathHashIndexSize=101
[2022.04.27-15.53.31:136][  0]LogPakFile: PakFile FullDirectoryIndexSize=158
[2022.04.27-15.53.31:136][  0]LogShaderLibrary: Display: ShaderCodeLibraryPakFileMountedCallback: PakFile 'C:/Program Files/Epic Games/UE_4.27/FeaturePacks/TP_VirtualRealityBP.upack' (chunk index -1, root 'root:/') mounted
[2022.04.27-15.53.31:136][  0]LogShaderLibrary: Display: ShaderCodeLibraryPakFileMountedCallback: pending pak file info (ChunkID:-1 Root:root:/ File:C:/Program Files/Epic Games/UE_4.27/FeaturePacks/TP_VirtualRealityBP.upack)
[2022.04.27-15.53.31:136][  0]LogPakFile: OnPakFileMounted2Time == 0.000034
[2022.04.27-15.53.31:249][  0]LogNativeClassHierarchy: Verbose: Native class hierarchy updated for 'AddContentDialog' in 0.0003 seconds. Added 0 classes and 0 folders.
[2022.04.27-15.53.31:251][  0]LogNativeClassHierarchy: Verbose: Native class hierarchy updated for 'SceneOutliner' in 0.0003 seconds. Added 2 classes and 0 folders.
[2022.04.27-15.53.31:308][  0]LogSlate: Took 0.001035 seconds to synchronously load lazily loaded font '../../../Engine/Content/Slate/Fonts/Roboto-Regular.ttf' (155K)
[2022.04.27-15.53.31:309][  0]LogSlate: Took 0.000842 seconds to synchronously load lazily loaded font '../../../Engine/Content/Editor/Slate/Fonts/FontAwesome.ttf' (139K)
[2022.04.27-15.53.31:312][  0]LogSlate: Took 0.000718 seconds to synchronously load lazily loaded font '../../../Engine/Content/Slate/Fonts/Roboto-Bold.ttf' (160K)
[2022.04.27-15.53.31:432][  0]LogRenderer: Reallocating scene render targets to support 2172x804 Format 10 NumSamples 1 (Frame:1).
[2022.04.27-15.53.31:585][  0]LogNativeClassHierarchy: Verbose: Native class hierarchy updated for 'HierarchicalLODOutliner' in 0.0004 seconds. Added 0 classes and 0 folders.
[2022.04.27-15.53.31:585][  0]LogInput: Warning: Action ResetVR uses invalid key OculusGo_Left_Back_Click.
[2022.04.27-15.53.31:585][  0]LogInput: Warning: Action SetDestination uses invalid key OculusGo_Left_Trigger_Click.
[2022.04.27-15.53.31:585][  0]LogInput: Warning: Use -RemoveInvalidKeys to remove instances of these keys from the action mapping.
[2022.04.27-15.53.31:585][  0]LogLoad: (Engine Initialization) Total time: 12.63 seconds
[2022.04.27-15.53.31:585][  0]LogLoad: (Engine Initialization) Total Blueprint compile time: 0.00 seconds
[2022.04.27-15.53.31:664][  0]LogContentStreaming: Texture pool size now 1000 MB
[2022.04.27-15.53.31:700][  1]LogAssetRegistry: Asset discovery search completed in 7.4991 seconds
[2022.04.27-15.53.31:718][  1]LogCollectionManager: Fixed up redirectors for 0 collections in 0.000010 seconds (updated 0 objects)
